5/8/2025, 12:29:19 pm — [INFO] — Rutuja Dabhade-->GET--->products
5/8/2025, 12:29:19 pm — [INFO] — Rutuja Dabhade-->GET--->products
5/8/2025, 12:33:13 pm — [INFO] — Rutuja Dabhade-->GET--->products
5/8/2025, 12:33:13 pm — [INFO] — Rutuja Dabhade-->GET--->products
5/8/2025, 12:33:22 pm — [INFO] — Rutuja Dabhade-->GET--->customers
5/8/2025, 12:33:22 pm — [INFO] — Rutuja Dabhade-->GET--->customers
5/8/2025, 12:33:26 pm — [INFO] — Rutuja Dabhade-->GET--->products
5/8/2025, 12:33:26 pm — [INFO] — Rutuja Dabhade-->GET--->products
5/8/2025, 1:05:23 pm — [INFO] — Rutuja Dabhade-->GET--->products
5/8/2025, 1:05:23 pm — [INFO] — Rutuja Dabhade-->GET--->products
5/8/2025, 1:05:27 pm — [INFO] — Rutuja Dabhade-->GET--->customers
5/8/2025, 1:05:27 pm — [INFO] — Rutuja Dabhade-->GET--->customers
5/8/2025, 1:05:32 pm — [INFO] — Rutuja Dabhade-->GET--->customers
5/8/2025, 1:05:32 pm — [INFO] — Rutuja Dabhade-->GET--->customers
5/8/2025, 1:05:38 pm — [INFO] — Rutuja Dabhade-->GET--->entries
5/8/2025, 1:05:38 pm — [INFO] — Rutuja Dabhade-->GET--->entries
5/8/2025, 1:06:03 pm — [INFO] — Rutuja Dabhade-->GET--->entries
5/8/2025, 1:06:34 pm — [INFO] — Rutuja Dabhade-->GET--->entries
5/8/2025, 1:10:34 pm — [INFO] — Rutuja Dabhade-->GET--->entries
5/8/2025, 1:10:34 pm — [INFO] — Rutuja Dabhade-->GET--->entries
5/8/2025, 1:11:11 pm — [INFO] — Rutuja Dabhade-->GET--->entries
5/8/2025, 1:12:11 pm — [INFO] — Rutuja Dabhade-->GET--->payments
5/8/2025, 1:12:11 pm — [INFO] — Rutuja Dabhade-->GET--->payments
5/8/2025, 1:12:11 pm — [INFO] — Rutuja Dabhade-->GET--->milkrates
5/8/2025, 1:12:11 pm — [INFO] — Rutuja Dabhade-->GET--->entries
5/8/2025, 1:12:11 pm — [INFO] — Rutuja Dabhade-->GET--->milkrates
5/8/2025, 1:12:11 pm — [INFO] — Rutuja Dabhade-->GET--->entries
5/8/2025, 1:19:02 pm — [INFO] — Rutuja Dabhade-->GET--->payments
5/8/2025, 1:19:02 pm — [INFO] — Rutuja Dabhade-->GET--->payments
5/8/2025, 1:19:02 pm — [INFO] — Rutuja Dabhade-->GET--->entries
5/8/2025, 1:19:02 pm — [INFO] — Rutuja Dabhade-->GET--->milkrates
5/8/2025, 1:19:02 pm — [INFO] — Rutuja Dabhade-->GET--->entries
5/8/2025, 1:19:02 pm — [INFO] — Rutuja Dabhade-->GET--->milkrates
5/8/2025, 1:19:11 pm — [INFO] — Rutuja Dabhade-->GET--->payments
5/8/2025, 1:19:11 pm — [INFO] — Rutuja Dabhade-->GET--->payments
5/8/2025, 1:19:11 pm — [INFO] — Rutuja Dabhade-->GET--->entries
5/8/2025, 1:19:11 pm — [INFO] — Rutuja Dabhade-->GET--->milkrates
5/8/2025, 1:19:11 pm — [INFO] — Rutuja Dabhade-->GET--->entries
5/8/2025, 1:19:11 pm — [INFO] — Rutuja Dabhade-->GET--->milkrates
5/8/2025, 1:21:05 pm — [INFO] — Rutuja Dabhade-->GET--->payments
5/8/2025, 1:21:05 pm — [INFO] — Rutuja Dabhade-->GET--->payments
5/8/2025, 1:21:05 pm — [INFO] — Rutuja Dabhade-->GET--->entries
5/8/2025, 1:21:05 pm — [INFO] — Rutuja Dabhade-->GET--->milkrates
5/8/2025, 1:21:05 pm — [INFO] — Rutuja Dabhade-->GET--->entries
5/8/2025, 1:21:05 pm — [INFO] — Rutuja Dabhade-->GET--->milkrates
5/8/2025, 1:21:11 pm — [INFO] — Rutuja Dabhade-->GET--->customers
5/8/2025, 1:21:11 pm — [INFO] — Rutuja Dabhade-->GET--->customers
5/8/2025, 1:21:14 pm — [INFO] — Rutuja Dabhade-->GET--->payments
5/8/2025, 1:21:14 pm — [INFO] — Rutuja Dabhade-->GET--->payments
5/8/2025, 1:21:14 pm — [INFO] — Rutuja Dabhade-->GET--->entries
5/8/2025, 1:21:14 pm — [INFO] — Rutuja Dabhade-->GET--->milkrates
5/8/2025, 1:21:14 pm — [INFO] — Rutuja Dabhade-->GET--->entries
5/8/2025, 1:21:14 pm — [INFO] — Rutuja Dabhade-->GET--->milkrates
5/8/2025, 1:21:56 pm — [INFO] — Rutuja Dabhade-->GET--->customers
5/8/2025, 1:21:56 pm — [INFO] — Rutuja Dabhade-->GET--->customers
5/8/2025, 1:22:00 pm — [INFO] — Rutuja Dabhade-->GET--->payments
5/8/2025, 1:22:00 pm — [INFO] — Rutuja Dabhade-->GET--->payments
5/8/2025, 1:22:00 pm — [INFO] — Rutuja Dabhade-->GET--->entries
5/8/2025, 1:22:00 pm — [INFO] — Rutuja Dabhade-->GET--->milkrates
5/8/2025, 1:22:00 pm — [INFO] — Rutuja Dabhade-->GET--->entries
5/8/2025, 1:22:00 pm — [INFO] — Rutuja Dabhade-->GET--->milkrates
5/8/2025, 1:22:55 pm — [INFO] — Rutuja Dabhade-->GET--->products
5/8/2025, 1:22:55 pm — [INFO] — Rutuja Dabhade-->GET--->products
5/8/2025, 1:22:58 pm — [INFO] — Rutuja Dabhade-->GET--->payments
5/8/2025, 1:22:58 pm — [INFO] — Rutuja Dabhade-->GET--->payments
5/8/2025, 1:22:58 pm — [INFO] — Rutuja Dabhade-->GET--->entries
5/8/2025, 1:22:58 pm — [INFO] — Rutuja Dabhade-->GET--->milkrates
5/8/2025, 1:22:58 pm — [INFO] — Rutuja Dabhade-->GET--->entries
5/8/2025, 1:22:58 pm — [INFO] — Rutuja Dabhade-->GET--->milkrates
5/8/2025, 1:23:27 pm — [INFO] — Rutuja Dabhade-->GET--->payments
5/8/2025, 1:23:27 pm — [INFO] — Rutuja Dabhade-->GET--->payments
5/8/2025, 1:23:27 pm — [INFO] — Rutuja Dabhade-->GET--->entries
5/8/2025, 1:23:27 pm — [INFO] — Rutuja Dabhade-->GET--->milkrates
5/8/2025, 1:23:27 pm — [INFO] — Rutuja Dabhade-->GET--->entries
5/8/2025, 1:23:27 pm — [INFO] — Rutuja Dabhade-->GET--->milkrates
5/8/2025, 1:23:31 pm — [INFO] — Rutuja Dabhade-->GET--->products
5/8/2025, 1:23:31 pm — [INFO] — Rutuja Dabhade-->GET--->products
5/8/2025, 1:23:38 pm — [INFO] — Rutuja Dabhade-->GET--->payments
5/8/2025, 1:23:38 pm — [INFO] — Rutuja Dabhade-->GET--->payments
5/8/2025, 1:23:38 pm — [INFO] — Rutuja Dabhade-->GET--->entries
5/8/2025, 1:23:38 pm — [INFO] — Rutuja Dabhade-->GET--->milkrates
5/8/2025, 1:23:38 pm — [INFO] — Rutuja Dabhade-->GET--->entries
5/8/2025, 1:23:38 pm — [INFO] — Rutuja Dabhade-->GET--->milkrates
5/8/2025, 1:23:45 pm — [INFO] — Rutuja Dabhade-->GET--->payments
5/8/2025, 1:23:45 pm — [INFO] — Rutuja Dabhade-->GET--->payments
5/8/2025, 1:23:45 pm — [INFO] — Rutuja Dabhade-->GET--->entries
5/8/2025, 1:23:45 pm — [INFO] — Rutuja Dabhade-->GET--->milkrates
5/8/2025, 1:23:45 pm — [INFO] — Rutuja Dabhade-->GET--->entries
5/8/2025, 1:23:45 pm — [INFO] — Rutuja Dabhade-->GET--->milkrates
5/8/2025, 1:25:43 pm — [INFO] — Rutuja Dabhade-->GET--->bills
5/8/2025, 1:25:43 pm — [INFO] — Rutuja Dabhade-->GET--->bills
5/8/2025, 1:25:43 pm — [INFO] — Rutuja Dabhade-->GET--->entries
5/8/2025, 1:25:43 pm — [INFO] — Rutuja Dabhade-->GET--->milkrates
5/8/2025, 1:25:43 pm — [INFO] — Rutuja Dabhade-->GET--->entries
5/8/2025, 1:25:43 pm — [INFO] — Rutuja Dabhade-->GET--->milkrates
5/8/2025, 1:26:08 pm — [INFO] — Rutuja Dabhade-->GET--->bills
5/8/2025, 1:26:08 pm — [INFO] — Rutuja Dabhade-->GET--->entries
5/8/2025, 1:26:08 pm — [INFO] — Rutuja Dabhade-->GET--->milkrates
5/8/2025, 1:37:15 pm — [INFO] — Rutuja Dabhade-->GET--->bills
5/8/2025, 1:37:15 pm — [INFO] — Rutuja Dabhade-->GET--->bills
5/8/2025, 1:37:15 pm — [INFO] — Rutuja Dabhade-->GET--->entries
5/8/2025, 1:37:15 pm — [INFO] — Rutuja Dabhade-->GET--->milkrates
5/8/2025, 1:37:15 pm — [INFO] — Rutuja Dabhade-->GET--->entries
5/8/2025, 1:37:15 pm — [INFO] — Rutuja Dabhade-->GET--->milkrates
5/8/2025, 1:37:41 pm — [INFO] — Rutuja Dabhade-->GET--->bills
5/8/2025, 1:37:41 pm — [INFO] — Rutuja Dabhade-->GET--->entries
5/8/2025, 1:37:41 pm — [INFO] — Rutuja Dabhade-->GET--->milkrates
5/8/2025, 1:37:47 pm — [INFO] — Rutuja Dabhade-->GET--->products
5/8/2025, 1:37:47 pm — [INFO] — Rutuja Dabhade-->GET--->products
5/8/2025, 1:37:57 pm — [INFO] — Rutuja Dabhade-->GET--->customers
5/8/2025, 1:37:57 pm — [INFO] — Rutuja Dabhade-->GET--->customers
5/8/2025, 1:38:00 pm — [INFO] — Rutuja Dabhade-->GET--->products
5/8/2025, 1:38:00 pm — [INFO] — Rutuja Dabhade-->GET--->products
5/8/2025, 1:38:17 pm — [INFO] — Rutuja Dabhade-->GET--->customers
5/8/2025, 1:38:17 pm — [INFO] — Rutuja Dabhade-->GET--->customers
5/8/2025, 1:38:21 pm — [INFO] — Rutuja Dabhade-->GET--->entries
5/8/2025, 1:38:21 pm — [INFO] — Rutuja Dabhade-->GET--->entries
5/8/2025, 1:38:33 pm — [INFO] — Rutuja Dabhade-->GET--->entries
5/8/2025, 1:38:35 pm — [INFO] — Rutuja Dabhade-->GET--->entries
5/8/2025, 1:38:37 pm — [INFO] — Rutuja Dabhade-->GET--->entries
5/8/2025, 1:38:39 pm — [INFO] — Rutuja Dabhade-->GET--->entries
5/8/2025, 1:38:40 pm — [INFO] — Rutuja Dabhade-->GET--->entries
5/8/2025, 1:38:42 pm — [INFO] — Rutuja Dabhade-->GET--->entries
5/8/2025, 1:38:42 pm — [INFO] — Rutuja Dabhade-->GET--->entries
5/8/2025, 1:38:43 pm — [INFO] — Rutuja Dabhade-->GET--->entries
5/8/2025, 1:38:44 pm — [INFO] — Rutuja Dabhade-->GET--->entries
5/8/2025, 1:38:46 pm — [INFO] — Rutuja Dabhade-->GET--->entries
5/8/2025, 1:38:48 pm — [INFO] — Rutuja Dabhade-->GET--->entries
5/8/2025, 1:39:19 pm — [INFO] — Rutuja Dabhade-->GET--->entries
5/8/2025, 1:39:19 pm — [INFO] — Rutuja Dabhade-->GET--->entries
5/8/2025, 1:39:36 pm — [INFO] — Rutuja Dabhade-->GET--->entries
5/8/2025, 1:39:41 pm — [INFO] — Rutuja Dabhade-->GET--->entries
5/8/2025, 1:39:46 pm — [INFO] — Rutuja Dabhade-->GET--->entries
5/8/2025, 1:45:12 pm — [INFO] — Rutuja Dabhade-->GET--->products
5/8/2025, 1:45:12 pm — [INFO] — Rutuja Dabhade-->GET--->products
5/8/2025, 1:45:17 pm — [INFO] — Rutuja Dabhade-->GET--->customers
5/8/2025, 1:45:17 pm — [INFO] — Rutuja Dabhade-->GET--->customers
5/8/2025, 1:45:21 pm — [INFO] — Rutuja Dabhade-->GET--->entries
5/8/2025, 1:45:21 pm — [INFO] — Rutuja Dabhade-->GET--->entries
5/8/2025, 1:45:48 pm — [INFO] — Rutuja Dabhade-->GET--->entries
5/8/2025, 1:45:52 pm — [INFO] — Rutuja Dabhade-->GET--->entries
5/8/2025, 1:45:55 pm — [INFO] — Rutuja Dabhade-->GET--->entries
5/8/2025, 1:46:00 pm — [INFO] — Rutuja Dabhade-->GET--->entries
5/8/2025, 1:46:01 pm — [INFO] — Rutuja Dabhade-->GET--->entries
5/8/2025, 1:46:02 pm — [INFO] — Rutuja Dabhade-->GET--->entries
