16/7/2025, 12:00:16 am — [INFO] — Rutuja Dabhade-->GET--->entries
16/7/2025, 12:00:21 am — [INFO] — Rutuja Dabhade-->POST--->entries
16/7/2025, 12:00:21 am — [INFO] — Rutuja Dabhade-->GET--->entries
16/7/2025, 12:00:26 am — [INFO] — Rutuja Dabhade-->PUT--->entries
16/7/2025, 12:00:26 am — [INFO] — Rutuja Dabhade-->GET--->entries
16/7/2025, 12:04:52 am — [INFO] — Rutuja Dabhade-->GET--->customers
16/7/2025, 12:04:52 am — [INFO] — Rutuja Dabhade-->GET--->customers
16/7/2025, 12:04:54 am — [INFO] — Rutuja Dabhade-->GET--->entries
16/7/2025, 12:04:54 am — [INFO] — Rutuja Dabhade-->GET--->entries
16/7/2025, 12:05:00 am — [INFO] — Rutuja Dabhade-->PUT--->entries
16/7/2025, 12:05:00 am — [INFO] — Rutuja Dabhade-->GET--->entries
16/7/2025, 7:55:16 pm — [INFO] — Rutuja Dabhade-->GET--->payments
16/7/2025, 7:55:17 pm — [INFO] — Rutuja Dabhade-->GET--->entries
16/7/2025, 7:55:17 pm — [INFO] — Rutuja Dabhade-->GET--->payments
16/7/2025, 7:55:17 pm — [INFO] — Rutuja Dabhade-->GET--->entries
16/7/2025, 7:55:39 pm — [INFO] — Rutuja Dabhade-->GET--->entries
16/7/2025, 7:55:39 pm — [INFO] — Rutuja Dabhade-->GET--->entries
16/7/2025, 7:55:42 pm — [INFO] — Rutuja Dabhade-->GET--->entries
16/7/2025, 7:55:48 pm — [INFO] — Rutuja Dabhade-->GET--->entries
16/7/2025, 7:55:51 pm — [INFO] — Rutuja Dabhade-->GET--->payments
16/7/2025, 7:55:51 pm — [INFO] — Rutuja Dabhade-->GET--->entries
16/7/2025, 7:55:51 pm — [INFO] — Rutuja Dabhade-->GET--->payments
16/7/2025, 7:55:51 pm — [INFO] — Rutuja Dabhade-->GET--->entries
16/7/2025, 7:56:00 pm — [INFO] — Rutuja Dabhade-->PUT--->payments
16/7/2025, 8:00:56 pm — [INFO] — Rutuja Dabhade-->GET--->payments
16/7/2025, 8:00:56 pm — [INFO] — Rutuja Dabhade-->GET--->entries
16/7/2025, 8:00:56 pm — [INFO] — Rutuja Dabhade-->GET--->entries
16/7/2025, 8:00:56 pm — [INFO] — Rutuja Dabhade-->GET--->payments
16/7/2025, 8:01:31 pm — [INFO] — Rutuja Dabhade-->PUT--->payments
16/7/2025, 8:03:24 pm — [INFO] — Rutuja Dabhade-->GET--->payments
16/7/2025, 8:03:24 pm — [INFO] — Rutuja Dabhade-->GET--->entries
16/7/2025, 8:03:24 pm — [INFO] — Rutuja Dabhade-->GET--->entries
16/7/2025, 8:03:24 pm — [INFO] — Rutuja Dabhade-->GET--->payments
16/7/2025, 8:03:34 pm — [INFO] — Rutuja Dabhade-->PUT--->payments
16/7/2025, 8:09:17 pm — [INFO] — Rutuja Dabhade-->GET--->payments
16/7/2025, 8:09:17 pm — [INFO] — Rutuja Dabhade-->GET--->entries
16/7/2025, 8:09:17 pm — [INFO] — Rutuja Dabhade-->GET--->entries
16/7/2025, 8:09:17 pm — [INFO] — Rutuja Dabhade-->GET--->payments
16/7/2025, 8:09:38 pm — [INFO] — Rutuja Dabhade-->GET--->payments
16/7/2025, 8:09:38 pm — [INFO] — Rutuja Dabhade-->GET--->entries
16/7/2025, 8:09:39 pm — [INFO] — Rutuja Dabhade-->GET--->payments
16/7/2025, 8:09:39 pm — [INFO] — Rutuja Dabhade-->GET--->entries
16/7/2025, 8:09:49 pm — [INFO] — Rutuja Dabhade-->PUT--->payments
16/7/2025, 8:12:05 pm — [INFO] — Rutuja Dabhade-->GET--->payments
16/7/2025, 8:12:05 pm — [INFO] — Rutuja Dabhade-->GET--->entries
16/7/2025, 8:12:05 pm — [INFO] — Rutuja Dabhade-->GET--->entries
16/7/2025, 8:12:05 pm — [INFO] — Rutuja Dabhade-->GET--->payments
16/7/2025, 8:12:15 pm — [INFO] — Rutuja Dabhade-->PUT--->payments
16/7/2025, 8:24:13 pm — [INFO] — Rutuja Dabhade-->GET--->payments
16/7/2025, 8:24:13 pm — [INFO] — Rutuja Dabhade-->GET--->entries
16/7/2025, 8:24:13 pm — [INFO] — Rutuja Dabhade-->GET--->entries
16/7/2025, 8:24:13 pm — [INFO] — Rutuja Dabhade-->GET--->payments
16/7/2025, 8:24:24 pm — [INFO] — Rutuja Dabhade-->PUT--->payments
16/7/2025, 8:28:02 pm — [INFO] — Rutuja Dabhade-->GET--->payments
16/7/2025, 8:28:02 pm — [INFO] — Rutuja Dabhade-->GET--->entries
16/7/2025, 8:28:02 pm — [INFO] — Rutuja Dabhade-->GET--->payments
16/7/2025, 8:28:02 pm — [INFO] — Rutuja Dabhade-->GET--->entries
16/7/2025, 8:28:14 pm — [INFO] — Rutuja Dabhade-->PUT--->payments
16/7/2025, 9:26:16 pm — [INFO] — Rutuja Dabhade-->GET--->payments
16/7/2025, 9:26:16 pm — [INFO] — Rutuja Dabhade-->GET--->entries
16/7/2025, 9:26:16 pm — [INFO] — Rutuja Dabhade-->GET--->payments
16/7/2025, 9:26:17 pm — [INFO] — Rutuja Dabhade-->GET--->entries
