19/7/2025, 3:07:11 pm — [INFO] — Rutuja Dabhade-->GET--->payments
19/7/2025, 3:07:12 pm — [INFO] — Rutuja Dabhade-->GET--->payments
19/7/2025, 3:07:17 pm — [INFO] — Rutuja Dabhade-->GET--->payments
19/7/2025, 3:07:26 pm — [INFO] — Rutuja Dabhade-->GET--->payments
19/7/2025, 3:12:33 pm — [INFO] — Rutuja Dabhade-->GET--->payments
19/7/2025, 3:17:26 pm — [INFO] — Rutuja Dabhade-->GET--->entries
19/7/2025, 3:17:41 pm — [INFO] — Rutuja Dabhade-->GET--->entries
19/7/2025, 3:17:42 pm — [INFO] — Rutuja Dabhade-->GET--->entries
19/7/2025, 3:17:59 pm — [INFO] — Rutuja Dabhade-->GET--->entries
19/7/2025, 3:18:03 pm — [INFO] — Rutuja Dabhade-->GET--->entries
19/7/2025, 3:18:06 pm — [INFO] — Rutuja Dabhade-->GET--->entries
19/7/2025, 3:23:48 pm — [INFO] — Rutuja Dabhade-->GET--->entries
19/7/2025, 3:23:49 pm — [INFO] — Rutuja Dabhade-->GET--->entries
19/7/2025, 3:23:55 pm — [INFO] — Rutuja Dabhade-->GET--->entries
19/7/2025, 3:23:55 pm — [INFO] — Rutuja Dabhade-->GET--->entries
19/7/2025, 3:23:56 pm — [INFO] — Rutuja Dabhade-->GET--->entries
19/7/2025, 3:23:56 pm — [INFO] — Rutuja Dabhade-->GET--->entries
19/7/2025, 3:28:15 pm — [INFO] — Rutuja Dabhade-->GET--->payments
19/7/2025, 3:28:15 pm — [INFO] — Rutuja Dabhade-->GET--->payments
19/7/2025, 3:28:15 pm — [INFO] — Rutuja Dabhade-->GET--->entries
19/7/2025, 3:28:16 pm — [INFO] — Rutuja Dabhade-->GET--->entries
19/7/2025, 3:30:42 pm — [INFO] — Rutuja Dabhade-->GET--->payments
19/7/2025, 3:30:42 pm — [INFO] — Rutuja Dabhade-->GET--->payments
19/7/2025, 3:30:43 pm — [INFO] — Rutuja Dabhade-->GET--->entries
19/7/2025, 3:30:43 pm — [INFO] — Rutuja Dabhade-->GET--->entries
19/7/2025, 3:32:51 pm — [INFO] — Rutuja Dabhade-->GET--->payments
19/7/2025, 3:32:51 pm — [INFO] — Rutuja Dabhade-->GET--->payments
19/7/2025, 3:32:51 pm — [INFO] — Rutuja Dabhade-->GET--->entries
19/7/2025, 3:32:51 pm — [INFO] — Rutuja Dabhade-->GET--->entries
19/7/2025, 3:33:02 pm — [INFO] — Rutuja Dabhade-->POST--->payments
19/7/2025, 3:33:02 pm — [ERROR] — guest encountered error during POST /payments — PaymentService.addPayment is not a function
19/7/2025, 3:37:06 pm — [INFO] — Rutuja Dabhade-->GET--->payments
19/7/2025, 3:37:06 pm — [INFO] — Rutuja Dabhade-->GET--->payments
19/7/2025, 3:37:06 pm — [INFO] — Rutuja Dabhade-->GET--->entries
19/7/2025, 3:37:07 pm — [INFO] — Rutuja Dabhade-->GET--->entries
19/7/2025, 3:37:15 pm — [INFO] — Rutuja Dabhade-->POST--->payments
19/7/2025, 3:37:15 pm — [ERROR] — guest encountered error during POST /payments — PaymentService.addPayment is not a function
19/7/2025, 3:47:39 pm — [INFO] — Rutuja Dabhade-->GET--->payments
19/7/2025, 3:47:40 pm — [INFO] — Rutuja Dabhade-->GET--->payments
19/7/2025, 3:47:40 pm — [INFO] — Rutuja Dabhade-->GET--->entries
19/7/2025, 3:47:40 pm — [INFO] — Rutuja Dabhade-->GET--->entries
19/7/2025, 3:47:49 pm — [INFO] — Rutuja Dabhade-->POST--->payments
19/7/2025, 3:47:49 pm — [INFO] — Rutuja Dabhade-->GET--->payments
19/7/2025, 3:47:49 pm — [INFO] — Rutuja Dabhade-->GET--->entries
19/7/2025, 3:50:03 pm — [INFO] — Rutuja Dabhade-->GET--->payments
19/7/2025, 3:50:03 pm — [INFO] — Rutuja Dabhade-->GET--->payments
19/7/2025, 3:50:03 pm — [INFO] — Rutuja Dabhade-->GET--->entries
19/7/2025, 3:50:04 pm — [INFO] — Rutuja Dabhade-->GET--->entries
19/7/2025, 6:13:30 pm — [INFO] — Rutuja Dabhade-->GET--->payments
19/7/2025, 6:13:30 pm — [INFO] — Rutuja Dabhade-->GET--->payments
19/7/2025, 6:13:30 pm — [INFO] — Rutuja Dabhade-->GET--->entries
19/7/2025, 6:13:31 pm — [INFO] — Rutuja Dabhade-->GET--->entries
19/7/2025, 6:14:34 pm — [INFO] — Rutuja Dabhade-->POST--->payments
19/7/2025, 6:14:34 pm — [INFO] — Rutuja Dabhade-->GET--->payments
19/7/2025, 6:14:34 pm — [INFO] — Rutuja Dabhade-->GET--->entries
19/7/2025, 6:27:14 pm — [INFO] — Rutuja Dabhade-->GET--->payments
19/7/2025, 6:27:14 pm — [INFO] — Rutuja Dabhade-->GET--->payments
19/7/2025, 6:27:14 pm — [INFO] — Rutuja Dabhade-->GET--->entries
19/7/2025, 6:27:15 pm — [INFO] — Rutuja Dabhade-->GET--->entries
19/7/2025, 6:27:21 pm — [INFO] — Rutuja Dabhade-->GET--->entries
19/7/2025, 6:27:21 pm — [INFO] — Rutuja Dabhade-->GET--->entries
19/7/2025, 6:27:28 pm — [INFO] — Rutuja Dabhade-->GET--->entries
19/7/2025, 6:27:30 pm — [INFO] — Rutuja Dabhade-->GET--->entries
19/7/2025, 6:27:37 pm — [INFO] — Rutuja Dabhade-->GET--->entries
19/7/2025, 6:27:38 pm — [INFO] — Rutuja Dabhade-->GET--->entries
19/7/2025, 6:27:43 pm — [INFO] — Rutuja Dabhade-->GET--->entries
19/7/2025, 6:27:49 pm — [INFO] — Rutuja Dabhade-->GET--->entries
19/7/2025, 6:27:50 pm — [INFO] — Rutuja Dabhade-->GET--->entries
19/7/2025, 6:29:08 pm — [INFO] — Rutuja Dabhade-->GET--->entries
19/7/2025, 6:29:21 pm — [INFO] — Rutuja Dabhade-->GET--->entries
19/7/2025, 6:29:25 pm — [INFO] — Rutuja Dabhade-->GET--->payments
19/7/2025, 6:29:25 pm — [INFO] — Rutuja Dabhade-->GET--->payments
19/7/2025, 6:29:25 pm — [INFO] — Rutuja Dabhade-->GET--->entries
19/7/2025, 6:29:25 pm — [INFO] — Rutuja Dabhade-->GET--->entries
19/7/2025, 6:29:29 pm — [INFO] — Rutuja Dabhade-->GET--->payments
19/7/2025, 6:29:30 pm — [INFO] — Rutuja Dabhade-->GET--->entries
19/7/2025, 6:29:34 pm — [INFO] — Rutuja Dabhade-->GET--->payments
19/7/2025, 6:29:34 pm — [INFO] — Rutuja Dabhade-->GET--->entries
19/7/2025, 6:37:38 pm — [INFO] — Rutuja Dabhade-->GET--->payments
19/7/2025, 6:37:38 pm — [INFO] — Rutuja Dabhade-->GET--->payments
19/7/2025, 6:37:38 pm — [INFO] — Rutuja Dabhade-->GET--->entries
19/7/2025, 6:37:38 pm — [INFO] — Rutuja Dabhade-->GET--->entries
19/7/2025, 6:38:20 pm — [INFO] — Rutuja Dabhade-->GET--->payments
19/7/2025, 6:38:20 pm — [INFO] — Rutuja Dabhade-->GET--->payments
19/7/2025, 6:38:20 pm — [INFO] — Rutuja Dabhade-->GET--->entries
19/7/2025, 6:38:21 pm — [INFO] — Rutuja Dabhade-->GET--->entries
19/7/2025, 6:40:12 pm — [INFO] — Rutuja Dabhade-->GET--->payments
19/7/2025, 6:40:12 pm — [INFO] — Rutuja Dabhade-->GET--->payments
19/7/2025, 6:40:12 pm — [INFO] — Rutuja Dabhade-->GET--->entries
19/7/2025, 6:40:12 pm — [INFO] — Rutuja Dabhade-->GET--->entries
19/7/2025, 6:40:20 pm — [INFO] — Rutuja Dabhade-->POST--->payments
19/7/2025, 6:40:20 pm — [INFO] — Rutuja Dabhade-->GET--->payments
19/7/2025, 6:40:21 pm — [INFO] — Rutuja Dabhade-->GET--->entries
19/7/2025, 6:40:47 pm — [INFO] — Rutuja Dabhade-->PUT--->payments
19/7/2025, 6:40:47 pm — [INFO] — Rutuja Dabhade-->GET--->payments
19/7/2025, 6:40:47 pm — [INFO] — Rutuja Dabhade-->GET--->entries
19/7/2025, 6:48:08 pm — [INFO] — Rutuja Dabhade-->GET--->payments
19/7/2025, 6:48:09 pm — [INFO] — Rutuja Dabhade-->GET--->entries
19/7/2025, 6:48:33 pm — [INFO] — Rutuja Dabhade-->GET--->payments
19/7/2025, 6:48:33 pm — [INFO] — Rutuja Dabhade-->GET--->payments
19/7/2025, 6:48:33 pm — [INFO] — Rutuja Dabhade-->GET--->entries
19/7/2025, 6:48:34 pm — [INFO] — Rutuja Dabhade-->GET--->entries
19/7/2025, 6:48:54 pm — [INFO] — Rutuja Dabhade-->POST--->payments
19/7/2025, 6:48:55 pm — [INFO] — Rutuja Dabhade-->GET--->payments
19/7/2025, 6:48:55 pm — [INFO] — Rutuja Dabhade-->GET--->entries
19/7/2025, 6:49:07 pm — [INFO] — Rutuja Dabhade-->PUT--->payments
19/7/2025, 6:49:07 pm — [INFO] — Rutuja Dabhade-->GET--->payments
19/7/2025, 6:49:08 pm — [INFO] — Rutuja Dabhade-->GET--->entries
19/7/2025, 6:52:16 pm — [INFO] — Rutuja Dabhade-->GET--->payments
19/7/2025, 6:52:16 pm — [INFO] — Rutuja Dabhade-->GET--->payments
19/7/2025, 6:52:16 pm — [INFO] — Rutuja Dabhade-->GET--->entries
19/7/2025, 6:52:16 pm — [INFO] — Rutuja Dabhade-->GET--->entries
19/7/2025, 6:52:25 pm — [INFO] — Rutuja Dabhade-->POST--->payments
19/7/2025, 6:52:25 pm — [INFO] — Rutuja Dabhade-->GET--->payments
19/7/2025, 6:52:25 pm — [INFO] — Rutuja Dabhade-->GET--->entries
19/7/2025, 6:52:42 pm — [INFO] — Rutuja Dabhade-->GET--->payments
19/7/2025, 6:52:42 pm — [INFO] — Rutuja Dabhade-->GET--->payments
19/7/2025, 6:52:42 pm — [INFO] — Rutuja Dabhade-->GET--->entries
19/7/2025, 6:52:43 pm — [INFO] — Rutuja Dabhade-->GET--->entries
19/7/2025, 6:52:54 pm — [INFO] — Rutuja Dabhade-->PUT--->payments
19/7/2025, 6:52:54 pm — [INFO] — Rutuja Dabhade-->GET--->payments
19/7/2025, 6:52:54 pm — [INFO] — Rutuja Dabhade-->GET--->entries
19/7/2025, 6:53:04 pm — [INFO] — Rutuja Dabhade-->PUT--->payments
19/7/2025, 6:53:04 pm — [INFO] — Rutuja Dabhade-->GET--->payments
19/7/2025, 6:53:05 pm — [INFO] — Rutuja Dabhade-->GET--->entries
19/7/2025, 6:53:15 pm — [INFO] — Rutuja Dabhade-->POST--->payments
19/7/2025, 6:53:15 pm — [INFO] — Rutuja Dabhade-->GET--->payments
19/7/2025, 6:53:15 pm — [INFO] — Rutuja Dabhade-->GET--->entries
19/7/2025, 6:53:28 pm — [INFO] — Rutuja Dabhade-->GET--->payments
19/7/2025, 6:53:28 pm — [INFO] — Rutuja Dabhade-->GET--->payments
19/7/2025, 6:53:28 pm — [INFO] — Rutuja Dabhade-->GET--->entries
19/7/2025, 6:53:29 pm — [INFO] — Rutuja Dabhade-->GET--->entries
19/7/2025, 6:56:26 pm — [INFO] — Rutuja Dabhade-->GET--->payments
19/7/2025, 6:56:27 pm — [INFO] — Rutuja Dabhade-->GET--->payments
19/7/2025, 6:56:27 pm — [INFO] — Rutuja Dabhade-->GET--->entries
19/7/2025, 6:56:27 pm — [INFO] — Rutuja Dabhade-->GET--->entries
19/7/2025, 6:56:36 pm — [INFO] — Rutuja Dabhade-->PUT--->payments
19/7/2025, 6:56:37 pm — [INFO] — Rutuja Dabhade-->GET--->payments
19/7/2025, 6:56:37 pm — [INFO] — Rutuja Dabhade-->GET--->entries
19/7/2025, 6:56:46 pm — [INFO] — Rutuja Dabhade-->POST--->payments
19/7/2025, 6:56:46 pm — [INFO] — Rutuja Dabhade-->GET--->payments
19/7/2025, 6:56:46 pm — [INFO] — Rutuja Dabhade-->GET--->entries
19/7/2025, 6:56:55 pm — [INFO] — Rutuja Dabhade-->PUT--->payments
19/7/2025, 6:56:55 pm — [INFO] — Rutuja Dabhade-->GET--->payments
19/7/2025, 6:56:55 pm — [INFO] — Rutuja Dabhade-->GET--->entries
19/7/2025, 7:00:13 pm — [INFO] — Rutuja Dabhade-->GET--->payments
19/7/2025, 7:00:14 pm — [INFO] — Rutuja Dabhade-->GET--->entries
19/7/2025, 7:00:21 pm — [INFO] — Rutuja Dabhade-->GET--->payments
19/7/2025, 7:00:22 pm — [INFO] — Rutuja Dabhade-->GET--->payments
19/7/2025, 7:00:22 pm — [INFO] — Rutuja Dabhade-->GET--->entries
19/7/2025, 7:00:22 pm — [INFO] — Rutuja Dabhade-->GET--->entries
19/7/2025, 7:00:28 pm — [INFO] — Rutuja Dabhade-->PUT--->payments
19/7/2025, 7:00:29 pm — [INFO] — Rutuja Dabhade-->GET--->payments
19/7/2025, 7:00:29 pm — [INFO] — Rutuja Dabhade-->GET--->entries
19/7/2025, 7:00:42 pm — [INFO] — Rutuja Dabhade-->POST--->payments
19/7/2025, 7:00:42 pm — [INFO] — Rutuja Dabhade-->GET--->payments
19/7/2025, 7:00:42 pm — [INFO] — Rutuja Dabhade-->GET--->entries
19/7/2025, 7:01:53 pm — [INFO] — Rutuja Dabhade-->GET--->payments
19/7/2025, 7:01:53 pm — [INFO] — Rutuja Dabhade-->GET--->payments
19/7/2025, 7:01:53 pm — [INFO] — Rutuja Dabhade-->GET--->entries
19/7/2025, 7:01:54 pm — [INFO] — Rutuja Dabhade-->GET--->entries
19/7/2025, 7:02:01 pm — [INFO] — Rutuja Dabhade-->POST--->payments
19/7/2025, 7:02:01 pm — [INFO] — Rutuja Dabhade-->GET--->payments
19/7/2025, 7:02:01 pm — [INFO] — Rutuja Dabhade-->GET--->entries
19/7/2025, 7:02:11 pm — [INFO] — Rutuja Dabhade-->GET--->payments
19/7/2025, 7:02:11 pm — [INFO] — Rutuja Dabhade-->GET--->payments
19/7/2025, 7:02:11 pm — [INFO] — Rutuja Dabhade-->GET--->entries
19/7/2025, 7:02:11 pm — [INFO] — Rutuja Dabhade-->GET--->entries
19/7/2025, 7:07:37 pm — [INFO] — Rutuja Dabhade-->GET--->payments
19/7/2025, 7:07:37 pm — [INFO] — Rutuja Dabhade-->GET--->payments
19/7/2025, 7:07:37 pm — [INFO] — Rutuja Dabhade-->GET--->entries
19/7/2025, 7:07:38 pm — [INFO] — Rutuja Dabhade-->GET--->entries
19/7/2025, 7:07:46 pm — [INFO] — Rutuja Dabhade-->POST--->payments
19/7/2025, 7:07:46 pm — [INFO] — Rutuja Dabhade-->GET--->payments
19/7/2025, 7:07:46 pm — [INFO] — Rutuja Dabhade-->GET--->entries
19/7/2025, 7:12:13 pm — [INFO] — Rutuja Dabhade-->GET--->payments
19/7/2025, 7:12:14 pm — [INFO] — Rutuja Dabhade-->GET--->entries
19/7/2025, 7:15:01 pm — [INFO] — Rutuja Dabhade-->GET--->payments
19/7/2025, 7:15:02 pm — [INFO] — Rutuja Dabhade-->GET--->payments
19/7/2025, 7:15:02 pm — [INFO] — Rutuja Dabhade-->GET--->entries
19/7/2025, 7:15:03 pm — [INFO] — Rutuja Dabhade-->GET--->entries
19/7/2025, 7:16:07 pm — [INFO] — Rutuja Dabhade-->PUT--->payments
19/7/2025, 7:16:07 pm — [INFO] — Rutuja Dabhade-->GET--->payments
19/7/2025, 7:16:08 pm — [INFO] — Rutuja Dabhade-->GET--->entries
19/7/2025, 7:17:38 pm — [INFO] — Rutuja Dabhade-->GET--->payments
19/7/2025, 7:17:40 pm — [INFO] — Rutuja Dabhade-->GET--->entries
19/7/2025, 7:18:10 pm — [INFO] — Rutuja Dabhade-->GET--->payments
19/7/2025, 7:18:10 pm — [INFO] — Rutuja Dabhade-->GET--->payments
19/7/2025, 7:18:11 pm — [INFO] — Rutuja Dabhade-->GET--->entries
19/7/2025, 7:18:12 pm — [INFO] — Rutuja Dabhade-->GET--->entries
19/7/2025, 7:19:58 pm — [INFO] — Rutuja Dabhade-->POST--->payments
19/7/2025, 7:19:58 pm — [INFO] — Rutuja Dabhade-->GET--->payments
19/7/2025, 7:19:59 pm — [INFO] — Rutuja Dabhade-->GET--->entries
19/7/2025, 7:20:06 pm — [INFO] — Rutuja Dabhade-->DELETE--->payments
19/7/2025, 7:20:06 pm — [INFO] — Rutuja Dabhade-->GET--->payments
19/7/2025, 7:20:08 pm — [INFO] — Rutuja Dabhade-->GET--->entries
19/7/2025, 7:21:05 pm — [INFO] — Rutuja Dabhade-->GET--->entries
19/7/2025, 7:21:11 pm — [INFO] — Rutuja Dabhade-->GET--->entries
19/7/2025, 7:21:43 pm — [INFO] — Rutuja Dabhade-->GET--->entries
19/7/2025, 7:21:45 pm — [INFO] — Rutuja Dabhade-->GET--->entries
19/7/2025, 7:21:54 pm — [INFO] — Rutuja Dabhade-->GET--->customers
19/7/2025, 7:21:54 pm — [INFO] — Rutuja Dabhade-->GET--->customers
19/7/2025, 7:22:02 pm — [INFO] — Rutuja Dabhade-->GET--->products
19/7/2025, 7:22:02 pm — [INFO] — Rutuja Dabhade-->GET--->products
19/7/2025, 7:22:28 pm — [INFO] — Rutuja Dabhade-->GET--->enquiries
19/7/2025, 7:22:29 pm — [INFO] — Rutuja Dabhade-->GET--->enquiries
19/7/2025, 7:22:29 pm — [INFO] — Rutuja Dabhade-->GET--->products
19/7/2025, 7:22:29 pm — [INFO] — Rutuja Dabhade-->GET--->products
19/7/2025, 7:22:30 pm — [INFO] — Rutuja Dabhade-->GET--->products
19/7/2025, 7:22:31 pm — [INFO] — Rutuja Dabhade-->GET--->products
19/7/2025, 7:22:33 pm — [INFO] — Rutuja Dabhade-->GET--->entries
19/7/2025, 7:22:34 pm — [INFO] — Rutuja Dabhade-->GET--->entries
19/7/2025, 7:22:34 pm — [INFO] — Rutuja Dabhade-->GET--->payments
19/7/2025, 7:22:34 pm — [INFO] — Rutuja Dabhade-->GET--->payments
19/7/2025, 7:22:35 pm — [INFO] — Rutuja Dabhade-->GET--->entries
19/7/2025, 7:22:36 pm — [INFO] — Rutuja Dabhade-->GET--->entries
19/7/2025, 7:28:41 pm — [INFO] — Rutuja Dabhade-->GET--->entries
19/7/2025, 7:28:42 pm — [INFO] — Rutuja Dabhade-->GET--->entries
19/7/2025, 7:28:55 pm — [INFO] — Rutuja Dabhade-->POST--->entries
19/7/2025, 7:28:55 pm — [INFO] — Rutuja Dabhade-->GET--->entries
19/7/2025, 7:29:29 pm — [INFO] — Rutuja Dabhade-->POST--->entries
19/7/2025, 7:29:29 pm — [INFO] — Rutuja Dabhade-->GET--->entries
19/7/2025, 7:29:58 pm — [INFO] — Rutuja Dabhade-->PUT--->entries
19/7/2025, 7:30:21 pm — [INFO] — Rutuja Dabhade-->GET--->entries
19/7/2025, 7:30:22 pm — [INFO] — Rutuja Dabhade-->GET--->entries
19/7/2025, 7:53:41 pm — [INFO] — Rutuja Dabhade-->GET--->entries
19/7/2025, 7:54:14 pm — [INFO] — Rutuja Dabhade-->GET--->entries
19/7/2025, 7:54:15 pm — [INFO] — Rutuja Dabhade-->GET--->entries
19/7/2025, 7:54:18 pm — [INFO] — Rutuja Dabhade-->PUT--->entries
19/7/2025, 7:54:18 pm — [INFO] — Rutuja Dabhade-->GET--->entries
19/7/2025, 7:57:36 pm — [INFO] — Rutuja Dabhade-->GET--->customers
19/7/2025, 7:57:36 pm — [INFO] — Rutuja Dabhade-->GET--->customers
19/7/2025, 7:57:41 pm — [INFO] — Rutuja Dabhade-->GET--->entries
19/7/2025, 7:57:41 pm — [INFO] — Rutuja Dabhade-->GET--->entries
19/7/2025, 7:57:44 pm — [INFO] — Rutuja Dabhade-->PUT--->entries
19/7/2025, 7:57:45 pm — [INFO] — Rutuja Dabhade-->GET--->entries
19/7/2025, 7:57:57 pm — [INFO] — Rutuja Dabhade-->POST--->entries
19/7/2025, 7:57:57 pm — [INFO] — Rutuja Dabhade-->GET--->entries
19/7/2025, 7:58:07 pm — [INFO] — Rutuja Dabhade-->PUT--->entries
19/7/2025, 7:58:22 pm — [INFO] — Rutuja Dabhade-->PUT--->entries
19/7/2025, 7:58:22 pm — [INFO] — Rutuja Dabhade-->GET--->entries
19/7/2025, 7:58:27 pm — [INFO] — Rutuja Dabhade-->PUT--->entries
19/7/2025, 7:58:28 pm — [INFO] — Rutuja Dabhade-->GET--->entries
19/7/2025, 7:58:38 pm — [INFO] — Rutuja Dabhade-->PUT--->entries
19/7/2025, 8:02:39 pm — [INFO] — Rutuja Dabhade-->GET--->entries
19/7/2025, 8:02:40 pm — [INFO] — Rutuja Dabhade-->GET--->entries
19/7/2025, 8:04:21 pm — [INFO] — Rutuja Dabhade-->GET--->payments
19/7/2025, 8:04:22 pm — [INFO] — Rutuja Dabhade-->GET--->payments
19/7/2025, 8:04:22 pm — [INFO] — Rutuja Dabhade-->GET--->entries
19/7/2025, 8:04:24 pm — [INFO] — Rutuja Dabhade-->GET--->entries
19/7/2025, 8:04:25 pm — [INFO] — Rutuja Dabhade-->GET--->entries
19/7/2025, 8:04:26 pm — [INFO] — Rutuja Dabhade-->GET--->entries
19/7/2025, 8:04:38 pm — [INFO] — Rutuja Dabhade-->PUT--->entries
19/7/2025, 8:04:44 pm — [INFO] — Rutuja Dabhade-->PUT--->entries
19/7/2025, 8:04:44 pm — [INFO] — Rutuja Dabhade-->GET--->entries
19/7/2025, 8:04:52 pm — [INFO] — Rutuja Dabhade-->PUT--->entries
19/7/2025, 8:04:52 pm — [INFO] — Rutuja Dabhade-->GET--->entries
19/7/2025, 8:05:41 pm — [INFO] — Rutuja Dabhade-->GET--->entries
19/7/2025, 8:05:42 pm — [INFO] — Rutuja Dabhade-->GET--->entries
19/7/2025, 8:05:47 pm — [INFO] — Rutuja Dabhade-->PUT--->entries
19/7/2025, 8:05:48 pm — [INFO] — Rutuja Dabhade-->GET--->entries
19/7/2025, 8:06:00 pm — [INFO] — Rutuja Dabhade-->PUT--->entries
19/7/2025, 8:06:15 pm — [INFO] — Rutuja Dabhade-->POST--->entries
19/7/2025, 8:06:15 pm — [INFO] — Rutuja Dabhade-->GET--->entries
19/7/2025, 8:20:03 pm — [INFO] — Rutuja Dabhade-->GET--->entries
19/7/2025, 8:20:05 pm — [INFO] — Rutuja Dabhade-->GET--->entries
19/7/2025, 8:20:16 pm — [INFO] — Rutuja Dabhade-->POST--->entries
19/7/2025, 8:20:17 pm — [INFO] — Rutuja Dabhade-->GET--->entries
19/7/2025, 8:23:48 pm — [INFO] — Rutuja Dabhade-->GET--->entries
19/7/2025, 8:23:57 pm — [INFO] — Rutuja Dabhade-->GET--->entries
19/7/2025, 8:23:59 pm — [INFO] — Rutuja Dabhade-->GET--->entries
19/7/2025, 8:25:08 pm — [INFO] — Rutuja Dabhade-->GET--->customers
19/7/2025, 8:25:08 pm — [INFO] — Rutuja Dabhade-->GET--->customers
19/7/2025, 8:25:09 pm — [INFO] — Rutuja Dabhade-->GET--->entries
19/7/2025, 8:25:10 pm — [INFO] — Rutuja Dabhade-->GET--->entries
19/7/2025, 8:25:18 pm — [INFO] — Rutuja Dabhade-->POST--->entries
19/7/2025, 8:25:19 pm — [INFO] — Rutuja Dabhade-->GET--->entries
19/7/2025, 9:40:23 pm — [INFO] — Rutuja Dabhade-->GET--->payments
19/7/2025, 9:40:24 pm — [INFO] — Rutuja Dabhade-->GET--->payments
19/7/2025, 9:40:25 pm — [INFO] — Rutuja Dabhade-->GET--->entries
19/7/2025, 9:40:25 pm — [INFO] — Rutuja Dabhade-->GET--->entries
19/7/2025, 9:40:50 pm — [INFO] — Rutuja Dabhade-->GET--->payments
19/7/2025, 9:40:50 pm — [INFO] — Rutuja Dabhade-->GET--->payments
19/7/2025, 9:40:50 pm — [INFO] — Rutuja Dabhade-->GET--->entries
19/7/2025, 9:40:51 pm — [INFO] — Rutuja Dabhade-->GET--->entries
19/7/2025, 10:05:36 pm — [INFO] — Rutuja Dabhade-->GET--->payments
19/7/2025, 10:05:37 pm — [INFO] — Rutuja Dabhade-->GET--->payments
19/7/2025, 10:05:37 pm — [INFO] — Rutuja Dabhade-->GET--->entries
19/7/2025, 10:05:39 pm — [INFO] — Rutuja Dabhade-->GET--->entries
19/7/2025, 10:05:42 pm — [INFO] — Rutuja Dabhade-->GET--->entries
19/7/2025, 10:05:42 pm — [INFO] — Rutuja Dabhade-->GET--->entries
19/7/2025, 10:06:43 pm — [INFO] — Rutuja Dabhade-->GET--->entries
19/7/2025, 10:06:43 pm — [INFO] — Rutuja Dabhade-->GET--->entries
19/7/2025, 10:07:07 pm — [INFO] — Rutuja Dabhade-->GET--->entries
19/7/2025, 10:07:07 pm — [INFO] — Rutuja Dabhade-->GET--->entries
19/7/2025, 10:07:55 pm — [INFO] — Rutuja Dabhade-->DELETE--->entries
19/7/2025, 10:08:03 pm — [INFO] — Rutuja Dabhade-->DELETE--->entries
19/7/2025, 10:08:05 pm — [INFO] — Rutuja Dabhade-->GET--->payments
19/7/2025, 10:08:05 pm — [INFO] — Rutuja Dabhade-->GET--->payments
19/7/2025, 10:08:05 pm — [INFO] — Rutuja Dabhade-->GET--->entries
19/7/2025, 10:08:06 pm — [INFO] — Rutuja Dabhade-->GET--->entries
19/7/2025, 10:08:40 pm — [INFO] — Rutuja Dabhade-->GET--->payments
19/7/2025, 10:08:41 pm — [INFO] — Rutuja Dabhade-->GET--->payments
19/7/2025, 10:08:41 pm — [INFO] — Rutuja Dabhade-->GET--->entries
19/7/2025, 10:08:41 pm — [INFO] — Rutuja Dabhade-->GET--->entries
19/7/2025, 10:09:02 pm — [INFO] — Rutuja Dabhade-->GET--->entries
19/7/2025, 10:09:02 pm — [INFO] — Rutuja Dabhade-->GET--->entries
19/7/2025, 10:09:03 pm — [INFO] — Rutuja Dabhade-->GET--->customers
19/7/2025, 10:09:04 pm — [INFO] — Rutuja Dabhade-->GET--->customers
19/7/2025, 10:09:07 pm — [INFO] — Rutuja Dabhade-->GET--->entries
19/7/2025, 10:09:08 pm — [INFO] — Rutuja Dabhade-->GET--->entries
19/7/2025, 10:09:09 pm — [INFO] — Rutuja Dabhade-->GET--->payments
19/7/2025, 10:09:10 pm — [INFO] — Rutuja Dabhade-->GET--->payments
19/7/2025, 10:09:10 pm — [INFO] — Rutuja Dabhade-->GET--->entries
19/7/2025, 10:09:10 pm — [INFO] — Rutuja Dabhade-->GET--->entries
19/7/2025, 10:09:14 pm — [INFO] — Rutuja Dabhade-->GET--->entries
19/7/2025, 10:09:15 pm — [INFO] — Rutuja Dabhade-->GET--->entries
19/7/2025, 10:09:18 pm — [INFO] — Rutuja Dabhade-->GET--->payments
19/7/2025, 10:09:18 pm — [INFO] — Rutuja Dabhade-->GET--->payments
19/7/2025, 10:09:18 pm — [INFO] — Rutuja Dabhade-->GET--->entries
19/7/2025, 10:09:18 pm — [INFO] — Rutuja Dabhade-->GET--->entries
19/7/2025, 10:09:20 pm — [INFO] — Rutuja Dabhade-->GET--->entries
19/7/2025, 10:09:20 pm — [INFO] — Rutuja Dabhade-->GET--->entries
19/7/2025, 10:09:43 pm — [INFO] — Rutuja Dabhade-->GET--->payments
19/7/2025, 10:09:43 pm — [INFO] — Rutuja Dabhade-->GET--->payments
19/7/2025, 10:09:44 pm — [INFO] — Rutuja Dabhade-->GET--->entries
19/7/2025, 10:09:44 pm — [INFO] — Rutuja Dabhade-->GET--->entries
19/7/2025, 10:09:52 pm — [INFO] — Rutuja Dabhade-->GET--->customers
19/7/2025, 10:09:52 pm — [INFO] — Rutuja Dabhade-->GET--->customers
19/7/2025, 10:09:54 pm — [INFO] — Rutuja Dabhade-->GET--->entries
19/7/2025, 10:09:54 pm — [INFO] — Rutuja Dabhade-->GET--->entries
19/7/2025, 10:09:56 pm — [INFO] — Rutuja Dabhade-->GET--->payments
19/7/2025, 10:09:56 pm — [INFO] — Rutuja Dabhade-->GET--->payments
19/7/2025, 10:09:56 pm — [INFO] — Rutuja Dabhade-->GET--->entries
19/7/2025, 10:09:56 pm — [INFO] — Rutuja Dabhade-->GET--->entries
19/7/2025, 10:09:58 pm — [INFO] — Rutuja Dabhade-->GET--->entries
19/7/2025, 10:09:59 pm — [INFO] — Rutuja Dabhade-->GET--->entries
19/7/2025, 10:10:20 pm — [INFO] — Rutuja Dabhade-->GET--->customers
19/7/2025, 10:10:21 pm — [INFO] — Rutuja Dabhade-->GET--->customers
19/7/2025, 10:10:31 pm — [INFO] — Rutuja Dabhade-->GET--->entries
19/7/2025, 10:10:31 pm — [INFO] — Rutuja Dabhade-->GET--->entries
19/7/2025, 10:10:44 pm — [INFO] — Rutuja Dabhade-->GET--->payments
19/7/2025, 10:10:44 pm — [INFO] — Rutuja Dabhade-->GET--->payments
19/7/2025, 10:10:44 pm — [INFO] — Rutuja Dabhade-->GET--->entries
19/7/2025, 10:10:45 pm — [INFO] — Rutuja Dabhade-->GET--->entries
19/7/2025, 10:10:52 pm — [INFO] — Rutuja Dabhade-->GET--->products
19/7/2025, 10:10:52 pm — [INFO] — Rutuja Dabhade-->GET--->products
19/7/2025, 10:12:00 pm — [INFO] — Rutuja Dabhade-->GET--->customers
19/7/2025, 10:12:00 pm — [INFO] — Rutuja Dabhade-->GET--->customers
19/7/2025, 10:12:07 pm — [INFO] — Rutuja Dabhade-->GET--->entries
19/7/2025, 10:12:08 pm — [INFO] — Rutuja Dabhade-->GET--->entries
19/7/2025, 10:12:14 pm — [INFO] — Rutuja Dabhade-->GET--->payments
19/7/2025, 10:12:14 pm — [INFO] — Rutuja Dabhade-->GET--->payments
19/7/2025, 10:12:14 pm — [INFO] — Rutuja Dabhade-->GET--->entries
19/7/2025, 10:12:15 pm — [INFO] — Rutuja Dabhade-->GET--->entries
19/7/2025, 10:12:20 pm — [INFO] — Rutuja Dabhade-->GET--->entries
19/7/2025, 10:12:21 pm — [INFO] — Rutuja Dabhade-->GET--->entries
19/7/2025, 10:14:10 pm — [INFO] — Rutuja Dabhade-->GET--->roles
19/7/2025, 10:14:10 pm — [INFO] — Rutuja Dabhade-->GET--->roles
19/7/2025, 10:14:14 pm — [INFO] — Rutuja Dabhade-->GET--->roles
19/7/2025, 10:14:14 pm — [INFO] — Rutuja Dabhade-->GET--->roles
19/7/2025, 10:14:18 pm — [INFO] — Rutuja Dabhade-->GET--->customers
19/7/2025, 10:14:18 pm — [INFO] — Rutuja Dabhade-->GET--->customers
19/7/2025, 10:14:43 pm — [INFO] — Rutuja Dabhade-->GET--->entries
19/7/2025, 10:14:43 pm — [INFO] — Rutuja Dabhade-->GET--->entries
19/7/2025, 10:14:51 pm — [INFO] — Rutuja Dabhade-->GET--->entries
19/7/2025, 10:23:38 pm — [INFO] — Rutuja Dabhade-->GET--->entries
19/7/2025, 10:23:39 pm — [INFO] — Rutuja Dabhade-->GET--->entries
19/7/2025, 10:23:43 pm — [INFO] — Rutuja Dabhade-->GET--->entries
19/7/2025, 10:23:48 pm — [INFO] — Rutuja Dabhade-->GET--->entries
19/7/2025, 10:23:58 pm — [INFO] — Rutuja Dabhade-->GET--->entries
19/7/2025, 10:24:02 pm — [INFO] — Rutuja Dabhade-->GET--->entries
