3/8/2025, 12:03:02 am — [INFO] — Rutuja Dabhade-->GET--->bills
3/8/2025, 12:03:02 am — [INFO] — Rutuja Dabhade-->GET--->bills
3/8/2025, 12:03:02 am — [INFO] — Rutuja Dabhade-->GET--->entries
3/8/2025, 12:03:02 am — [INFO] — Rutuja Dabhade-->GET--->milkrates
3/8/2025, 12:03:02 am — [INFO] — Rutuja Dabhade-->GET--->milkrates
3/8/2025, 12:03:02 am — [INFO] — Rutuja Dabhade-->GET--->entries
3/8/2025, 12:07:55 am — [INFO] — Rutuja Dabhade-->POST--->bills
3/8/2025, 12:14:53 am — [INFO] — Rutuja Dabhade-->GET--->bills
3/8/2025, 12:14:53 am — [INFO] — Rutuja Dabhade-->GET--->bills
3/8/2025, 12:14:53 am — [INFO] — Rutuja Dabhade-->GET--->entries
3/8/2025, 12:14:53 am — [INFO] — Rutuja Dabhade-->GET--->milkrates
3/8/2025, 12:14:53 am — [INFO] — Rutuja Dabhade-->GET--->entries
3/8/2025, 12:14:53 am — [INFO] — Rutuja Dabhade-->GET--->milkrates
3/8/2025, 12:14:56 am — [INFO] — Rutuja Dabhade-->POST--->bills
3/8/2025, 12:23:52 am — [INFO] — Rutuja Dabhade-->GET--->bills
3/8/2025, 12:23:52 am — [INFO] — Rutuja Dabhade-->GET--->bills
3/8/2025, 12:23:52 am — [INFO] — Rutuja Dabhade-->GET--->entries
3/8/2025, 12:23:52 am — [INFO] — Rutuja Dabhade-->GET--->milkrates
3/8/2025, 12:23:52 am — [INFO] — Rutuja Dabhade-->GET--->entries
3/8/2025, 12:23:52 am — [INFO] — Rutuja Dabhade-->GET--->milkrates
3/8/2025, 12:23:57 am — [INFO] — Rutuja Dabhade-->POST--->bills
3/8/2025, 12:24:02 am — [INFO] — Rutuja Dabhade-->GET--->bills
3/8/2025, 12:24:25 am — [INFO] — Rutuja Dabhade-->GET--->bills
3/8/2025, 12:29:35 am — [INFO] — Rutuja Dabhade-->GET--->bills
3/8/2025, 12:29:59 am — [INFO] — Rutuja Dabhade-->GET--->bills
3/8/2025, 12:30:00 am — [INFO] — Rutuja Dabhade-->GET--->bills
3/8/2025, 12:30:00 am — [INFO] — Rutuja Dabhade-->GET--->entries
3/8/2025, 12:30:00 am — [INFO] — Rutuja Dabhade-->GET--->milkrates
3/8/2025, 12:30:00 am — [INFO] — Rutuja Dabhade-->GET--->entries
3/8/2025, 12:30:00 am — [INFO] — Rutuja Dabhade-->GET--->milkrates
3/8/2025, 12:30:05 am — [INFO] — Rutuja Dabhade-->POST--->bills
3/8/2025, 12:30:39 am — [INFO] — Rutuja Dabhade-->GET--->bills
3/8/2025, 12:35:05 am — [INFO] — Rutuja Dabhade-->GET--->bills
3/8/2025, 12:35:05 am — [INFO] — Rutuja Dabhade-->GET--->bills
3/8/2025, 12:35:05 am — [INFO] — Rutuja Dabhade-->GET--->entries
3/8/2025, 12:35:05 am — [INFO] — Rutuja Dabhade-->GET--->milkrates
3/8/2025, 12:35:05 am — [INFO] — Rutuja Dabhade-->GET--->entries
3/8/2025, 12:35:05 am — [INFO] — Rutuja Dabhade-->GET--->milkrates
3/8/2025, 12:36:12 am — [INFO] — Rutuja Dabhade-->GET--->bills
3/8/2025, 12:36:13 am — [INFO] — Rutuja Dabhade-->GET--->bills
3/8/2025, 12:36:13 am — [INFO] — Rutuja Dabhade-->GET--->entries
3/8/2025, 12:36:13 am — [INFO] — Rutuja Dabhade-->GET--->milkrates
3/8/2025, 12:36:13 am — [INFO] — Rutuja Dabhade-->GET--->entries
3/8/2025, 12:36:13 am — [INFO] — Rutuja Dabhade-->GET--->milkrates
3/8/2025, 12:36:16 am — [INFO] — Rutuja Dabhade-->POST--->bills
3/8/2025, 12:37:43 am — [INFO] — Rutuja Dabhade-->GET--->entries
3/8/2025, 12:37:43 am — [INFO] — Rutuja Dabhade-->GET--->entries
3/8/2025, 12:37:43 am — [INFO] — Rutuja Dabhade-->GET--->entries
3/8/2025, 12:37:43 am — [INFO] — Rutuja Dabhade-->GET--->milkrates
3/8/2025, 12:37:43 am — [INFO] — Rutuja Dabhade-->GET--->entries
3/8/2025, 12:37:43 am — [INFO] — Rutuja Dabhade-->GET--->entries
3/8/2025, 12:37:43 am — [INFO] — Rutuja Dabhade-->GET--->milkrates
3/8/2025, 12:37:43 am — [INFO] — Rutuja Dabhade-->GET--->entries
3/8/2025, 12:37:43 am — [INFO] — Rutuja Dabhade-->GET--->milkrates
3/8/2025, 12:37:43 am — [INFO] — Rutuja Dabhade-->GET--->entries
3/8/2025, 12:37:43 am — [INFO] — Rutuja Dabhade-->GET--->milkrates
3/8/2025, 12:37:43 am — [INFO] — Rutuja Dabhade-->GET--->entries
3/8/2025, 12:37:55 am — [INFO] — Rutuja Dabhade-->GET--->entries
3/8/2025, 12:37:55 am — [INFO] — Rutuja Dabhade-->GET--->entries
3/8/2025, 12:37:55 am — [INFO] — Rutuja Dabhade-->GET--->entries
3/8/2025, 12:37:55 am — [INFO] — Rutuja Dabhade-->GET--->milkrates
3/8/2025, 12:37:55 am — [INFO] — Rutuja Dabhade-->GET--->milkrates
3/8/2025, 12:37:55 am — [INFO] — Rutuja Dabhade-->GET--->entries
3/8/2025, 12:38:06 am — [INFO] — Rutuja Dabhade-->GET--->bills
3/8/2025, 12:38:15 am — [INFO] — Rutuja Dabhade-->POST--->bills
3/8/2025, 12:38:22 am — [INFO] — Rutuja Dabhade-->GET--->entries
3/8/2025, 12:38:22 am — [INFO] — Rutuja Dabhade-->GET--->entries
3/8/2025, 12:38:22 am — [INFO] — Rutuja Dabhade-->GET--->entries
3/8/2025, 12:38:22 am — [INFO] — Rutuja Dabhade-->GET--->milkrates
3/8/2025, 12:38:22 am — [INFO] — Rutuja Dabhade-->GET--->entries
3/8/2025, 12:38:22 am — [INFO] — Rutuja Dabhade-->GET--->milkrates
3/8/2025, 12:45:13 am — [WARN] — Unauthorized operation -->GET--->entries
3/8/2025, 12:45:13 am — [WARN] — Unauthorized operation -->GET--->entries
3/8/2025, 12:45:13 am — [WARN] — Unauthorized operation -->GET--->entries
3/8/2025, 12:45:13 am — [WARN] — Unauthorized operation -->GET--->entries
3/8/2025, 12:45:35 am — [WARN] — Unauthorized operation -->GET--->entries
3/8/2025, 12:45:35 am — [WARN] — Unauthorized operation -->GET--->entries
3/8/2025, 12:45:43 am — [WARN] — Unauthorized operation -->POST--->bills
3/8/2025, 12:46:04 am — [INFO] — Rutuja Dabhade-->GET--->bills
3/8/2025, 12:46:04 am — [INFO] — Rutuja Dabhade-->GET--->bills
3/8/2025, 12:46:04 am — [INFO] — Rutuja Dabhade-->GET--->entries
3/8/2025, 12:46:04 am — [INFO] — Rutuja Dabhade-->GET--->milkrates
3/8/2025, 12:46:05 am — [INFO] — Rutuja Dabhade-->GET--->entries
3/8/2025, 12:46:05 am — [INFO] — Rutuja Dabhade-->GET--->milkrates
3/8/2025, 12:46:07 am — [INFO] — Rutuja Dabhade-->POST--->bills
3/8/2025, 12:46:14 am — [INFO] — Rutuja Dabhade-->GET--->entries
3/8/2025, 12:46:14 am — [INFO] — Rutuja Dabhade-->GET--->entries
3/8/2025, 12:46:15 am — [INFO] — Rutuja Dabhade-->GET--->entries
3/8/2025, 12:46:15 am — [INFO] — Rutuja Dabhade-->GET--->milkrates
3/8/2025, 12:46:15 am — [INFO] — Rutuja Dabhade-->GET--->entries
3/8/2025, 12:46:15 am — [INFO] — Rutuja Dabhade-->GET--->milkrates
3/8/2025, 12:46:33 am — [INFO] — Rutuja Dabhade-->GET--->milkrates
3/8/2025, 12:46:33 am — [INFO] — Rutuja Dabhade-->GET--->milkrates
3/8/2025, 12:46:46 am — [INFO] — Rutuja Dabhade-->POST--->milkrates
3/8/2025, 12:46:54 am — [INFO] — Rutuja Dabhade-->GET--->entries
3/8/2025, 12:46:54 am — [INFO] — Rutuja Dabhade-->GET--->entries
3/8/2025, 12:46:56 am — [INFO] — Rutuja Dabhade-->GET--->entries
3/8/2025, 12:47:02 am — [INFO] — Rutuja Dabhade-->POST--->entries
3/8/2025, 12:47:02 am — [INFO] — Rutuja Dabhade-->POST--->entries
3/8/2025, 12:47:02 am — [INFO] — Rutuja Dabhade-->GET--->entries
3/8/2025, 12:47:04 am — [INFO] — Rutuja Dabhade-->GET--->entries
3/8/2025, 12:47:11 am — [INFO] — Rutuja Dabhade-->POST--->entries
3/8/2025, 12:47:11 am — [INFO] — Rutuja Dabhade-->GET--->entries
3/8/2025, 12:47:16 am — [INFO] — Rutuja Dabhade-->GET--->bills
3/8/2025, 12:47:16 am — [INFO] — Rutuja Dabhade-->GET--->bills
3/8/2025, 12:47:16 am — [INFO] — Rutuja Dabhade-->GET--->milkrates
3/8/2025, 12:47:16 am — [INFO] — Rutuja Dabhade-->GET--->entries
3/8/2025, 12:47:16 am — [INFO] — Rutuja Dabhade-->GET--->milkrates
3/8/2025, 12:47:16 am — [INFO] — Rutuja Dabhade-->GET--->entries
3/8/2025, 12:47:19 am — [INFO] — Rutuja Dabhade-->POST--->bills
3/8/2025, 12:47:26 am — [INFO] — Rutuja Dabhade-->GET--->entries
3/8/2025, 12:47:26 am — [INFO] — Rutuja Dabhade-->GET--->entries
3/8/2025, 12:47:26 am — [INFO] — Rutuja Dabhade-->GET--->entries
3/8/2025, 12:47:26 am — [INFO] — Rutuja Dabhade-->GET--->milkrates
3/8/2025, 12:47:26 am — [INFO] — Rutuja Dabhade-->GET--->entries
3/8/2025, 12:47:26 am — [INFO] — Rutuja Dabhade-->GET--->milkrates
3/8/2025, 12:49:39 am — [INFO] — Rutuja Dabhade-->GET--->entries
3/8/2025, 12:49:39 am — [INFO] — Rutuja Dabhade-->GET--->entries
3/8/2025, 12:51:51 am — [INFO] — Rutuja Dabhade-->GET--->entries
3/8/2025, 12:52:05 am — [INFO] — Rutuja Dabhade-->GET--->entries
3/8/2025, 12:52:05 am — [INFO] — Rutuja Dabhade-->GET--->entries
3/8/2025, 12:53:24 am — [INFO] — Rutuja Dabhade-->GET--->entries
3/8/2025, 12:53:40 am — [INFO] — Rutuja Dabhade-->GET--->entries
3/8/2025, 12:53:41 am — [INFO] — Rutuja Dabhade-->GET--->entries
3/8/2025, 12:53:41 am — [INFO] — Rutuja Dabhade-->GET--->entries
3/8/2025, 12:53:41 am — [INFO] — Rutuja Dabhade-->GET--->milkrates
3/8/2025, 12:53:41 am — [INFO] — Rutuja Dabhade-->GET--->milkrates
3/8/2025, 12:53:41 am — [INFO] — Rutuja Dabhade-->GET--->entries
3/8/2025, 12:55:31 am — [INFO] — Rutuja Dabhade-->GET--->entries
3/8/2025, 12:55:36 am — [INFO] — Rutuja Dabhade-->GET--->entries
3/8/2025, 12:56:40 am — [INFO] — Rutuja Dabhade-->GET--->entries
3/8/2025, 12:56:57 am — [INFO] — Rutuja Dabhade-->GET--->entries
3/8/2025, 12:57:00 am — [INFO] — Rutuja Dabhade-->GET--->entries
3/8/2025, 12:57:02 am — [INFO] — Rutuja Dabhade-->GET--->entries
3/8/2025, 12:57:46 am — [INFO] — Rutuja Dabhade-->GET--->entries
3/8/2025, 12:57:52 am — [INFO] — Rutuja Dabhade-->GET--->entries
3/8/2025, 12:57:55 am — [INFO] — Rutuja Dabhade-->GET--->entries
3/8/2025, 12:57:57 am — [INFO] — Rutuja Dabhade-->GET--->entries
3/8/2025, 12:57:58 am — [INFO] — Rutuja Dabhade-->GET--->entries
3/8/2025, 12:58:00 am — [INFO] — Rutuja Dabhade-->GET--->entries
3/8/2025, 12:58:04 am — [INFO] — Rutuja Dabhade-->GET--->entries
3/8/2025, 12:59:53 am — [INFO] — Rutuja Dabhade-->GET--->entries
3/8/2025, 12:59:58 am — [INFO] — Rutuja Dabhade-->POST--->entries
3/8/2025, 12:59:58 am — [INFO] — Rutuja Dabhade-->GET--->entries
3/8/2025, 1:00:06 am — [INFO] — Rutuja Dabhade-->POST--->entries
3/8/2025, 1:00:07 am — [INFO] — Rutuja Dabhade-->GET--->entries
