4/8/2025, 12:09:24 pm — [INFO] — Rutuja Dabhade-->GET--->entries
4/8/2025, 12:09:26 pm — [INFO] — Rutuja Dabhade-->GET--->entries
4/8/2025, 12:25:23 pm — [INFO] — Rutuja Dabhade-->GET--->customers
4/8/2025, 12:25:23 pm — [INFO] — Rutuja Dabhade-->GET--->customers
4/8/2025, 12:29:26 pm — [INFO] — Rutuja Dabhade-->GET--->entries
4/8/2025, 12:29:27 pm — [INFO] — Rutuja Dabhade-->GET--->entries
4/8/2025, 12:29:47 pm — [INFO] — Rutuja Dabhade-->GET--->entries
4/8/2025, 12:29:48 pm — [INFO] — Rutuja Dabhade-->GET--->entries
4/8/2025, 12:30:00 pm — [INFO] — Rutuja Dabhade-->GET--->entries
4/8/2025, 12:30:05 pm — [INFO] — Rutuja Dabhade-->GET--->entries
4/8/2025, 12:30:09 pm — [INFO] — Rutuja Dabhade-->GET--->entries
4/8/2025, 12:30:12 pm — [INFO] — Rutuja Dabhade-->GET--->entries
4/8/2025, 12:32:55 pm — [INFO] — Rutuja Dabhade-->GET--->entries
4/8/2025, 12:32:55 pm — [INFO] — Rutuja Dabhade-->GET--->entries
4/8/2025, 12:33:04 pm — [INFO] — Rutuja Dabhade-->GET--->entries
4/8/2025, 12:33:06 pm — [INFO] — Rutuja Dabhade-->GET--->entries
4/8/2025, 12:33:09 pm — [INFO] — Rutuja Dabhade-->GET--->entries
4/8/2025, 12:33:11 pm — [INFO] — Rutuja Dabhade-->GET--->entries
4/8/2025, 12:38:39 pm — [INFO] — Rutuja Dabhade-->GET--->entries
4/8/2025, 12:38:40 pm — [INFO] — Rutuja Dabhade-->GET--->entries
4/8/2025, 12:38:52 pm — [INFO] — Rutuja Dabhade-->GET--->entries
4/8/2025, 12:38:57 pm — [INFO] — Rutuja Dabhade-->GET--->entries
4/8/2025, 12:40:25 pm — [INFO] — Rutuja Dabhade-->GET--->entries
4/8/2025, 12:40:44 pm — [INFO] — Rutuja Dabhade-->GET--->entries
4/8/2025, 12:40:52 pm — [INFO] — Rutuja Dabhade-->GET--->entries
4/8/2025, 12:44:02 pm — [INFO] — Rutuja Dabhade-->GET--->entries
4/8/2025, 12:44:02 pm — [INFO] — Rutuja Dabhade-->GET--->entries
4/8/2025, 12:44:15 pm — [INFO] — Rutuja Dabhade-->GET--->entries
4/8/2025, 12:44:16 pm — [INFO] — Rutuja Dabhade-->GET--->entries
4/8/2025, 12:44:22 pm — [INFO] — Rutuja Dabhade-->GET--->entries
4/8/2025, 12:44:26 pm — [INFO] — Rutuja Dabhade-->GET--->entries
4/8/2025, 12:46:16 pm — [INFO] — Rutuja Dabhade-->GET--->entries
4/8/2025, 12:46:16 pm — [INFO] — Rutuja Dabhade-->GET--->entries
4/8/2025, 12:46:17 pm — [INFO] — Rutuja Dabhade-->GET--->entries
4/8/2025, 12:46:19 pm — [INFO] — Rutuja Dabhade-->GET--->entries
4/8/2025, 12:46:20 pm — [INFO] — Rutuja Dabhade-->GET--->entries
4/8/2025, 12:46:22 pm — [INFO] — Rutuja Dabhade-->GET--->entries
4/8/2025, 12:46:26 pm — [INFO] — Rutuja Dabhade-->POST--->entries
4/8/2025, 12:46:26 pm — [INFO] — Rutuja Dabhade-->GET--->entries
4/8/2025, 12:46:30 pm — [INFO] — Rutuja Dabhade-->PUT--->entries
4/8/2025, 12:46:30 pm — [INFO] — Rutuja Dabhade-->GET--->entries
4/8/2025, 12:46:39 pm — [INFO] — Rutuja Dabhade-->POST--->entries
4/8/2025, 12:46:39 pm — [INFO] — Rutuja Dabhade-->GET--->entries
4/8/2025, 12:46:47 pm — [INFO] — Rutuja Dabhade-->GET--->entries
4/8/2025, 12:46:49 pm — [INFO] — Rutuja Dabhade-->GET--->entries
4/8/2025, 12:46:50 pm — [INFO] — Rutuja Dabhade-->GET--->entries
4/8/2025, 12:46:51 pm — [INFO] — Rutuja Dabhade-->GET--->entries
4/8/2025, 12:54:06 pm — [INFO] — Rutuja Dabhade-->GET--->entries
4/8/2025, 12:54:07 pm — [INFO] — Rutuja Dabhade-->GET--->entries
4/8/2025, 12:54:21 pm — [INFO] — Rutuja Dabhade-->GET--->entries
4/8/2025, 12:56:44 pm — [INFO] — Rutuja Dabhade-->GET--->entries
4/8/2025, 12:56:45 pm — [INFO] — Rutuja Dabhade-->GET--->entries
4/8/2025, 12:57:08 pm — [INFO] — Rutuja Dabhade-->GET--->entries
4/8/2025, 12:57:14 pm — [INFO] — Rutuja Dabhade-->GET--->entries
4/8/2025, 12:57:14 pm — [INFO] — Rutuja Dabhade-->GET--->entries
4/8/2025, 12:57:21 pm — [INFO] — Rutuja Dabhade-->GET--->entries
4/8/2025, 1:01:13 pm — [INFO] — Rutuja Dabhade-->GET--->entries
4/8/2025, 1:01:13 pm — [INFO] — Rutuja Dabhade-->GET--->entries
4/8/2025, 1:01:20 pm — [INFO] — Rutuja Dabhade-->GET--->entries
4/8/2025, 1:01:23 pm — [INFO] — Rutuja Dabhade-->GET--->entries
4/8/2025, 1:01:28 pm — [INFO] — Rutuja Dabhade-->GET--->entries
4/8/2025, 1:01:34 pm — [INFO] — Rutuja Dabhade-->GET--->entries
4/8/2025, 1:27:51 pm — [INFO] — Rutuja Dabhade-->GET--->entries
4/8/2025, 1:27:52 pm — [INFO] — Rutuja Dabhade-->GET--->entries
4/8/2025, 1:27:56 pm — [INFO] — Rutuja Dabhade-->GET--->entries
4/8/2025, 1:27:59 pm — [INFO] — Rutuja Dabhade-->GET--->entries
4/8/2025, 1:28:14 pm — [INFO] — Rutuja Dabhade-->GET--->payments
4/8/2025, 1:28:15 pm — [INFO] — Rutuja Dabhade-->GET--->payments
4/8/2025, 1:28:15 pm — [INFO] — Rutuja Dabhade-->GET--->entries
4/8/2025, 1:28:15 pm — [INFO] — Rutuja Dabhade-->GET--->milkrates
4/8/2025, 1:28:15 pm — [INFO] — Rutuja Dabhade-->GET--->entries
4/8/2025, 1:28:15 pm — [INFO] — Rutuja Dabhade-->GET--->milkrates
4/8/2025, 1:28:35 pm — [INFO] — Rutuja Dabhade-->GET--->bills
4/8/2025, 1:28:36 pm — [INFO] — Rutuja Dabhade-->GET--->bills
4/8/2025, 1:28:36 pm — [INFO] — Rutuja Dabhade-->GET--->entries
4/8/2025, 1:28:36 pm — [INFO] — Rutuja Dabhade-->GET--->milkrates
4/8/2025, 1:28:36 pm — [INFO] — Rutuja Dabhade-->GET--->entries
4/8/2025, 1:28:36 pm — [INFO] — Rutuja Dabhade-->GET--->milkrates
4/8/2025, 1:29:02 pm — [INFO] — Rutuja Dabhade-->GET--->payments
4/8/2025, 1:29:02 pm — [INFO] — Rutuja Dabhade-->GET--->payments
4/8/2025, 1:29:02 pm — [INFO] — Rutuja Dabhade-->GET--->entries
4/8/2025, 1:29:02 pm — [INFO] — Rutuja Dabhade-->GET--->milkrates
4/8/2025, 1:29:03 pm — [INFO] — Rutuja Dabhade-->GET--->entries
4/8/2025, 1:29:03 pm — [INFO] — Rutuja Dabhade-->GET--->milkrates
4/8/2025, 1:36:37 pm — [INFO] — Rutuja Dabhade-->GET--->entries
4/8/2025, 1:36:38 pm — [INFO] — Rutuja Dabhade-->GET--->entries
4/8/2025, 1:36:38 pm — [INFO] — Rutuja Dabhade-->GET--->entries
4/8/2025, 1:36:39 pm — [INFO] — Rutuja Dabhade-->GET--->entries
4/8/2025, 1:36:39 pm — [INFO] — Rutuja Dabhade-->GET--->entries
4/8/2025, 1:36:39 pm — [INFO] — Rutuja Dabhade-->GET--->entries
4/8/2025, 1:36:40 pm — [INFO] — Rutuja Dabhade-->GET--->entries
4/8/2025, 1:36:40 pm — [INFO] — Rutuja Dabhade-->GET--->entries
4/8/2025, 1:37:40 pm — [INFO] — Rutuja Dabhade-->GET--->payments
4/8/2025, 1:37:40 pm — [INFO] — Rutuja Dabhade-->GET--->payments
4/8/2025, 1:37:40 pm — [INFO] — Rutuja Dabhade-->GET--->entries
4/8/2025, 1:37:40 pm — [INFO] — Rutuja Dabhade-->GET--->milkrates
4/8/2025, 1:37:40 pm — [INFO] — Rutuja Dabhade-->GET--->entries
4/8/2025, 1:37:40 pm — [INFO] — Rutuja Dabhade-->GET--->milkrates
4/8/2025, 1:37:56 pm — [INFO] — Rutuja Dabhade-->GET--->payments
4/8/2025, 1:37:57 pm — [INFO] — Rutuja Dabhade-->GET--->milkrates
4/8/2025, 1:37:57 pm — [INFO] — Rutuja Dabhade-->GET--->entries
4/8/2025, 1:40:48 pm — [INFO] — Rutuja Dabhade-->GET--->payments
4/8/2025, 1:40:48 pm — [INFO] — Rutuja Dabhade-->GET--->payments
4/8/2025, 1:40:48 pm — [INFO] — Rutuja Dabhade-->GET--->entries
4/8/2025, 1:40:48 pm — [INFO] — Rutuja Dabhade-->GET--->milkrates
4/8/2025, 1:40:48 pm — [INFO] — Rutuja Dabhade-->GET--->entries
4/8/2025, 1:40:48 pm — [INFO] — Rutuja Dabhade-->GET--->milkrates
4/8/2025, 1:40:54 pm — [INFO] — Rutuja Dabhade-->GET--->payments
4/8/2025, 1:40:55 pm — [INFO] — Rutuja Dabhade-->GET--->entries
4/8/2025, 1:40:55 pm — [INFO] — Rutuja Dabhade-->GET--->milkrates
4/8/2025, 1:52:14 pm — [INFO] — Rutuja Dabhade-->GET--->payments
4/8/2025, 1:52:15 pm — [INFO] — Rutuja Dabhade-->GET--->entries
4/8/2025, 1:52:15 pm — [INFO] — Rutuja Dabhade-->GET--->milkrates
4/8/2025, 1:57:10 pm — [INFO] — Rutuja Dabhade-->GET--->payments
4/8/2025, 1:57:10 pm — [INFO] — Rutuja Dabhade-->GET--->payments
4/8/2025, 1:57:10 pm — [INFO] — Rutuja Dabhade-->GET--->entries
4/8/2025, 1:57:10 pm — [INFO] — Rutuja Dabhade-->GET--->milkrates
4/8/2025, 1:57:10 pm — [INFO] — Rutuja Dabhade-->GET--->entries
4/8/2025, 1:57:10 pm — [INFO] — Rutuja Dabhade-->GET--->milkrates
4/8/2025, 1:57:21 pm — [INFO] — Rutuja Dabhade-->GET--->payments
4/8/2025, 1:57:22 pm — [INFO] — Rutuja Dabhade-->GET--->payments
4/8/2025, 1:57:22 pm — [INFO] — Rutuja Dabhade-->GET--->entries
4/8/2025, 1:57:22 pm — [INFO] — Rutuja Dabhade-->GET--->milkrates
4/8/2025, 1:57:22 pm — [INFO] — Rutuja Dabhade-->GET--->entries
4/8/2025, 1:57:22 pm — [INFO] — Rutuja Dabhade-->GET--->milkrates
4/8/2025, 1:57:30 pm — [INFO] — Rutuja Dabhade-->GET--->payments
4/8/2025, 1:57:31 pm — [INFO] — Rutuja Dabhade-->GET--->entries
4/8/2025, 1:57:31 pm — [INFO] — Rutuja Dabhade-->GET--->milkrates
4/8/2025, 2:04:27 pm — [INFO] — Rutuja Dabhade-->GET--->entries
4/8/2025, 2:04:27 pm — [INFO] — Rutuja Dabhade-->GET--->entries
4/8/2025, 2:04:32 pm — [INFO] — Rutuja Dabhade-->GET--->entries
4/8/2025, 2:04:33 pm — [INFO] — Rutuja Dabhade-->GET--->entries
4/8/2025, 2:04:38 pm — [INFO] — Rutuja Dabhade-->POST--->entries
4/8/2025, 2:04:38 pm — [INFO] — Rutuja Dabhade-->GET--->entries
4/8/2025, 2:04:45 pm — [INFO] — Rutuja Dabhade-->GET--->payments
4/8/2025, 2:04:45 pm — [INFO] — Rutuja Dabhade-->GET--->payments
4/8/2025, 2:04:45 pm — [INFO] — Rutuja Dabhade-->GET--->entries
4/8/2025, 2:04:45 pm — [INFO] — Rutuja Dabhade-->GET--->milkrates
4/8/2025, 2:04:45 pm — [INFO] — Rutuja Dabhade-->GET--->entries
4/8/2025, 2:04:45 pm — [INFO] — Rutuja Dabhade-->GET--->milkrates
4/8/2025, 2:05:13 pm — [INFO] — Rutuja Dabhade-->GET--->payments
4/8/2025, 2:05:13 pm — [INFO] — Rutuja Dabhade-->GET--->entries
4/8/2025, 2:05:13 pm — [INFO] — Rutuja Dabhade-->GET--->milkrates
4/8/2025, 2:05:19 pm — [INFO] — Rutuja Dabhade-->GET--->payments
4/8/2025, 2:05:19 pm — [INFO] — Rutuja Dabhade-->GET--->entries
4/8/2025, 2:05:19 pm — [INFO] — Rutuja Dabhade-->GET--->milkrates
4/8/2025, 2:08:41 pm — [INFO] — Rutuja Dabhade-->GET--->payments
4/8/2025, 2:08:41 pm — [INFO] — Rutuja Dabhade-->GET--->entries
4/8/2025, 2:08:41 pm — [INFO] — Rutuja Dabhade-->GET--->milkrates
4/8/2025, 2:09:27 pm — [INFO] — Rutuja Dabhade-->GET--->payments
4/8/2025, 2:09:28 pm — [INFO] — Rutuja Dabhade-->GET--->entries
4/8/2025, 2:09:28 pm — [INFO] — Rutuja Dabhade-->GET--->milkrates
4/8/2025, 2:09:33 pm — [INFO] — Rutuja Dabhade-->GET--->payments
4/8/2025, 2:09:33 pm — [INFO] — Rutuja Dabhade-->GET--->entries
4/8/2025, 2:09:33 pm — [INFO] — Rutuja Dabhade-->GET--->milkrates
4/8/2025, 2:09:48 pm — [INFO] — Rutuja Dabhade-->GET--->payments
4/8/2025, 2:09:48 pm — [INFO] — Rutuja Dabhade-->GET--->entries
4/8/2025, 2:09:48 pm — [INFO] — Rutuja Dabhade-->GET--->milkrates
4/8/2025, 2:09:51 pm — [INFO] — Rutuja Dabhade-->GET--->payments
4/8/2025, 2:09:51 pm — [INFO] — Rutuja Dabhade-->GET--->entries
4/8/2025, 2:09:51 pm — [INFO] — Rutuja Dabhade-->GET--->milkrates
4/8/2025, 2:10:04 pm — [INFO] — Rutuja Dabhade-->POST--->payments
4/8/2025, 2:10:04 pm — [INFO] — Rutuja Dabhade-->GET--->payments
4/8/2025, 2:10:04 pm — [INFO] — Rutuja Dabhade-->GET--->entries
4/8/2025, 2:10:04 pm — [INFO] — Rutuja Dabhade-->GET--->milkrates
4/8/2025, 2:10:44 pm — [INFO] — Rutuja Dabhade-->GET--->bills
4/8/2025, 2:10:44 pm — [INFO] — Rutuja Dabhade-->GET--->bills
4/8/2025, 2:10:44 pm — [INFO] — Rutuja Dabhade-->GET--->entries
4/8/2025, 2:10:44 pm — [INFO] — Rutuja Dabhade-->GET--->milkrates
4/8/2025, 2:10:44 pm — [INFO] — Rutuja Dabhade-->GET--->entries
4/8/2025, 2:10:44 pm — [INFO] — Rutuja Dabhade-->GET--->milkrates
4/8/2025, 2:11:04 pm — [INFO] — Rutuja Dabhade-->GET--->bills
4/8/2025, 2:11:05 pm — [INFO] — Rutuja Dabhade-->GET--->bills
4/8/2025, 2:11:05 pm — [INFO] — Rutuja Dabhade-->GET--->entries
4/8/2025, 2:11:05 pm — [INFO] — Rutuja Dabhade-->GET--->milkrates
4/8/2025, 2:11:06 pm — [INFO] — Rutuja Dabhade-->GET--->entries
4/8/2025, 2:11:06 pm — [INFO] — Rutuja Dabhade-->GET--->milkrates
4/8/2025, 2:18:05 pm — [INFO] — Rutuja Dabhade-->GET--->bills
4/8/2025, 2:18:05 pm — [INFO] — Rutuja Dabhade-->GET--->bills
4/8/2025, 2:18:05 pm — [INFO] — Rutuja Dabhade-->GET--->entries
4/8/2025, 2:18:05 pm — [INFO] — Rutuja Dabhade-->GET--->milkrates
4/8/2025, 2:18:05 pm — [INFO] — Rutuja Dabhade-->GET--->entries
4/8/2025, 2:18:05 pm — [INFO] — Rutuja Dabhade-->GET--->milkrates
4/8/2025, 2:18:15 pm — [INFO] — Rutuja Dabhade-->GET--->payments
4/8/2025, 2:18:15 pm — [INFO] — Rutuja Dabhade-->GET--->payments
4/8/2025, 2:18:15 pm — [INFO] — Rutuja Dabhade-->GET--->entries
4/8/2025, 2:18:15 pm — [INFO] — Rutuja Dabhade-->GET--->milkrates
4/8/2025, 2:18:15 pm — [INFO] — Rutuja Dabhade-->GET--->entries
4/8/2025, 2:18:15 pm — [INFO] — Rutuja Dabhade-->GET--->milkrates
4/8/2025, 2:18:22 pm — [INFO] — Rutuja Dabhade-->GET--->payments
4/8/2025, 2:18:22 pm — [INFO] — Rutuja Dabhade-->GET--->entries
4/8/2025, 2:18:22 pm — [INFO] — Rutuja Dabhade-->GET--->milkrates
4/8/2025, 2:18:34 pm — [INFO] — Rutuja Dabhade-->POST--->payments
4/8/2025, 2:18:35 pm — [INFO] — Rutuja Dabhade-->GET--->payments
4/8/2025, 2:18:35 pm — [INFO] — Rutuja Dabhade-->GET--->entries
4/8/2025, 2:18:35 pm — [INFO] — Rutuja Dabhade-->GET--->milkrates
4/8/2025, 2:19:02 pm — [INFO] — Rutuja Dabhade-->GET--->payments
4/8/2025, 2:19:02 pm — [INFO] — Rutuja Dabhade-->GET--->payments
4/8/2025, 2:19:02 pm — [INFO] — Rutuja Dabhade-->GET--->entries
4/8/2025, 2:19:02 pm — [INFO] — Rutuja Dabhade-->GET--->milkrates
4/8/2025, 2:19:02 pm — [INFO] — Rutuja Dabhade-->GET--->entries
4/8/2025, 2:19:02 pm — [INFO] — Rutuja Dabhade-->GET--->milkrates
4/8/2025, 2:19:06 pm — [INFO] — Rutuja Dabhade-->GET--->payments
4/8/2025, 2:19:06 pm — [INFO] — Rutuja Dabhade-->GET--->entries
4/8/2025, 2:19:06 pm — [INFO] — Rutuja Dabhade-->GET--->milkrates
4/8/2025, 2:26:16 pm — [INFO] — Rutuja Dabhade-->GET--->bills
4/8/2025, 2:26:16 pm — [INFO] — Rutuja Dabhade-->GET--->bills
4/8/2025, 2:26:16 pm — [INFO] — Rutuja Dabhade-->GET--->entries
4/8/2025, 2:26:16 pm — [INFO] — Rutuja Dabhade-->GET--->milkrates
4/8/2025, 2:26:16 pm — [INFO] — Rutuja Dabhade-->GET--->entries
4/8/2025, 2:26:16 pm — [INFO] — Rutuja Dabhade-->GET--->milkrates
4/8/2025, 2:26:31 pm — [INFO] — Rutuja Dabhade-->GET--->bills
4/8/2025, 2:26:32 pm — [INFO] — Rutuja Dabhade-->GET--->entries
4/8/2025, 2:26:32 pm — [INFO] — Rutuja Dabhade-->GET--->milkrates
4/8/2025, 2:29:16 pm — [INFO] — Rutuja Dabhade-->GET--->bills
4/8/2025, 2:29:16 pm — [INFO] — Rutuja Dabhade-->GET--->bills
4/8/2025, 2:29:16 pm — [INFO] — Rutuja Dabhade-->GET--->entries
4/8/2025, 2:29:16 pm — [INFO] — Rutuja Dabhade-->GET--->milkrates
4/8/2025, 2:29:16 pm — [INFO] — Rutuja Dabhade-->GET--->entries
4/8/2025, 2:29:16 pm — [INFO] — Rutuja Dabhade-->GET--->milkrates
4/8/2025, 2:29:23 pm — [INFO] — Rutuja Dabhade-->GET--->bills
4/8/2025, 2:29:24 pm — [INFO] — Rutuja Dabhade-->GET--->entries
4/8/2025, 2:29:24 pm — [INFO] — Rutuja Dabhade-->GET--->milkrates
4/8/2025, 2:29:30 pm — [INFO] — Rutuja Dabhade-->GET--->entries
4/8/2025, 2:29:30 pm — [INFO] — Rutuja Dabhade-->GET--->entries
4/8/2025, 2:29:31 pm — [INFO] — Rutuja Dabhade-->GET--->entries
4/8/2025, 2:29:31 pm — [INFO] — Rutuja Dabhade-->GET--->milkrates
4/8/2025, 2:29:31 pm — [INFO] — Rutuja Dabhade-->GET--->milkrates
4/8/2025, 2:29:31 pm — [INFO] — Rutuja Dabhade-->GET--->entries
4/8/2025, 2:29:47 pm — [INFO] — Rutuja Dabhade-->GET--->bills
4/8/2025, 2:29:48 pm — [INFO] — Rutuja Dabhade-->GET--->bills
4/8/2025, 2:29:48 pm — [INFO] — Rutuja Dabhade-->GET--->entries
4/8/2025, 2:29:48 pm — [INFO] — Rutuja Dabhade-->GET--->milkrates
4/8/2025, 2:29:49 pm — [INFO] — Rutuja Dabhade-->GET--->entries
4/8/2025, 2:29:49 pm — [INFO] — Rutuja Dabhade-->GET--->milkrates
4/8/2025, 2:29:53 pm — [INFO] — Rutuja Dabhade-->GET--->bills
4/8/2025, 2:29:54 pm — [INFO] — Rutuja Dabhade-->GET--->entries
4/8/2025, 2:29:54 pm — [INFO] — Rutuja Dabhade-->GET--->milkrates
4/8/2025, 2:30:00 pm — [INFO] — Rutuja Dabhade-->GET--->bills
4/8/2025, 2:30:00 pm — [INFO] — Rutuja Dabhade-->GET--->entries
4/8/2025, 2:30:00 pm — [INFO] — Rutuja Dabhade-->GET--->milkrates
4/8/2025, 2:30:08 pm — [INFO] — Rutuja Dabhade-->GET--->bills
4/8/2025, 2:30:09 pm — [INFO] — Rutuja Dabhade-->GET--->entries
4/8/2025, 2:30:09 pm — [INFO] — Rutuja Dabhade-->GET--->milkrates
4/8/2025, 2:30:14 pm — [INFO] — Rutuja Dabhade-->POST--->bills
4/8/2025, 2:33:07 pm — [INFO] — Rutuja Dabhade-->GET--->entries
4/8/2025, 2:33:07 pm — [INFO] — Rutuja Dabhade-->GET--->entries
4/8/2025, 2:33:07 pm — [INFO] — Rutuja Dabhade-->GET--->milkrates
4/8/2025, 2:33:07 pm — [INFO] — Rutuja Dabhade-->GET--->entries
4/8/2025, 2:33:08 pm — [INFO] — Rutuja Dabhade-->GET--->milkrates
4/8/2025, 2:33:08 pm — [INFO] — Rutuja Dabhade-->GET--->entries
4/8/2025, 2:35:09 pm — [INFO] — Rutuja Dabhade-->GET--->bills
4/8/2025, 2:35:09 pm — [INFO] — Rutuja Dabhade-->GET--->bills
4/8/2025, 2:35:09 pm — [INFO] — Rutuja Dabhade-->GET--->entries
4/8/2025, 2:35:09 pm — [INFO] — Rutuja Dabhade-->GET--->milkrates
4/8/2025, 2:35:09 pm — [INFO] — Rutuja Dabhade-->GET--->entries
4/8/2025, 2:35:09 pm — [INFO] — Rutuja Dabhade-->GET--->milkrates
4/8/2025, 2:35:24 pm — [INFO] — Rutuja Dabhade-->POST--->bills
4/8/2025, 2:35:30 pm — [INFO] — Rutuja Dabhade-->GET--->entries
4/8/2025, 2:35:30 pm — [INFO] — Rutuja Dabhade-->GET--->entries
4/8/2025, 2:35:30 pm — [INFO] — Rutuja Dabhade-->GET--->entries
4/8/2025, 2:35:30 pm — [INFO] — Rutuja Dabhade-->GET--->milkrates
4/8/2025, 2:35:30 pm — [INFO] — Rutuja Dabhade-->GET--->entries
4/8/2025, 2:35:30 pm — [INFO] — Rutuja Dabhade-->GET--->milkrates
4/8/2025, 2:42:25 pm — [INFO] — Rutuja Dabhade-->GET--->bills
4/8/2025, 2:42:25 pm — [INFO] — Rutuja Dabhade-->GET--->bills
4/8/2025, 2:42:25 pm — [INFO] — Rutuja Dabhade-->GET--->entries
4/8/2025, 2:42:25 pm — [INFO] — Rutuja Dabhade-->GET--->milkrates
4/8/2025, 2:42:25 pm — [INFO] — Rutuja Dabhade-->GET--->entries
4/8/2025, 2:42:26 pm — [INFO] — Rutuja Dabhade-->GET--->milkrates
4/8/2025, 2:42:34 pm — [INFO] — Rutuja Dabhade-->GET--->bills
4/8/2025, 2:42:34 pm — [INFO] — Rutuja Dabhade-->GET--->entries
4/8/2025, 2:42:34 pm — [INFO] — Rutuja Dabhade-->GET--->milkrates
4/8/2025, 2:42:40 pm — [INFO] — Rutuja Dabhade-->POST--->bills
4/8/2025, 2:43:17 pm — [INFO] — Rutuja Dabhade-->GET--->entries
4/8/2025, 2:43:17 pm — [INFO] — Rutuja Dabhade-->GET--->entries
4/8/2025, 2:43:17 pm — [INFO] — Rutuja Dabhade-->GET--->milkrates
4/8/2025, 2:43:17 pm — [INFO] — Rutuja Dabhade-->GET--->entries
4/8/2025, 2:43:17 pm — [INFO] — Rutuja Dabhade-->GET--->milkrates
4/8/2025, 2:43:17 pm — [INFO] — Rutuja Dabhade-->GET--->entries
4/8/2025, 2:43:38 pm — [INFO] — Rutuja Dabhade-->GET--->entries
4/8/2025, 2:43:38 pm — [INFO] — Rutuja Dabhade-->GET--->entries
4/8/2025, 3:13:31 pm — [INFO] — Rutuja Dabhade-->GET--->entries
4/8/2025, 3:13:31 pm — [INFO] — Rutuja Dabhade-->GET--->entries
4/8/2025, 3:13:46 pm — [INFO] — Rutuja Dabhade-->GET--->entries
4/8/2025, 3:13:47 pm — [INFO] — Rutuja Dabhade-->GET--->entries
4/8/2025, 3:14:58 pm — [INFO] — Rutuja Dabhade-->GET--->entries
4/8/2025, 3:14:59 pm — [INFO] — Rutuja Dabhade-->GET--->entries
4/8/2025, 3:16:20 pm — [INFO] — Rutuja Dabhade-->GET--->entries
4/8/2025, 3:16:23 pm — [INFO] — Rutuja Dabhade-->GET--->entries
4/8/2025, 3:16:27 pm — [INFO] — Rutuja Dabhade-->GET--->entries
4/8/2025, 3:16:29 pm — [INFO] — Rutuja Dabhade-->GET--->entries
4/8/2025, 3:16:34 pm — [INFO] — Rutuja Dabhade-->GET--->entries
4/8/2025, 3:16:36 pm — [INFO] — Rutuja Dabhade-->GET--->entries
4/8/2025, 3:21:20 pm — [INFO] — Rutuja Dabhade-->GET--->entries
4/8/2025, 3:21:20 pm — [INFO] — Rutuja Dabhade-->GET--->entries
4/8/2025, 3:29:59 pm — [INFO] — Rutuja Dabhade-->GET--->entries
4/8/2025, 3:29:59 pm — [INFO] — Rutuja Dabhade-->GET--->entries
4/8/2025, 3:30:02 pm — [INFO] — Rutuja Dabhade-->GET--->entries
4/8/2025, 3:30:03 pm — [INFO] — Rutuja Dabhade-->GET--->entries
4/8/2025, 3:30:05 pm — [INFO] — Rutuja Dabhade-->GET--->entries
4/8/2025, 3:30:06 pm — [INFO] — Rutuja Dabhade-->GET--->entries
4/8/2025, 7:26:01 pm — [INFO] — Rutuja Dabhade-->GET--->entries
4/8/2025, 7:26:02 pm — [INFO] — Rutuja Dabhade-->GET--->entries
4/8/2025, 7:26:50 pm — [INFO] — Rutuja Dabhade-->GET--->entries
4/8/2025, 7:26:54 pm — [INFO] — Rutuja Dabhade-->GET--->entries
4/8/2025, 7:26:57 pm — [INFO] — Rutuja Dabhade-->GET--->entries
4/8/2025, 7:27:00 pm — [INFO] — Rutuja Dabhade-->GET--->entries
4/8/2025, 7:27:01 pm — [INFO] — Rutuja Dabhade-->GET--->entries
4/8/2025, 7:27:29 pm — [INFO] — Rutuja Dabhade-->GET--->entries
4/8/2025, 9:43:52 pm — [INFO] — Rutuja Dabhade-->GET--->entries
4/8/2025, 9:43:53 pm — [INFO] — Rutuja Dabhade-->GET--->entries
4/8/2025, 10:00:39 pm — [INFO] — Rutuja Dabhade-->GET--->entries
4/8/2025, 10:00:39 pm — [INFO] — Rutuja Dabhade-->GET--->entries
4/8/2025, 10:06:13 pm — [INFO] — Rutuja Dabhade-->GET--->last_entries
4/8/2025, 10:06:13 pm — [INFO] — Rutuja Dabhade-->GET--->entries
4/8/2025, 10:07:58 pm — [INFO] — Rutuja Dabhade-->GET--->last_entries
4/8/2025, 10:07:59 pm — [INFO] — Rutuja Dabhade-->GET--->last_entries
4/8/2025, 10:07:59 pm — [INFO] — Rutuja Dabhade-->GET--->entries
4/8/2025, 10:07:59 pm — [INFO] — Rutuja Dabhade-->GET--->entries
4/8/2025, 10:08:13 pm — [INFO] — Rutuja Dabhade-->GET--->entries
4/8/2025, 10:08:16 pm — [INFO] — Rutuja Dabhade-->GET--->entries
4/8/2025, 10:08:26 pm — [INFO] — Rutuja Dabhade-->GET--->entries
4/8/2025, 10:08:29 pm — [INFO] — Rutuja Dabhade-->GET--->entries
4/8/2025, 10:08:37 pm — [INFO] — Rutuja Dabhade-->GET--->entries
4/8/2025, 10:08:39 pm — [INFO] — Rutuja Dabhade-->GET--->entries
4/8/2025, 10:08:41 pm — [INFO] — Rutuja Dabhade-->GET--->entries
4/8/2025, 10:08:45 pm — [INFO] — Rutuja Dabhade-->GET--->entries
4/8/2025, 10:08:51 pm — [INFO] — Rutuja Dabhade-->PUT--->entries
4/8/2025, 10:08:55 pm — [INFO] — Rutuja Dabhade-->GET--->last_entries
4/8/2025, 10:08:55 pm — [INFO] — Rutuja Dabhade-->GET--->entries
4/8/2025, 10:09:14 pm — [INFO] — Rutuja Dabhade-->GET--->last_entries
4/8/2025, 10:09:14 pm — [INFO] — Rutuja Dabhade-->GET--->last_entries
4/8/2025, 10:09:14 pm — [INFO] — Rutuja Dabhade-->GET--->entries
4/8/2025, 10:09:15 pm — [INFO] — Rutuja Dabhade-->GET--->entries
4/8/2025, 10:09:23 pm — [INFO] — Rutuja Dabhade-->GET--->entries
4/8/2025, 10:09:27 pm — [INFO] — Rutuja Dabhade-->GET--->entries
4/8/2025, 10:09:29 pm — [INFO] — Rutuja Dabhade-->GET--->entries
4/8/2025, 10:09:32 pm — [INFO] — Rutuja Dabhade-->GET--->entries
4/8/2025, 10:09:36 pm — [INFO] — Rutuja Dabhade-->GET--->entries
4/8/2025, 10:09:37 pm — [INFO] — Rutuja Dabhade-->GET--->entries
4/8/2025, 10:09:39 pm — [INFO] — Rutuja Dabhade-->GET--->entries
4/8/2025, 10:09:43 pm — [INFO] — Rutuja Dabhade-->GET--->entries
4/8/2025, 10:09:57 pm — [INFO] — Rutuja Dabhade-->POST--->entries
4/8/2025, 10:09:57 pm — [INFO] — Rutuja Dabhade-->PUT--->last_entries
4/8/2025, 10:09:57 pm — [INFO] — Rutuja Dabhade-->GET--->last_entries
4/8/2025, 10:09:57 pm — [INFO] — Rutuja Dabhade-->GET--->entries
4/8/2025, 10:12:30 pm — [INFO] — Rutuja Dabhade-->GET--->entries
4/8/2025, 10:12:43 pm — [INFO] — Rutuja Dabhade-->GET--->payments
4/8/2025, 10:12:43 pm — [INFO] — Rutuja Dabhade-->GET--->payments
4/8/2025, 10:12:44 pm — [INFO] — Rutuja Dabhade-->GET--->entries
4/8/2025, 10:12:44 pm — [INFO] — Rutuja Dabhade-->GET--->milkrates
4/8/2025, 10:12:44 pm — [INFO] — Rutuja Dabhade-->GET--->entries
4/8/2025, 10:12:44 pm — [INFO] — Rutuja Dabhade-->GET--->milkrates
4/8/2025, 10:12:49 pm — [INFO] — Rutuja Dabhade-->GET--->entries
4/8/2025, 10:12:49 pm — [INFO] — Rutuja Dabhade-->GET--->entries
