2/8/2025, 1:16:37 pm — [INFO] — Kailas Nimbalkar-->GET--->products
2/8/2025, 1:16:38 pm — [INFO] — Kailas Nimbalkar-->GET--->products
2/8/2025, 7:41:07 pm — [INFO] — Rutuja Dabhade-->GET--->customers
2/8/2025, 7:41:07 pm — [INFO] — Rutuja Dabhade-->GET--->customers
2/8/2025, 7:41:14 pm — [INFO] — Rutuja Dabhade-->GET--->entries
2/8/2025, 7:41:14 pm — [INFO] — Rutuja Dabhade-->GET--->entries
2/8/2025, 7:41:27 pm — [INFO] — Rutuja Dabhade-->GET--->entries
2/8/2025, 7:42:11 pm — [INFO] — Rutuja Dabhade-->GET--->entries
2/8/2025, 7:42:15 pm — [INFO] — Rutuja Dabhade-->GET--->entries
2/8/2025, 7:42:23 pm — [INFO] — Rutuja Dabhade-->PUT--->entries
2/8/2025, 7:42:23 pm — [INFO] — Rutuja Dabhade-->GET--->entries
2/8/2025, 7:42:54 pm — [INFO] — Rutuja Dabhade-->PUT--->entries
2/8/2025, 7:42:54 pm — [INFO] — Rutuja Dabhade-->GET--->entries
2/8/2025, 7:43:05 pm — [INFO] — Rutuja Dabhade-->PUT--->entries
2/8/2025, 7:43:20 pm — [INFO] — Rutuja Dabhade-->GET--->entries
2/8/2025, 7:43:20 pm — [INFO] — Rutuja Dabhade-->GET--->entries
2/8/2025, 7:43:24 pm — [INFO] — Rutuja Dabhade-->GET--->entries
2/8/2025, 7:43:55 pm — [INFO] — Rutuja Dabhade-->PUT--->entries
2/8/2025, 7:43:55 pm — [INFO] — Rutuja Dabhade-->GET--->entries
2/8/2025, 7:46:13 pm — [INFO] — Rutuja Dabhade-->GET--->entries
2/8/2025, 7:46:14 pm — [INFO] — Rutuja Dabhade-->GET--->entries
2/8/2025, 7:46:16 pm — [INFO] — Rutuja Dabhade-->GET--->entries
2/8/2025, 7:46:23 pm — [INFO] — Rutuja Dabhade-->PUT--->entries
2/8/2025, 7:46:23 pm — [INFO] — Rutuja Dabhade-->GET--->entries
2/8/2025, 7:56:54 pm — [INFO] — Rutuja Dabhade-->GET--->entries
2/8/2025, 7:56:55 pm — [INFO] — Rutuja Dabhade-->GET--->entries
2/8/2025, 7:56:58 pm — [INFO] — Rutuja Dabhade-->GET--->entries
2/8/2025, 7:57:03 pm — [INFO] — Rutuja Dabhade-->PUT--->entries
2/8/2025, 7:57:03 pm — [INFO] — Rutuja Dabhade-->GET--->entries
2/8/2025, 7:57:09 pm — [INFO] — Rutuja Dabhade-->PUT--->entries
2/8/2025, 7:57:09 pm — [INFO] — Rutuja Dabhade-->GET--->entries
2/8/2025, 7:57:19 pm — [INFO] — Rutuja Dabhade-->PUT--->entries
2/8/2025, 8:04:54 pm — [INFO] — Rutuja Dabhade-->GET--->entries
2/8/2025, 8:04:55 pm — [INFO] — Rutuja Dabhade-->GET--->entries
2/8/2025, 8:05:05 pm — [INFO] — Rutuja Dabhade-->GET--->entries
2/8/2025, 8:05:11 pm — [INFO] — Rutuja Dabhade-->PUT--->entries
2/8/2025, 8:05:11 pm — [INFO] — Rutuja Dabhade-->GET--->entries
2/8/2025, 8:08:46 pm — [INFO] — Rutuja Dabhade-->POST--->entries
2/8/2025, 8:08:46 pm — [INFO] — Rutuja Dabhade-->GET--->entries
2/8/2025, 8:08:52 pm — [INFO] — Rutuja Dabhade-->PUT--->entries
2/8/2025, 8:08:52 pm — [INFO] — Rutuja Dabhade-->GET--->entries
2/8/2025, 8:20:21 pm — [INFO] — Rutuja Dabhade-->GET--->entries
2/8/2025, 8:20:22 pm — [INFO] — Rutuja Dabhade-->GET--->entries
2/8/2025, 8:20:25 pm — [INFO] — Rutuja Dabhade-->GET--->entries
2/8/2025, 8:20:30 pm — [INFO] — Rutuja Dabhade-->PUT--->entries
2/8/2025, 8:20:30 pm — [INFO] — Rutuja Dabhade-->GET--->entries
2/8/2025, 8:20:53 pm — [INFO] — Rutuja Dabhade-->PUT--->entries
2/8/2025, 8:21:13 pm — [INFO] — Rutuja Dabhade-->GET--->entries
2/8/2025, 8:21:13 pm — [INFO] — Rutuja Dabhade-->GET--->entries
2/8/2025, 8:21:16 pm — [INFO] — Rutuja Dabhade-->GET--->entries
2/8/2025, 8:21:26 pm — [INFO] — Rutuja Dabhade-->PUT--->entries
2/8/2025, 8:34:06 pm — [INFO] — Rutuja Dabhade-->GET--->entries
2/8/2025, 8:34:06 pm — [INFO] — Rutuja Dabhade-->GET--->entries
2/8/2025, 8:34:09 pm — [INFO] — Rutuja Dabhade-->GET--->entries
2/8/2025, 8:34:12 pm — [INFO] — Rutuja Dabhade-->PUT--->entries
2/8/2025, 8:34:12 pm — [INFO] — Rutuja Dabhade-->GET--->entries
2/8/2025, 8:34:20 pm — [INFO] — Rutuja Dabhade-->GET--->entries
2/8/2025, 8:34:20 pm — [INFO] — Rutuja Dabhade-->GET--->entries
2/8/2025, 8:34:22 pm — [INFO] — Rutuja Dabhade-->GET--->entries
2/8/2025, 8:34:30 pm — [INFO] — Rutuja Dabhade-->POST--->entries
2/8/2025, 8:34:30 pm — [INFO] — Rutuja Dabhade-->GET--->entries
2/8/2025, 8:34:42 pm — [INFO] — Rutuja Dabhade-->PUT--->entries
2/8/2025, 8:34:42 pm — [INFO] — Rutuja Dabhade-->GET--->entries
2/8/2025, 9:37:52 pm — [INFO] — Rutuja Dabhade-->GET--->entries
2/8/2025, 9:37:52 pm — [INFO] — Rutuja Dabhade-->GET--->entries
2/8/2025, 9:37:56 pm — [INFO] — Rutuja Dabhade-->GET--->entries
2/8/2025, 9:38:00 pm — [INFO] — Rutuja Dabhade-->PUT--->entries
2/8/2025, 9:38:00 pm — [INFO] — Rutuja Dabhade-->GET--->entries
2/8/2025, 9:42:28 pm — [INFO] — Rutuja Dabhade-->GET--->entries
2/8/2025, 9:42:28 pm — [INFO] — Rutuja Dabhade-->GET--->entries
2/8/2025, 9:42:40 pm — [INFO] — Rutuja Dabhade-->GET--->customers
2/8/2025, 9:42:41 pm — [INFO] — Rutuja Dabhade-->GET--->customers
2/8/2025, 9:42:47 pm — [INFO] — Rutuja Dabhade-->GET--->payments
2/8/2025, 9:42:48 pm — [INFO] — Rutuja Dabhade-->GET--->payments
2/8/2025, 9:42:50 pm — [INFO] — Rutuja Dabhade-->GET--->entries
2/8/2025, 9:42:50 pm — [INFO] — Rutuja Dabhade-->GET--->milkrates
2/8/2025, 9:42:51 pm — [INFO] — Rutuja Dabhade-->GET--->entries
2/8/2025, 9:42:51 pm — [INFO] — Rutuja Dabhade-->GET--->milkrates
2/8/2025, 9:42:57 pm — [INFO] — Rutuja Dabhade-->GET--->payments
2/8/2025, 9:42:59 pm — [INFO] — Rutuja Dabhade-->GET--->payments
2/8/2025, 9:42:59 pm — [INFO] — Rutuja Dabhade-->GET--->entries
2/8/2025, 9:42:59 pm — [INFO] — Rutuja Dabhade-->GET--->milkrates
2/8/2025, 9:43:06 pm — [INFO] — Rutuja Dabhade-->GET--->entries
2/8/2025, 9:43:08 pm — [INFO] — Rutuja Dabhade-->GET--->milkrates
2/8/2025, 9:43:16 pm — [INFO] — Rutuja Dabhade-->GET--->customers
2/8/2025, 9:43:21 pm — [INFO] — Rutuja Dabhade-->GET--->customers
2/8/2025, 9:43:27 pm — [INFO] — Rutuja Dabhade-->GET--->payments
2/8/2025, 9:43:32 pm — [INFO] — Rutuja Dabhade-->GET--->payments
2/8/2025, 9:43:33 pm — [INFO] — Rutuja Dabhade-->GET--->entries
2/8/2025, 9:43:33 pm — [INFO] — Rutuja Dabhade-->GET--->milkrates
2/8/2025, 9:43:34 pm — [INFO] — Rutuja Dabhade-->GET--->entries
2/8/2025, 9:43:34 pm — [INFO] — Rutuja Dabhade-->GET--->milkrates
2/8/2025, 9:43:47 pm — [INFO] — Rutuja Dabhade-->GET--->payments
2/8/2025, 9:43:47 pm — [INFO] — Rutuja Dabhade-->GET--->payments
2/8/2025, 9:43:47 pm — [INFO] — Rutuja Dabhade-->GET--->entries
2/8/2025, 9:43:47 pm — [INFO] — Rutuja Dabhade-->GET--->milkrates
2/8/2025, 9:43:48 pm — [INFO] — Rutuja Dabhade-->GET--->entries
2/8/2025, 9:43:48 pm — [INFO] — Rutuja Dabhade-->GET--->milkrates
2/8/2025, 9:48:45 pm — [INFO] — Rutuja Dabhade-->GET--->payments
2/8/2025, 9:48:45 pm — [INFO] — Rutuja Dabhade-->GET--->payments
2/8/2025, 9:48:45 pm — [INFO] — Rutuja Dabhade-->GET--->entries
2/8/2025, 9:48:45 pm — [INFO] — Rutuja Dabhade-->GET--->entries
2/8/2025, 9:48:45 pm — [INFO] — Rutuja Dabhade-->GET--->entries
2/8/2025, 9:48:45 pm — [INFO] — Rutuja Dabhade-->GET--->entries
2/8/2025, 9:48:46 pm — [INFO] — Rutuja Dabhade-->GET--->entries
2/8/2025, 9:48:46 pm — [INFO] — Rutuja Dabhade-->GET--->entries
2/8/2025, 9:48:46 pm — [INFO] — Rutuja Dabhade-->GET--->entries
2/8/2025, 9:48:46 pm — [INFO] — Rutuja Dabhade-->GET--->entries
2/8/2025, 9:48:46 pm — [INFO] — Rutuja Dabhade-->GET--->entries
2/8/2025, 9:48:46 pm — [INFO] — Rutuja Dabhade-->GET--->entries
2/8/2025, 9:48:46 pm — [INFO] — Rutuja Dabhade-->GET--->entries
2/8/2025, 9:48:46 pm — [INFO] — Rutuja Dabhade-->GET--->entries
2/8/2025, 9:48:46 pm — [INFO] — Rutuja Dabhade-->GET--->entries
2/8/2025, 9:48:46 pm — [INFO] — Rutuja Dabhade-->GET--->entries
2/8/2025, 9:48:46 pm — [INFO] — Rutuja Dabhade-->GET--->entries
2/8/2025, 9:48:46 pm — [INFO] — Rutuja Dabhade-->GET--->entries
2/8/2025, 9:48:46 pm — [INFO] — Rutuja Dabhade-->GET--->entries
2/8/2025, 9:48:46 pm — [INFO] — Rutuja Dabhade-->GET--->entries
2/8/2025, 9:48:46 pm — [INFO] — Rutuja Dabhade-->GET--->entries
2/8/2025, 9:48:46 pm — [INFO] — Rutuja Dabhade-->GET--->entries
2/8/2025, 9:48:47 pm — [INFO] — Rutuja Dabhade-->GET--->entries
2/8/2025, 9:48:47 pm — [INFO] — Rutuja Dabhade-->GET--->entries
2/8/2025, 9:48:47 pm — [INFO] — Rutuja Dabhade-->GET--->milkrates
2/8/2025, 9:48:47 pm — [INFO] — Rutuja Dabhade-->GET--->entries
2/8/2025, 9:48:47 pm — [INFO] — Rutuja Dabhade-->GET--->entries
2/8/2025, 9:48:47 pm — [INFO] — Rutuja Dabhade-->GET--->milkrates
2/8/2025, 9:49:23 pm — [INFO] — Rutuja Dabhade-->GET--->entries
2/8/2025, 9:49:23 pm — [INFO] — Rutuja Dabhade-->GET--->entries
2/8/2025, 9:54:02 pm — [INFO] — Rutuja Dabhade-->GET--->payments
2/8/2025, 9:54:02 pm — [INFO] — Rutuja Dabhade-->GET--->payments
2/8/2025, 9:54:02 pm — [INFO] — Rutuja Dabhade-->GET--->milkrates
2/8/2025, 9:54:02 pm — [INFO] — Rutuja Dabhade-->GET--->entries
2/8/2025, 9:54:02 pm — [INFO] — Rutuja Dabhade-->GET--->milkrates
2/8/2025, 9:54:02 pm — [INFO] — Rutuja Dabhade-->GET--->entries
2/8/2025, 9:54:02 pm — [INFO] — Rutuja Dabhade-->GET--->entries
2/8/2025, 9:54:02 pm — [INFO] — Rutuja Dabhade-->GET--->entries
2/8/2025, 9:54:02 pm — [INFO] — Rutuja Dabhade-->GET--->entries
2/8/2025, 9:54:02 pm — [INFO] — Rutuja Dabhade-->GET--->entries
2/8/2025, 9:54:02 pm — [INFO] — Rutuja Dabhade-->GET--->entries
2/8/2025, 9:54:02 pm — [INFO] — Rutuja Dabhade-->GET--->entries
2/8/2025, 9:54:02 pm — [INFO] — Rutuja Dabhade-->GET--->entries
2/8/2025, 9:54:03 pm — [INFO] — Rutuja Dabhade-->GET--->entries
2/8/2025, 9:54:03 pm — [INFO] — Rutuja Dabhade-->GET--->entries
2/8/2025, 9:54:03 pm — [INFO] — Rutuja Dabhade-->GET--->entries
2/8/2025, 9:54:03 pm — [INFO] — Rutuja Dabhade-->GET--->entries
2/8/2025, 9:54:03 pm — [INFO] — Rutuja Dabhade-->GET--->entries
2/8/2025, 9:54:03 pm — [INFO] — Rutuja Dabhade-->GET--->entries
2/8/2025, 9:54:04 pm — [INFO] — Rutuja Dabhade-->GET--->entries
2/8/2025, 9:54:15 pm — [INFO] — Rutuja Dabhade-->GET--->payments
2/8/2025, 9:54:15 pm — [INFO] — Rutuja Dabhade-->GET--->milkrates
2/8/2025, 9:54:15 pm — [INFO] — Rutuja Dabhade-->GET--->entries
2/8/2025, 9:54:16 pm — [INFO] — Rutuja Dabhade-->GET--->entries
2/8/2025, 9:54:16 pm — [INFO] — Rutuja Dabhade-->GET--->entries
2/8/2025, 9:54:16 pm — [INFO] — Rutuja Dabhade-->GET--->entries
2/8/2025, 9:54:16 pm — [INFO] — Rutuja Dabhade-->GET--->entries
2/8/2025, 9:54:16 pm — [INFO] — Rutuja Dabhade-->GET--->entries
2/8/2025, 9:54:17 pm — [INFO] — Rutuja Dabhade-->GET--->entries
2/8/2025, 9:54:17 pm — [INFO] — Rutuja Dabhade-->GET--->entries
2/8/2025, 9:54:35 pm — [INFO] — Rutuja Dabhade-->GET--->payments
2/8/2025, 9:54:35 pm — [INFO] — Rutuja Dabhade-->GET--->milkrates
2/8/2025, 9:54:36 pm — [INFO] — Rutuja Dabhade-->GET--->entries
2/8/2025, 9:54:36 pm — [INFO] — Rutuja Dabhade-->GET--->entries
2/8/2025, 9:54:36 pm — [INFO] — Rutuja Dabhade-->GET--->entries
2/8/2025, 9:54:36 pm — [INFO] — Rutuja Dabhade-->GET--->entries
2/8/2025, 9:54:36 pm — [INFO] — Rutuja Dabhade-->GET--->entries
2/8/2025, 9:54:36 pm — [INFO] — Rutuja Dabhade-->GET--->entries
2/8/2025, 9:54:36 pm — [INFO] — Rutuja Dabhade-->GET--->entries
2/8/2025, 9:54:36 pm — [INFO] — Rutuja Dabhade-->GET--->entries
2/8/2025, 9:55:42 pm — [INFO] — Rutuja Dabhade-->GET--->payments
2/8/2025, 9:55:42 pm — [INFO] — Rutuja Dabhade-->GET--->payments
2/8/2025, 9:55:42 pm — [INFO] — Rutuja Dabhade-->GET--->entries
2/8/2025, 9:55:42 pm — [INFO] — Rutuja Dabhade-->GET--->milkrates
2/8/2025, 9:55:42 pm — [INFO] — Rutuja Dabhade-->GET--->entries
2/8/2025, 9:55:42 pm — [INFO] — Rutuja Dabhade-->GET--->milkrates
2/8/2025, 9:55:49 pm — [INFO] — Rutuja Dabhade-->GET--->payments
2/8/2025, 9:55:49 pm — [INFO] — Rutuja Dabhade-->GET--->entries
2/8/2025, 9:55:49 pm — [INFO] — Rutuja Dabhade-->GET--->milkrates
2/8/2025, 9:57:19 pm — [INFO] — Rutuja Dabhade-->GET--->entries
2/8/2025, 9:57:19 pm — [INFO] — Rutuja Dabhade-->GET--->entries
2/8/2025, 9:57:24 pm — [INFO] — Rutuja Dabhade-->GET--->payments
2/8/2025, 9:57:24 pm — [INFO] — Rutuja Dabhade-->GET--->payments
2/8/2025, 9:57:24 pm — [INFO] — Rutuja Dabhade-->GET--->entries
2/8/2025, 9:57:24 pm — [INFO] — Rutuja Dabhade-->GET--->milkrates
2/8/2025, 9:57:24 pm — [INFO] — Rutuja Dabhade-->GET--->entries
2/8/2025, 9:57:24 pm — [INFO] — Rutuja Dabhade-->GET--->milkrates
2/8/2025, 9:57:31 pm — [INFO] — Rutuja Dabhade-->GET--->payments
2/8/2025, 9:57:32 pm — [INFO] — Rutuja Dabhade-->GET--->entries
2/8/2025, 9:57:32 pm — [INFO] — Rutuja Dabhade-->GET--->milkrates
2/8/2025, 10:01:24 pm — [INFO] — Rutuja Dabhade-->GET--->payments
2/8/2025, 10:01:24 pm — [INFO] — Rutuja Dabhade-->GET--->payments
2/8/2025, 10:01:24 pm — [INFO] — Rutuja Dabhade-->GET--->entries
2/8/2025, 10:01:24 pm — [INFO] — Rutuja Dabhade-->GET--->milkrates
2/8/2025, 10:01:24 pm — [INFO] — Rutuja Dabhade-->GET--->entries
2/8/2025, 10:01:24 pm — [INFO] — Rutuja Dabhade-->GET--->milkrates
2/8/2025, 10:01:31 pm — [INFO] — Rutuja Dabhade-->GET--->payments
2/8/2025, 10:01:31 pm — [INFO] — Rutuja Dabhade-->GET--->entries
2/8/2025, 10:01:31 pm — [INFO] — Rutuja Dabhade-->GET--->milkrates
2/8/2025, 10:08:20 pm — [INFO] — Rutuja Dabhade-->GET--->payments
2/8/2025, 10:08:20 pm — [INFO] — Rutuja Dabhade-->GET--->payments
2/8/2025, 10:08:20 pm — [INFO] — Rutuja Dabhade-->GET--->entries
2/8/2025, 10:08:21 pm — [INFO] — Rutuja Dabhade-->GET--->entries
2/8/2025, 10:12:25 pm — [INFO] — Rutuja Dabhade-->GET--->payments
2/8/2025, 10:12:26 pm — [INFO] — Rutuja Dabhade-->GET--->entries
2/8/2025, 10:12:36 pm — [INFO] — Rutuja Dabhade-->GET--->payments
2/8/2025, 10:12:36 pm — [INFO] — Rutuja Dabhade-->GET--->payments
2/8/2025, 10:12:36 pm — [INFO] — Rutuja Dabhade-->GET--->entries
2/8/2025, 10:12:36 pm — [INFO] — Rutuja Dabhade-->GET--->entries
2/8/2025, 10:13:10 pm — [INFO] — Rutuja Dabhade-->GET--->payments
2/8/2025, 10:13:10 pm — [INFO] — Rutuja Dabhade-->GET--->entries
2/8/2025, 10:16:32 pm — [INFO] — Rutuja Dabhade-->GET--->payments
2/8/2025, 10:16:32 pm — [INFO] — Rutuja Dabhade-->GET--->payments
2/8/2025, 10:16:32 pm — [INFO] — Rutuja Dabhade-->GET--->entries
2/8/2025, 10:16:32 pm — [INFO] — Rutuja Dabhade-->GET--->milkrates
2/8/2025, 10:16:32 pm — [INFO] — Rutuja Dabhade-->GET--->entries
2/8/2025, 10:16:33 pm — [INFO] — Rutuja Dabhade-->GET--->milkrates
2/8/2025, 10:16:45 pm — [INFO] — Rutuja Dabhade-->GET--->payments
2/8/2025, 10:16:45 pm — [INFO] — Rutuja Dabhade-->GET--->entries
2/8/2025, 10:16:45 pm — [INFO] — Rutuja Dabhade-->GET--->milkrates
2/8/2025, 10:20:11 pm — [INFO] — Rutuja Dabhade-->GET--->payments
2/8/2025, 10:20:11 pm — [INFO] — Rutuja Dabhade-->GET--->payments
2/8/2025, 10:20:11 pm — [INFO] — Rutuja Dabhade-->GET--->entries
2/8/2025, 10:20:11 pm — [INFO] — Rutuja Dabhade-->GET--->milkrates
2/8/2025, 10:20:11 pm — [INFO] — Rutuja Dabhade-->GET--->entries
2/8/2025, 10:20:11 pm — [INFO] — Rutuja Dabhade-->GET--->milkrates
2/8/2025, 10:20:21 pm — [INFO] — Rutuja Dabhade-->GET--->payments
2/8/2025, 10:20:22 pm — [INFO] — Rutuja Dabhade-->GET--->entries
2/8/2025, 10:20:22 pm — [INFO] — Rutuja Dabhade-->GET--->milkrates
2/8/2025, 10:21:28 pm — [INFO] — Rutuja Dabhade-->GET--->payments
2/8/2025, 10:21:28 pm — [INFO] — Rutuja Dabhade-->GET--->payments
2/8/2025, 10:21:29 pm — [INFO] — Rutuja Dabhade-->GET--->entries
2/8/2025, 10:21:29 pm — [INFO] — Rutuja Dabhade-->GET--->milkrates
2/8/2025, 10:21:29 pm — [INFO] — Rutuja Dabhade-->GET--->entries
2/8/2025, 10:21:29 pm — [INFO] — Rutuja Dabhade-->GET--->milkrates
2/8/2025, 10:21:38 pm — [INFO] — Rutuja Dabhade-->GET--->payments
2/8/2025, 10:21:38 pm — [INFO] — Rutuja Dabhade-->GET--->entries
2/8/2025, 10:21:38 pm — [INFO] — Rutuja Dabhade-->GET--->milkrates
2/8/2025, 10:22:06 pm — [INFO] — Rutuja Dabhade-->GET--->payments
2/8/2025, 10:22:06 pm — [INFO] — Rutuja Dabhade-->GET--->entries
2/8/2025, 10:22:06 pm — [INFO] — Rutuja Dabhade-->GET--->milkrates
2/8/2025, 10:22:38 pm — [INFO] — Rutuja Dabhade-->POST--->payments
2/8/2025, 10:22:38 pm — [INFO] — Rutuja Dabhade-->GET--->payments
2/8/2025, 10:22:38 pm — [INFO] — Rutuja Dabhade-->GET--->entries
2/8/2025, 10:22:38 pm — [INFO] — Rutuja Dabhade-->GET--->milkrates
2/8/2025, 10:22:48 pm — [INFO] — Rutuja Dabhade-->GET--->bills
2/8/2025, 10:22:48 pm — [INFO] — Rutuja Dabhade-->GET--->bills
2/8/2025, 10:22:56 pm — [INFO] — Rutuja Dabhade-->GET--->entries
2/8/2025, 10:22:56 pm — [INFO] — Rutuja Dabhade-->GET--->entries
2/8/2025, 10:23:03 pm — [INFO] — Rutuja Dabhade-->GET--->payments
2/8/2025, 10:23:03 pm — [INFO] — Rutuja Dabhade-->GET--->payments
2/8/2025, 10:23:03 pm — [INFO] — Rutuja Dabhade-->GET--->entries
2/8/2025, 10:23:03 pm — [INFO] — Rutuja Dabhade-->GET--->milkrates
2/8/2025, 10:23:03 pm — [INFO] — Rutuja Dabhade-->GET--->milkrates
2/8/2025, 10:23:03 pm — [INFO] — Rutuja Dabhade-->GET--->entries
2/8/2025, 10:23:21 pm — [INFO] — Rutuja Dabhade-->GET--->entries
2/8/2025, 10:23:21 pm — [INFO] — Rutuja Dabhade-->GET--->entries
2/8/2025, 10:23:28 pm — [INFO] — Rutuja Dabhade-->GET--->bills
2/8/2025, 10:23:28 pm — [INFO] — Rutuja Dabhade-->GET--->bills
2/8/2025, 10:26:00 pm — [INFO] — Rutuja Dabhade-->GET--->bills
2/8/2025, 10:26:00 pm — [INFO] — Rutuja Dabhade-->GET--->entries
2/8/2025, 10:26:00 pm — [INFO] — Rutuja Dabhade-->GET--->milkrates
2/8/2025, 10:26:10 pm — [INFO] — Rutuja Dabhade-->GET--->bills
2/8/2025, 10:26:10 pm — [INFO] — Rutuja Dabhade-->GET--->bills
2/8/2025, 10:26:10 pm — [INFO] — Rutuja Dabhade-->GET--->entries
2/8/2025, 10:26:10 pm — [INFO] — Rutuja Dabhade-->GET--->milkrates
2/8/2025, 10:26:10 pm — [INFO] — Rutuja Dabhade-->GET--->milkrates
2/8/2025, 10:26:10 pm — [INFO] — Rutuja Dabhade-->GET--->entries
2/8/2025, 10:26:19 pm — [INFO] — Rutuja Dabhade-->GET--->bills
2/8/2025, 10:26:19 pm — [INFO] — Rutuja Dabhade-->GET--->entries
2/8/2025, 10:26:19 pm — [INFO] — Rutuja Dabhade-->GET--->milkrates
2/8/2025, 10:26:29 pm — [INFO] — Rutuja Dabhade-->GET--->entries
2/8/2025, 10:26:30 pm — [INFO] — Rutuja Dabhade-->GET--->entries
2/8/2025, 10:31:29 pm — [INFO] — Rutuja Dabhade-->GET--->bills
2/8/2025, 10:31:29 pm — [INFO] — Rutuja Dabhade-->GET--->bills
2/8/2025, 10:31:29 pm — [INFO] — Rutuja Dabhade-->GET--->entries
2/8/2025, 10:31:29 pm — [INFO] — Rutuja Dabhade-->GET--->milkrates
2/8/2025, 10:31:29 pm — [INFO] — Rutuja Dabhade-->GET--->entries
2/8/2025, 10:31:29 pm — [INFO] — Rutuja Dabhade-->GET--->milkrates
2/8/2025, 10:31:33 pm — [INFO] — Rutuja Dabhade-->GET--->bills
2/8/2025, 10:31:33 pm — [INFO] — Rutuja Dabhade-->GET--->entries
2/8/2025, 10:31:33 pm — [INFO] — Rutuja Dabhade-->GET--->milkrates
2/8/2025, 10:31:38 pm — [INFO] — Rutuja Dabhade-->GET--->entries
2/8/2025, 10:31:38 pm — [INFO] — Rutuja Dabhade-->GET--->entries
2/8/2025, 10:39:25 pm — [INFO] — Rutuja Dabhade-->GET--->bills
2/8/2025, 10:39:25 pm — [INFO] — Rutuja Dabhade-->GET--->bills
2/8/2025, 10:39:25 pm — [INFO] — Rutuja Dabhade-->GET--->entries
2/8/2025, 10:39:25 pm — [INFO] — Rutuja Dabhade-->GET--->milkrates
2/8/2025, 10:39:26 pm — [INFO] — Rutuja Dabhade-->GET--->milkrates
2/8/2025, 10:39:26 pm — [INFO] — Rutuja Dabhade-->GET--->entries
2/8/2025, 10:39:31 pm — [INFO] — Rutuja Dabhade-->GET--->bills
2/8/2025, 10:39:31 pm — [INFO] — Rutuja Dabhade-->GET--->entries
2/8/2025, 10:39:31 pm — [INFO] — Rutuja Dabhade-->GET--->milkrates
2/8/2025, 10:39:39 pm — [INFO] — Rutuja Dabhade-->GET--->entries
2/8/2025, 10:39:39 pm — [INFO] — Rutuja Dabhade-->GET--->entries
2/8/2025, 10:39:39 pm — [INFO] — Rutuja Dabhade-->GET--->milkrates
2/8/2025, 10:39:40 pm — [INFO] — Rutuja Dabhade-->GET--->entries
2/8/2025, 10:39:40 pm — [INFO] — Rutuja Dabhade-->GET--->milkrates
2/8/2025, 10:39:40 pm — [INFO] — Rutuja Dabhade-->GET--->entries
2/8/2025, 10:39:55 pm — [INFO] — Rutuja Dabhade-->GET--->bills
2/8/2025, 10:39:55 pm — [INFO] — Rutuja Dabhade-->GET--->entries
2/8/2025, 10:39:55 pm — [INFO] — Rutuja Dabhade-->GET--->milkrates
2/8/2025, 10:39:57 pm — [INFO] — Rutuja Dabhade-->GET--->entries
2/8/2025, 10:39:57 pm — [INFO] — Rutuja Dabhade-->GET--->entries
2/8/2025, 10:39:58 pm — [INFO] — Rutuja Dabhade-->GET--->entries
2/8/2025, 10:39:58 pm — [INFO] — Rutuja Dabhade-->GET--->milkrates
2/8/2025, 10:39:58 pm — [INFO] — Rutuja Dabhade-->GET--->entries
2/8/2025, 10:39:58 pm — [INFO] — Rutuja Dabhade-->GET--->milkrates
2/8/2025, 10:40:06 pm — [INFO] — Rutuja Dabhade-->GET--->entries
2/8/2025, 10:40:06 pm — [INFO] — Rutuja Dabhade-->GET--->entries
2/8/2025, 10:40:06 pm — [INFO] — Rutuja Dabhade-->GET--->entries
2/8/2025, 10:40:06 pm — [INFO] — Rutuja Dabhade-->GET--->milkrates
2/8/2025, 10:40:06 pm — [INFO] — Rutuja Dabhade-->GET--->entries
2/8/2025, 10:40:06 pm — [INFO] — Rutuja Dabhade-->GET--->milkrates
2/8/2025, 10:41:14 pm — [INFO] — Rutuja Dabhade-->GET--->entries
2/8/2025, 10:41:14 pm — [INFO] — Rutuja Dabhade-->GET--->entries
2/8/2025, 10:42:05 pm — [INFO] — Rutuja Dabhade-->GET--->entries
2/8/2025, 10:42:15 pm — [INFO] — Rutuja Dabhade-->POST--->entries
2/8/2025, 10:42:15 pm — [INFO] — Rutuja Dabhade-->GET--->entries
2/8/2025, 10:43:33 pm — [INFO] — Rutuja Dabhade-->GET--->entries
2/8/2025, 10:43:37 pm — [INFO] — Rutuja Dabhade-->GET--->bills
2/8/2025, 10:43:37 pm — [INFO] — Rutuja Dabhade-->GET--->bills
2/8/2025, 10:43:37 pm — [INFO] — Rutuja Dabhade-->GET--->entries
2/8/2025, 10:43:37 pm — [INFO] — Rutuja Dabhade-->GET--->milkrates
2/8/2025, 10:43:37 pm — [INFO] — Rutuja Dabhade-->GET--->entries
2/8/2025, 10:43:37 pm — [INFO] — Rutuja Dabhade-->GET--->milkrates
2/8/2025, 10:43:41 pm — [INFO] — Rutuja Dabhade-->POST--->bills
2/8/2025, 10:44:13 pm — [INFO] — Rutuja Dabhade-->POST--->bills
2/8/2025, 10:49:04 pm — [INFO] — Rutuja Dabhade-->GET--->payments
2/8/2025, 10:49:05 pm — [INFO] — Rutuja Dabhade-->GET--->payments
2/8/2025, 10:49:05 pm — [INFO] — Rutuja Dabhade-->GET--->entries
2/8/2025, 10:49:05 pm — [INFO] — Rutuja Dabhade-->GET--->milkrates
2/8/2025, 10:49:05 pm — [INFO] — Rutuja Dabhade-->GET--->entries
2/8/2025, 10:49:06 pm — [INFO] — Rutuja Dabhade-->GET--->milkrates
2/8/2025, 10:49:11 pm — [INFO] — Rutuja Dabhade-->GET--->bills
2/8/2025, 10:49:11 pm — [INFO] — Rutuja Dabhade-->GET--->bills
2/8/2025, 10:49:11 pm — [INFO] — Rutuja Dabhade-->GET--->entries
2/8/2025, 10:49:11 pm — [INFO] — Rutuja Dabhade-->GET--->milkrates
2/8/2025, 10:49:11 pm — [INFO] — Rutuja Dabhade-->GET--->entries
2/8/2025, 10:49:12 pm — [INFO] — Rutuja Dabhade-->GET--->milkrates
2/8/2025, 10:49:21 pm — [INFO] — Rutuja Dabhade-->GET--->bills
2/8/2025, 10:49:21 pm — [INFO] — Rutuja Dabhade-->GET--->entries
2/8/2025, 10:49:21 pm — [INFO] — Rutuja Dabhade-->GET--->milkrates
2/8/2025, 10:49:23 pm — [INFO] — Rutuja Dabhade-->GET--->bills
2/8/2025, 10:49:23 pm — [INFO] — Rutuja Dabhade-->GET--->entries
2/8/2025, 10:49:23 pm — [INFO] — Rutuja Dabhade-->GET--->milkrates
2/8/2025, 10:49:48 pm — [INFO] — Rutuja Dabhade-->GET--->payments
2/8/2025, 10:49:48 pm — [INFO] — Rutuja Dabhade-->GET--->payments
2/8/2025, 10:49:48 pm — [INFO] — Rutuja Dabhade-->GET--->entries
2/8/2025, 10:49:48 pm — [INFO] — Rutuja Dabhade-->GET--->milkrates
2/8/2025, 10:49:48 pm — [INFO] — Rutuja Dabhade-->GET--->entries
2/8/2025, 10:49:48 pm — [INFO] — Rutuja Dabhade-->GET--->milkrates
2/8/2025, 10:53:18 pm — [INFO] — Rutuja Dabhade-->GET--->payments
2/8/2025, 10:53:18 pm — [INFO] — Rutuja Dabhade-->GET--->entries
2/8/2025, 10:53:18 pm — [INFO] — Rutuja Dabhade-->GET--->milkrates
2/8/2025, 10:53:24 pm — [INFO] — Rutuja Dabhade-->GET--->payments
2/8/2025, 10:53:24 pm — [INFO] — Rutuja Dabhade-->GET--->payments
2/8/2025, 10:53:24 pm — [INFO] — Rutuja Dabhade-->GET--->entries
2/8/2025, 10:53:24 pm — [INFO] — Rutuja Dabhade-->GET--->milkrates
2/8/2025, 10:53:24 pm — [INFO] — Rutuja Dabhade-->GET--->entries
2/8/2025, 10:53:24 pm — [INFO] — Rutuja Dabhade-->GET--->milkrates
2/8/2025, 10:53:27 pm — [INFO] — Rutuja Dabhade-->GET--->payments
2/8/2025, 10:53:27 pm — [INFO] — Rutuja Dabhade-->GET--->entries
2/8/2025, 10:53:27 pm — [INFO] — Rutuja Dabhade-->GET--->milkrates
2/8/2025, 10:53:32 pm — [INFO] — Rutuja Dabhade-->GET--->payments
2/8/2025, 10:53:32 pm — [INFO] — Rutuja Dabhade-->GET--->entries
2/8/2025, 10:53:32 pm — [INFO] — Rutuja Dabhade-->GET--->milkrates
2/8/2025, 10:53:42 pm — [INFO] — Rutuja Dabhade-->GET--->payments
2/8/2025, 10:53:43 pm — [INFO] — Rutuja Dabhade-->GET--->entries
2/8/2025, 10:53:43 pm — [INFO] — Rutuja Dabhade-->GET--->milkrates
2/8/2025, 10:53:47 pm — [INFO] — Rutuja Dabhade-->GET--->payments
2/8/2025, 10:53:48 pm — [INFO] — Rutuja Dabhade-->GET--->entries
2/8/2025, 10:53:48 pm — [INFO] — Rutuja Dabhade-->GET--->milkrates
2/8/2025, 10:54:22 pm — [INFO] — Rutuja Dabhade-->GET--->payments
2/8/2025, 10:54:22 pm — [INFO] — Rutuja Dabhade-->GET--->entries
2/8/2025, 10:54:22 pm — [INFO] — Rutuja Dabhade-->GET--->milkrates
2/8/2025, 10:54:28 pm — [INFO] — Rutuja Dabhade-->GET--->bills
2/8/2025, 10:54:29 pm — [INFO] — Rutuja Dabhade-->GET--->bills
2/8/2025, 10:54:29 pm — [INFO] — Rutuja Dabhade-->GET--->entries
2/8/2025, 10:54:29 pm — [INFO] — Rutuja Dabhade-->GET--->milkrates
2/8/2025, 10:54:29 pm — [INFO] — Rutuja Dabhade-->GET--->milkrates
2/8/2025, 10:54:29 pm — [INFO] — Rutuja Dabhade-->GET--->entries
2/8/2025, 10:54:45 pm — [INFO] — Rutuja Dabhade-->GET--->bills
2/8/2025, 10:54:45 pm — [INFO] — Rutuja Dabhade-->GET--->bills
2/8/2025, 10:54:45 pm — [INFO] — Rutuja Dabhade-->GET--->entries
2/8/2025, 10:54:45 pm — [INFO] — Rutuja Dabhade-->GET--->milkrates
2/8/2025, 10:54:45 pm — [INFO] — Rutuja Dabhade-->GET--->entries
2/8/2025, 10:54:45 pm — [INFO] — Rutuja Dabhade-->GET--->milkrates
2/8/2025, 10:54:51 pm — [INFO] — Rutuja Dabhade-->GET--->bills
2/8/2025, 10:54:51 pm — [INFO] — Rutuja Dabhade-->GET--->entries
2/8/2025, 10:54:51 pm — [INFO] — Rutuja Dabhade-->GET--->milkrates
2/8/2025, 10:56:15 pm — [INFO] — Rutuja Dabhade-->GET--->payments
2/8/2025, 10:56:15 pm — [INFO] — Rutuja Dabhade-->GET--->payments
2/8/2025, 10:56:15 pm — [INFO] — Rutuja Dabhade-->GET--->entries
2/8/2025, 10:56:15 pm — [INFO] — Rutuja Dabhade-->GET--->milkrates
2/8/2025, 10:56:16 pm — [INFO] — Rutuja Dabhade-->GET--->entries
2/8/2025, 10:56:16 pm — [INFO] — Rutuja Dabhade-->GET--->milkrates
2/8/2025, 10:57:22 pm — [INFO] — Rutuja Dabhade-->GET--->payments
2/8/2025, 10:57:22 pm — [INFO] — Rutuja Dabhade-->GET--->entries
2/8/2025, 10:57:22 pm — [INFO] — Rutuja Dabhade-->GET--->milkrates
2/8/2025, 10:57:26 pm — [INFO] — Rutuja Dabhade-->GET--->payments
2/8/2025, 10:57:26 pm — [INFO] — Rutuja Dabhade-->GET--->payments
2/8/2025, 10:57:26 pm — [INFO] — Rutuja Dabhade-->GET--->entries
2/8/2025, 10:57:26 pm — [INFO] — Rutuja Dabhade-->GET--->milkrates
2/8/2025, 10:57:27 pm — [INFO] — Rutuja Dabhade-->GET--->entries
2/8/2025, 10:57:27 pm — [INFO] — Rutuja Dabhade-->GET--->milkrates
2/8/2025, 10:59:33 pm — [INFO] — Rutuja Dabhade-->GET--->bills
2/8/2025, 10:59:33 pm — [INFO] — Rutuja Dabhade-->GET--->bills
2/8/2025, 10:59:33 pm — [INFO] — Rutuja Dabhade-->GET--->entries
2/8/2025, 10:59:33 pm — [INFO] — Rutuja Dabhade-->GET--->milkrates
2/8/2025, 10:59:33 pm — [INFO] — Rutuja Dabhade-->GET--->entries
2/8/2025, 10:59:33 pm — [INFO] — Rutuja Dabhade-->GET--->milkrates
2/8/2025, 11:21:33 pm — [INFO] — Rutuja Dabhade-->GET--->bills
2/8/2025, 11:21:34 pm — [INFO] — Rutuja Dabhade-->GET--->bills
2/8/2025, 11:21:34 pm — [INFO] — Rutuja Dabhade-->GET--->entries
2/8/2025, 11:21:34 pm — [INFO] — Rutuja Dabhade-->GET--->milkrates
2/8/2025, 11:21:34 pm — [INFO] — Rutuja Dabhade-->GET--->entries
2/8/2025, 11:21:35 pm — [INFO] — Rutuja Dabhade-->GET--->milkrates
2/8/2025, 11:21:40 pm — [INFO] — Rutuja Dabhade-->POST--->bills
2/8/2025, 11:42:05 pm — [INFO] — Rutuja Dabhade-->GET--->bills
2/8/2025, 11:42:05 pm — [INFO] — Rutuja Dabhade-->GET--->bills
2/8/2025, 11:42:05 pm — [INFO] — Rutuja Dabhade-->GET--->entries
2/8/2025, 11:42:05 pm — [INFO] — Rutuja Dabhade-->GET--->milkrates
2/8/2025, 11:42:05 pm — [INFO] — Rutuja Dabhade-->GET--->entries
2/8/2025, 11:42:06 pm — [INFO] — Rutuja Dabhade-->GET--->milkrates
2/8/2025, 11:42:08 pm — [INFO] — Rutuja Dabhade-->GET--->bills
2/8/2025, 11:42:08 pm — [ERROR] — guest encountered error during GET /bills/null — hex string must be 24 characters
2/8/2025, 11:42:08 pm — [INFO] — Rutuja Dabhade-->GET--->bills
2/8/2025, 11:42:08 pm — [ERROR] — guest encountered error during GET /bills/null — hex string must be 24 characters
2/8/2025, 11:42:19 pm — [INFO] — Rutuja Dabhade-->GET--->bills
2/8/2025, 11:42:19 pm — [ERROR] — guest encountered error during GET /bills/null — hex string must be 24 characters
