20/7/2025, 1:09:34 am — [WARN] — Unauthorized operation -->GET--->payments
20/7/2025, 1:09:35 am — [WARN] — Unauthorized operation -->GET--->entries
20/7/2025, 1:12:16 am — [INFO] — Rutuja Dabhade-->GET--->payments
20/7/2025, 1:12:16 am — [INFO] — Rutuja Dabhade-->GET--->entries
20/7/2025, 1:12:16 am — [INFO] — Rutuja Dabhade-->GET--->payments
20/7/2025, 1:12:16 am — [INFO] — Rutuja Dabhade-->GET--->entries
20/7/2025, 1:12:20 am — [INFO] — Rutuja Dabhade-->GET--->entries
20/7/2025, 1:12:20 am — [INFO] — Rutuja Dabhade-->GET--->entries
20/7/2025, 1:12:21 am — [INFO] — Rutuja Dabhade-->GET--->payments
20/7/2025, 1:12:21 am — [INFO] — Rutuja Dabhade-->GET--->entries
20/7/2025, 1:12:21 am — [INFO] — Rutuja Dabhade-->GET--->entries
20/7/2025, 1:12:21 am — [INFO] — Rutuja Dabhade-->GET--->payments
20/7/2025, 1:12:27 am — [INFO] — Rutuja Dabhade-->GET--->entries
20/7/2025, 1:12:27 am — [INFO] — Rutuja Dabhade-->GET--->entries
20/7/2025, 1:12:32 am — [INFO] — Rutuja Dabhade-->PUT--->entries
20/7/2025, 1:12:32 am — [INFO] — Rutuja Dabhade-->GET--->entries
20/7/2025, 1:12:46 am — [INFO] — Rutuja Dabhade-->PUT--->entries
20/7/2025, 1:15:48 am — [INFO] — Rutuja Dabhade-->GET--->entries
20/7/2025, 1:23:19 am — [INFO] — Rutuja Dabhade-->GET--->entries
20/7/2025, 1:23:19 am — [INFO] — Rutuja Dabhade-->GET--->entries
20/7/2025, 1:23:24 am — [INFO] — Rutuja Dabhade-->PUT--->entries
20/7/2025, 1:23:27 am — [INFO] — Rutuja Dabhade-->PUT--->entries
20/7/2025, 1:23:36 am — [INFO] — Rutuja Dabhade-->PUT--->entries
