1/8/2025, 12:22:32 pm — [INFO] — Rutuja Dabhade-->GET--->roles
1/8/2025, 12:22:32 pm — [INFO] — Rutuja Dabhade-->GET--->roles
1/8/2025, 12:22:48 pm — [INFO] — Rutuja Dabhade-->GET--->products
1/8/2025, 12:22:48 pm — [INFO] — Rutuja Dabhade-->GET--->products
1/8/2025, 12:23:04 pm — [INFO] — Rutuja Dabhade-->GET--->products
1/8/2025, 12:23:04 pm — [INFO] — Rutuja Dabhade-->GET--->products
1/8/2025, 12:23:16 pm — [INFO] — Rutuja Dabhade-->GET--->customers
1/8/2025, 12:23:16 pm — [INFO] — Rutuja Dabhade-->GET--->customers
1/8/2025, 12:24:14 pm — [INFO] — Rutuja Dabhade-->GET--->customers
1/8/2025, 12:24:14 pm — [INFO] — Rutuja Dabhade-->GET--->customers
1/8/2025, 12:24:46 pm — [INFO] — Rutuja Dabhade-->GET--->products
1/8/2025, 12:24:46 pm — [INFO] — Rutuja Dabhade-->GET--->products
1/8/2025, 12:24:54 pm — [INFO] — Rutuja Dabhade-->GET--->customers
1/8/2025, 12:24:54 pm — [INFO] — Rutuja Dabhade-->GET--->customers
1/8/2025, 12:25:20 pm — [INFO] — Rutuja Dabhade-->GET--->products
1/8/2025, 12:25:20 pm — [INFO] — Rutuja Dabhade-->GET--->products
1/8/2025, 12:25:46 pm — [INFO] — Rutuja Dabhade-->GET--->customers
1/8/2025, 12:25:46 pm — [INFO] — Rutuja Dabhade-->GET--->customers
1/8/2025, 12:26:39 pm — [INFO] — Rutuja Dabhade-->GET--->entries
1/8/2025, 12:26:39 pm — [INFO] — Rutuja Dabhade-->GET--->entries
1/8/2025, 12:28:21 pm — [INFO] — Rutuja Dabhade-->GET--->entries
1/8/2025, 12:28:24 pm — [INFO] — Rutuja Dabhade-->GET--->entries
1/8/2025, 12:28:32 pm — [INFO] — Rutuja Dabhade-->GET--->entries
1/8/2025, 12:28:35 pm — [INFO] — Rutuja Dabhade-->GET--->entries
1/8/2025, 12:28:41 pm — [INFO] — Rutuja Dabhade-->GET--->entries
1/8/2025, 12:28:53 pm — [INFO] — Rutuja Dabhade-->GET--->entries
1/8/2025, 12:29:07 pm — [INFO] — Rutuja Dabhade-->GET--->entries
1/8/2025, 12:29:15 pm — [INFO] — Rutuja Dabhade-->GET--->entries
1/8/2025, 12:29:28 pm — [INFO] — Rutuja Dabhade-->GET--->entries
1/8/2025, 12:29:42 pm — [INFO] — Rutuja Dabhade-->GET--->entries
1/8/2025, 12:31:16 pm — [INFO] — Rutuja Dabhade-->GET--->entries
1/8/2025, 12:31:17 pm — [INFO] — Rutuja Dabhade-->GET--->entries
1/8/2025, 12:31:23 pm — [INFO] — Rutuja Dabhade-->GET--->entries
1/8/2025, 12:31:31 pm — [INFO] — Rutuja Dabhade-->GET--->entries
1/8/2025, 12:31:52 pm — [INFO] — Rutuja Dabhade-->GET--->entries
1/8/2025, 12:31:56 pm — [INFO] — Rutuja Dabhade-->GET--->entries
1/8/2025, 12:32:06 pm — [INFO] — Rutuja Dabhade-->GET--->entries
1/8/2025, 12:32:06 pm — [INFO] — Rutuja Dabhade-->GET--->entries
1/8/2025, 12:32:19 pm — [INFO] — Rutuja Dabhade-->GET--->entries
1/8/2025, 12:32:35 pm — [INFO] — Rutuja Dabhade-->GET--->entries
1/8/2025, 12:32:47 pm — [INFO] — Rutuja Dabhade-->GET--->entries
1/8/2025, 12:32:47 pm — [INFO] — Rutuja Dabhade-->GET--->entries
1/8/2025, 12:32:54 pm — [INFO] — Rutuja Dabhade-->GET--->entries
1/8/2025, 12:33:08 pm — [INFO] — Rutuja Dabhade-->GET--->entries
1/8/2025, 12:34:16 pm — [INFO] — Rutuja Dabhade-->GET--->entries
1/8/2025, 12:34:28 pm — [INFO] — Rutuja Dabhade-->POST--->entries
1/8/2025, 12:34:28 pm — [INFO] — Rutuja Dabhade-->POST--->entries
1/8/2025, 12:34:28 pm — [INFO] — Rutuja Dabhade-->POST--->entries
1/8/2025, 12:34:28 pm — [INFO] — Rutuja Dabhade-->POST--->entries
1/8/2025, 12:34:28 pm — [INFO] — Rutuja Dabhade-->POST--->entries
1/8/2025, 12:34:28 pm — [INFO] — Rutuja Dabhade-->GET--->entries
1/8/2025, 12:34:48 pm — [INFO] — Rutuja Dabhade-->GET--->entries
1/8/2025, 12:36:24 pm — [INFO] — Rutuja Dabhade-->GET--->customers
1/8/2025, 12:36:24 pm — [INFO] — Rutuja Dabhade-->GET--->customers
1/8/2025, 12:36:30 pm — [INFO] — Rutuja Dabhade-->GET--->entries
1/8/2025, 12:36:30 pm — [INFO] — Rutuja Dabhade-->GET--->entries
1/8/2025, 12:36:44 pm — [INFO] — Rutuja Dabhade-->GET--->bills
1/8/2025, 12:36:44 pm — [INFO] — Rutuja Dabhade-->GET--->bills
1/8/2025, 12:36:44 pm — [INFO] — Rutuja Dabhade-->GET--->entries
1/8/2025, 12:36:44 pm — [INFO] — Rutuja Dabhade-->GET--->milkrates
1/8/2025, 12:36:44 pm — [INFO] — Rutuja Dabhade-->GET--->entries
1/8/2025, 12:36:44 pm — [INFO] — Rutuja Dabhade-->GET--->milkrates
1/8/2025, 12:37:21 pm — [INFO] — Rutuja Dabhade-->GET--->bills
1/8/2025, 12:37:21 pm — [INFO] — Rutuja Dabhade-->GET--->entries
1/8/2025, 12:37:21 pm — [INFO] — Rutuja Dabhade-->GET--->milkrates
1/8/2025, 12:38:17 pm — [INFO] — Rutuja Dabhade-->GET--->entries
1/8/2025, 12:38:17 pm — [INFO] — Rutuja Dabhade-->GET--->entries
1/8/2025, 12:38:17 pm — [INFO] — Rutuja Dabhade-->GET--->entries
1/8/2025, 12:38:17 pm — [INFO] — Rutuja Dabhade-->GET--->milkrates
1/8/2025, 12:38:17 pm — [INFO] — Rutuja Dabhade-->GET--->entries
1/8/2025, 12:38:17 pm — [INFO] — Rutuja Dabhade-->GET--->milkrates
1/8/2025, 12:39:01 pm — [INFO] — Rutuja Dabhade-->POST--->bills
1/8/2025, 12:49:55 pm — [INFO] — Rutuja Dabhade-->GET--->entries
1/8/2025, 12:49:55 pm — [INFO] — Rutuja Dabhade-->GET--->entries
1/8/2025, 1:07:47 pm — [INFO] — Rutuja Dabhade-->GET--->entries
1/8/2025, 1:07:58 pm — [INFO] — Rutuja Dabhade-->GET--->entries
1/8/2025, 1:08:02 pm — [INFO] — Rutuja Dabhade-->GET--->entries
1/8/2025, 1:08:05 pm — [INFO] — Rutuja Dabhade-->GET--->entries
1/8/2025, 1:08:14 pm — [INFO] — Rutuja Dabhade-->GET--->entries
1/8/2025, 1:13:16 pm — [INFO] — Rutuja Dabhade-->GET--->entries
1/8/2025, 1:13:16 pm — [INFO] — Rutuja Dabhade-->GET--->entries
1/8/2025, 1:20:58 pm — [INFO] — Rutuja Dabhade-->GET--->bills
1/8/2025, 1:20:58 pm — [INFO] — Rutuja Dabhade-->GET--->bills
1/8/2025, 1:20:58 pm — [INFO] — Rutuja Dabhade-->GET--->entries
1/8/2025, 1:20:59 pm — [INFO] — Rutuja Dabhade-->GET--->milkrates
1/8/2025, 1:20:59 pm — [INFO] — Rutuja Dabhade-->GET--->milkrates
1/8/2025, 1:20:59 pm — [INFO] — Rutuja Dabhade-->GET--->entries
1/8/2025, 1:21:01 pm — [INFO] — Rutuja Dabhade-->GET--->entries
1/8/2025, 1:21:01 pm — [INFO] — Rutuja Dabhade-->GET--->entries
1/8/2025, 1:21:01 pm — [INFO] — Rutuja Dabhade-->GET--->entries
1/8/2025, 1:21:01 pm — [INFO] — Rutuja Dabhade-->GET--->milkrates
1/8/2025, 1:21:01 pm — [INFO] — Rutuja Dabhade-->GET--->entries
1/8/2025, 1:21:01 pm — [INFO] — Rutuja Dabhade-->GET--->milkrates
1/8/2025, 1:21:12 pm — [INFO] — Rutuja Dabhade-->GET--->bills
1/8/2025, 1:21:12 pm — [INFO] — Rutuja Dabhade-->GET--->entries
1/8/2025, 1:21:12 pm — [INFO] — Rutuja Dabhade-->GET--->milkrates
1/8/2025, 1:21:15 pm — [INFO] — Rutuja Dabhade-->GET--->entries
1/8/2025, 1:21:15 pm — [INFO] — Rutuja Dabhade-->GET--->entries
1/8/2025, 1:21:15 pm — [INFO] — Rutuja Dabhade-->GET--->entries
1/8/2025, 1:21:15 pm — [INFO] — Rutuja Dabhade-->GET--->milkrates
1/8/2025, 1:21:15 pm — [INFO] — Rutuja Dabhade-->GET--->entries
1/8/2025, 1:21:15 pm — [INFO] — Rutuja Dabhade-->GET--->milkrates
1/8/2025, 1:21:59 pm — [WARN] — Unauthorized operation -->GET--->entries
1/8/2025, 1:21:59 pm — [WARN] — Unauthorized operation -->GET--->entries
1/8/2025, 1:22:11 pm — [WARN] — Unauthorized operation -->GET--->entries
1/8/2025, 1:22:15 pm — [WARN] — Unauthorized operation -->GET--->entries
1/8/2025, 1:22:17 pm — [WARN] — Unauthorized operation -->GET--->entries
1/8/2025, 1:22:18 pm — [WARN] — Unauthorized operation -->GET--->entries
1/8/2025, 1:22:23 pm — [WARN] — Unauthorized operation -->GET--->entries
1/8/2025, 1:22:32 pm — [WARN] — Unauthorized operation -->GET--->entries
1/8/2025, 1:24:40 pm — [INFO] — Rutuja Dabhade-->GET--->entries
1/8/2025, 1:24:40 pm — [INFO] — Rutuja Dabhade-->GET--->entries
1/8/2025, 1:29:15 pm — [INFO] — Rutuja Dabhade-->GET--->entries
1/8/2025, 1:29:15 pm — [INFO] — Rutuja Dabhade-->GET--->entries
1/8/2025, 1:33:01 pm — [INFO] — Rutuja Dabhade-->GET--->entries
1/8/2025, 1:33:01 pm — [INFO] — Rutuja Dabhade-->GET--->entries
1/8/2025, 1:39:36 pm — [INFO] — Rutuja Dabhade-->GET--->entries
1/8/2025, 1:39:38 pm — [INFO] — Rutuja Dabhade-->GET--->entries
1/8/2025, 1:39:40 pm — [INFO] — Rutuja Dabhade-->GET--->entries
1/8/2025, 1:39:41 pm — [INFO] — Rutuja Dabhade-->GET--->entries
1/8/2025, 1:39:42 pm — [INFO] — Rutuja Dabhade-->GET--->entries
1/8/2025, 1:39:43 pm — [INFO] — Rutuja Dabhade-->GET--->entries
1/8/2025, 1:39:43 pm — [INFO] — Rutuja Dabhade-->GET--->entries
1/8/2025, 1:39:45 pm — [INFO] — Rutuja Dabhade-->GET--->entries
1/8/2025, 1:39:53 pm — [INFO] — Rutuja Dabhade-->GET--->entries
1/8/2025, 1:39:53 pm — [INFO] — Rutuja Dabhade-->GET--->entries
1/8/2025, 1:42:15 pm — [INFO] — Rutuja Dabhade-->GET--->entries
1/8/2025, 1:42:15 pm — [INFO] — Rutuja Dabhade-->GET--->entries
1/8/2025, 1:49:38 pm — [INFO] — Rutuja Dabhade-->GET--->entries
1/8/2025, 1:49:38 pm — [INFO] — Rutuja Dabhade-->GET--->entries
1/8/2025, 1:49:40 pm — [INFO] — Rutuja Dabhade-->GET--->entries
1/8/2025, 1:49:42 pm — [INFO] — Rutuja Dabhade-->GET--->entries
1/8/2025, 1:49:43 pm — [INFO] — Rutuja Dabhade-->GET--->entries
1/8/2025, 1:50:03 pm — [INFO] — Rutuja Dabhade-->GET--->entries
1/8/2025, 1:50:03 pm — [INFO] — Rutuja Dabhade-->GET--->entries
1/8/2025, 1:50:09 pm — [INFO] — Rutuja Dabhade-->GET--->entries
1/8/2025, 1:50:13 pm — [INFO] — Rutuja Dabhade-->GET--->entries
1/8/2025, 1:50:15 pm — [INFO] — Rutuja Dabhade-->GET--->entries
1/8/2025, 1:50:16 pm — [INFO] — Rutuja Dabhade-->GET--->entries
1/8/2025, 1:50:17 pm — [INFO] — Rutuja Dabhade-->GET--->entries
1/8/2025, 1:50:17 pm — [INFO] — Rutuja Dabhade-->GET--->entries
1/8/2025, 1:50:18 pm — [INFO] — Rutuja Dabhade-->GET--->entries
1/8/2025, 1:50:18 pm — [INFO] — Rutuja Dabhade-->GET--->entries
1/8/2025, 1:50:18 pm — [INFO] — Rutuja Dabhade-->GET--->entries
1/8/2025, 1:50:21 pm — [INFO] — Rutuja Dabhade-->GET--->entries
1/8/2025, 1:50:27 pm — [INFO] — Rutuja Dabhade-->GET--->entries
1/8/2025, 1:50:29 pm — [INFO] — Rutuja Dabhade-->GET--->entries
1/8/2025, 1:50:37 pm — [INFO] — Rutuja Dabhade-->GET--->entries
1/8/2025, 1:51:38 pm — [INFO] — Rutuja Dabhade-->GET--->entries
1/8/2025, 1:57:12 pm — [INFO] — Rutuja Dabhade-->GET--->entries
1/8/2025, 1:57:12 pm — [INFO] — Rutuja Dabhade-->GET--->entries
1/8/2025, 1:57:24 pm — [INFO] — Rutuja Dabhade-->GET--->entries
1/8/2025, 1:57:34 pm — [INFO] — Rutuja Dabhade-->GET--->entries
1/8/2025, 1:57:40 pm — [INFO] — Rutuja Dabhade-->GET--->entries
1/8/2025, 1:57:43 pm — [INFO] — Rutuja Dabhade-->GET--->entries
1/8/2025, 1:57:44 pm — [INFO] — Rutuja Dabhade-->GET--->entries
1/8/2025, 1:57:44 pm — [INFO] — Rutuja Dabhade-->GET--->entries
1/8/2025, 1:57:45 pm — [INFO] — Rutuja Dabhade-->GET--->entries
1/8/2025, 1:57:46 pm — [INFO] — Rutuja Dabhade-->GET--->entries
1/8/2025, 1:57:47 pm — [INFO] — Rutuja Dabhade-->GET--->entries
1/8/2025, 1:57:49 pm — [INFO] — Rutuja Dabhade-->GET--->entries
1/8/2025, 1:58:04 pm — [INFO] — Rutuja Dabhade-->GET--->entries
1/8/2025, 1:58:05 pm — [INFO] — Rutuja Dabhade-->GET--->entries
1/8/2025, 1:58:06 pm — [INFO] — Rutuja Dabhade-->GET--->entries
1/8/2025, 1:58:13 pm — [INFO] — Rutuja Dabhade-->GET--->entries
1/8/2025, 1:58:29 pm — [INFO] — Rutuja Dabhade-->GET--->entries
1/8/2025, 1:58:33 pm — [INFO] — Rutuja Dabhade-->GET--->entries
1/8/2025, 1:58:34 pm — [INFO] — Rutuja Dabhade-->GET--->entries
1/8/2025, 1:58:35 pm — [INFO] — Rutuja Dabhade-->GET--->entries
1/8/2025, 1:58:36 pm — [INFO] — Rutuja Dabhade-->GET--->entries
1/8/2025, 1:58:37 pm — [INFO] — Rutuja Dabhade-->GET--->entries
1/8/2025, 1:58:37 pm — [INFO] — Rutuja Dabhade-->GET--->entries
1/8/2025, 1:58:38 pm — [INFO] — Rutuja Dabhade-->GET--->entries
1/8/2025, 1:58:38 pm — [INFO] — Rutuja Dabhade-->GET--->entries
1/8/2025, 1:58:39 pm — [INFO] — Rutuja Dabhade-->GET--->entries
1/8/2025, 1:58:40 pm — [INFO] — Rutuja Dabhade-->GET--->entries
1/8/2025, 1:58:41 pm — [INFO] — Rutuja Dabhade-->GET--->entries
1/8/2025, 1:58:42 pm — [INFO] — Rutuja Dabhade-->GET--->entries
1/8/2025, 1:58:43 pm — [INFO] — Rutuja Dabhade-->GET--->entries
1/8/2025, 1:58:45 pm — [INFO] — Rutuja Dabhade-->GET--->entries
1/8/2025, 1:58:46 pm — [INFO] — Rutuja Dabhade-->GET--->entries
1/8/2025, 1:59:56 pm — [INFO] — Rutuja Dabhade-->GET--->bills
1/8/2025, 1:59:56 pm — [INFO] — Rutuja Dabhade-->GET--->bills
1/8/2025, 1:59:56 pm — [INFO] — Rutuja Dabhade-->GET--->entries
1/8/2025, 1:59:56 pm — [INFO] — Rutuja Dabhade-->GET--->milkrates
1/8/2025, 1:59:56 pm — [INFO] — Rutuja Dabhade-->GET--->milkrates
1/8/2025, 1:59:57 pm — [INFO] — Rutuja Dabhade-->GET--->entries
1/8/2025, 2:00:03 pm — [INFO] — Rutuja Dabhade-->GET--->entries
1/8/2025, 2:00:03 pm — [INFO] — Rutuja Dabhade-->GET--->entries
1/8/2025, 2:09:44 pm — [INFO] — Rutuja Dabhade-->GET--->entries
1/8/2025, 2:09:44 pm — [INFO] — Rutuja Dabhade-->GET--->entries
1/8/2025, 2:09:54 pm — [INFO] — Rutuja Dabhade-->GET--->entries
1/8/2025, 2:09:57 pm — [INFO] — Rutuja Dabhade-->GET--->entries
1/8/2025, 2:09:57 pm — [INFO] — Rutuja Dabhade-->GET--->entries
1/8/2025, 2:09:58 pm — [INFO] — Rutuja Dabhade-->GET--->entries
1/8/2025, 2:09:59 pm — [INFO] — Rutuja Dabhade-->GET--->entries
1/8/2025, 2:09:59 pm — [INFO] — Rutuja Dabhade-->GET--->entries
1/8/2025, 2:10:05 pm — [INFO] — Rutuja Dabhade-->GET--->entries
1/8/2025, 2:11:15 pm — [INFO] — Rutuja Dabhade-->GET--->entries
1/8/2025, 2:11:15 pm — [INFO] — Rutuja Dabhade-->GET--->entries
1/8/2025, 2:11:21 pm — [INFO] — Rutuja Dabhade-->GET--->entries
1/8/2025, 2:11:23 pm — [INFO] — Rutuja Dabhade-->GET--->entries
1/8/2025, 2:11:24 pm — [INFO] — Rutuja Dabhade-->GET--->entries
1/8/2025, 2:11:26 pm — [INFO] — Rutuja Dabhade-->GET--->entries
1/8/2025, 2:11:27 pm — [INFO] — Rutuja Dabhade-->GET--->entries
1/8/2025, 2:11:28 pm — [INFO] — Rutuja Dabhade-->GET--->entries
1/8/2025, 2:11:29 pm — [INFO] — Rutuja Dabhade-->GET--->entries
1/8/2025, 2:11:38 pm — [INFO] — Rutuja Dabhade-->GET--->entries
1/8/2025, 2:11:46 pm — [INFO] — Rutuja Dabhade-->GET--->entries
1/8/2025, 2:15:56 pm — [INFO] — Rutuja Dabhade-->GET--->payments
1/8/2025, 2:15:56 pm — [INFO] — Rutuja Dabhade-->GET--->payments
1/8/2025, 2:15:56 pm — [INFO] — Rutuja Dabhade-->GET--->entries
1/8/2025, 2:15:56 pm — [INFO] — Rutuja Dabhade-->GET--->milkrates
1/8/2025, 2:15:57 pm — [INFO] — Rutuja Dabhade-->GET--->milkrates
1/8/2025, 2:15:57 pm — [INFO] — Rutuja Dabhade-->GET--->entries
1/8/2025, 2:16:03 pm — [INFO] — Rutuja Dabhade-->GET--->entries
1/8/2025, 2:16:03 pm — [INFO] — Rutuja Dabhade-->GET--->entries
1/8/2025, 2:17:17 pm — [INFO] — Rutuja Dabhade-->GET--->payments
1/8/2025, 2:17:17 pm — [INFO] — Rutuja Dabhade-->GET--->payments
1/8/2025, 2:17:17 pm — [INFO] — Rutuja Dabhade-->GET--->entries
1/8/2025, 2:17:17 pm — [INFO] — Rutuja Dabhade-->GET--->milkrates
1/8/2025, 2:17:17 pm — [INFO] — Rutuja Dabhade-->GET--->entries
1/8/2025, 2:17:17 pm — [INFO] — Rutuja Dabhade-->GET--->milkrates
1/8/2025, 2:17:33 pm — [INFO] — Rutuja Dabhade-->GET--->payments
1/8/2025, 2:17:34 pm — [INFO] — Rutuja Dabhade-->GET--->payments
1/8/2025, 2:17:34 pm — [INFO] — Rutuja Dabhade-->GET--->entries
1/8/2025, 2:17:34 pm — [INFO] — Rutuja Dabhade-->GET--->milkrates
1/8/2025, 2:17:34 pm — [INFO] — Rutuja Dabhade-->GET--->milkrates
1/8/2025, 2:17:34 pm — [INFO] — Rutuja Dabhade-->GET--->entries
1/8/2025, 2:18:03 pm — [INFO] — Rutuja Dabhade-->GET--->entries
1/8/2025, 2:18:03 pm — [INFO] — Rutuja Dabhade-->GET--->entries
1/8/2025, 2:28:48 pm — [INFO] — Rutuja Dabhade-->GET--->payments
1/8/2025, 2:28:48 pm — [INFO] — Rutuja Dabhade-->GET--->payments
1/8/2025, 2:28:48 pm — [INFO] — Rutuja Dabhade-->GET--->entries
1/8/2025, 2:28:48 pm — [INFO] — Rutuja Dabhade-->GET--->milkrates
1/8/2025, 2:28:48 pm — [INFO] — Rutuja Dabhade-->GET--->entries
1/8/2025, 2:28:48 pm — [INFO] — Rutuja Dabhade-->GET--->milkrates
1/8/2025, 2:29:12 pm — [INFO] — Rutuja Dabhade-->GET--->bills
1/8/2025, 2:29:12 pm — [INFO] — Rutuja Dabhade-->GET--->bills
1/8/2025, 2:29:12 pm — [INFO] — Rutuja Dabhade-->GET--->entries
1/8/2025, 2:29:12 pm — [INFO] — Rutuja Dabhade-->GET--->milkrates
1/8/2025, 2:29:12 pm — [INFO] — Rutuja Dabhade-->GET--->entries
1/8/2025, 2:29:13 pm — [INFO] — Rutuja Dabhade-->GET--->milkrates
1/8/2025, 2:33:53 pm — [INFO] — Rutuja Dabhade-->GET--->entries
1/8/2025, 2:33:53 pm — [INFO] — Rutuja Dabhade-->GET--->entries
1/8/2025, 2:33:57 pm — [INFO] — Rutuja Dabhade-->GET--->products
1/8/2025, 2:33:57 pm — [INFO] — Rutuja Dabhade-->GET--->products
1/8/2025, 2:34:03 pm — [INFO] — Rutuja Dabhade-->GET--->roles
1/8/2025, 2:34:03 pm — [INFO] — Rutuja Dabhade-->GET--->roles
1/8/2025, 2:39:03 pm — [INFO] — Rutuja Dabhade-->GET--->milkrates
1/8/2025, 2:39:03 pm — [INFO] — Rutuja Dabhade-->GET--->milkrates
1/8/2025, 2:39:30 pm — [INFO] — Rutuja Dabhade-->GET--->customers
1/8/2025, 2:39:30 pm — [INFO] — Rutuja Dabhade-->GET--->customers
1/8/2025, 2:39:35 pm — [INFO] — Rutuja Dabhade-->GET--->entries
1/8/2025, 2:39:36 pm — [INFO] — Rutuja Dabhade-->GET--->entries
1/8/2025, 2:40:26 pm — [INFO] — Rutuja Dabhade-->GET--->entries
1/8/2025, 2:41:37 pm — [INFO] — Rutuja Dabhade-->GET--->products
1/8/2025, 2:41:37 pm — [INFO] — Rutuja Dabhade-->GET--->products
1/8/2025, 2:41:40 pm — [INFO] — Rutuja Dabhade-->GET--->customers
1/8/2025, 2:41:40 pm — [INFO] — Rutuja Dabhade-->GET--->customers
1/8/2025, 2:41:47 pm — [INFO] — Rutuja Dabhade-->GET--->roles
1/8/2025, 2:41:47 pm — [INFO] — Rutuja Dabhade-->GET--->roles
1/8/2025, 2:41:53 pm — [INFO] — Rutuja Dabhade-->GET--->entries
1/8/2025, 2:41:53 pm — [INFO] — Rutuja Dabhade-->GET--->entries
1/8/2025, 2:41:58 pm — [INFO] — Rutuja Dabhade-->GET--->entries
1/8/2025, 2:42:00 pm — [INFO] — Rutuja Dabhade-->GET--->entries
1/8/2025, 2:42:01 pm — [INFO] — Rutuja Dabhade-->GET--->entries
1/8/2025, 2:42:03 pm — [INFO] — Rutuja Dabhade-->GET--->entries
1/8/2025, 2:42:03 pm — [INFO] — Rutuja Dabhade-->GET--->entries
1/8/2025, 2:42:05 pm — [INFO] — Rutuja Dabhade-->GET--->entries
1/8/2025, 2:42:09 pm — [INFO] — Rutuja Dabhade-->GET--->entries
1/8/2025, 2:42:10 pm — [INFO] — Rutuja Dabhade-->GET--->entries
1/8/2025, 2:42:11 pm — [INFO] — Rutuja Dabhade-->GET--->entries
1/8/2025, 2:42:11 pm — [INFO] — Rutuja Dabhade-->GET--->entries
1/8/2025, 2:42:38 pm — [INFO] — Rutuja Dabhade-->GET--->entries
1/8/2025, 2:42:40 pm — [INFO] — Rutuja Dabhade-->GET--->entries
1/8/2025, 2:42:51 pm — [INFO] — Rutuja Dabhade-->GET--->entries
1/8/2025, 2:42:51 pm — [INFO] — Rutuja Dabhade-->GET--->entries
1/8/2025, 2:42:58 pm — [INFO] — Rutuja Dabhade-->GET--->entries
1/8/2025, 2:43:02 pm — [INFO] — Rutuja Dabhade-->GET--->entries
1/8/2025, 2:43:03 pm — [INFO] — Rutuja Dabhade-->GET--->entries
1/8/2025, 2:43:04 pm — [INFO] — Rutuja Dabhade-->GET--->entries
1/8/2025, 2:43:05 pm — [INFO] — Rutuja Dabhade-->GET--->entries
1/8/2025, 2:43:05 pm — [INFO] — Rutuja Dabhade-->GET--->entries
1/8/2025, 2:43:07 pm — [INFO] — Rutuja Dabhade-->GET--->entries
1/8/2025, 2:43:07 pm — [INFO] — Rutuja Dabhade-->GET--->entries
1/8/2025, 2:43:07 pm — [INFO] — Rutuja Dabhade-->GET--->entries
1/8/2025, 2:43:08 pm — [INFO] — Rutuja Dabhade-->GET--->entries
1/8/2025, 2:43:08 pm — [INFO] — Rutuja Dabhade-->GET--->entries
1/8/2025, 2:43:13 pm — [INFO] — Rutuja Dabhade-->GET--->entries
1/8/2025, 2:43:13 pm — [INFO] — Rutuja Dabhade-->GET--->entries
1/8/2025, 2:43:13 pm — [INFO] — Rutuja Dabhade-->GET--->entries
1/8/2025, 2:43:14 pm — [INFO] — Rutuja Dabhade-->GET--->entries
1/8/2025, 2:43:14 pm — [INFO] — Rutuja Dabhade-->GET--->entries
1/8/2025, 2:43:32 pm — [INFO] — Rutuja Dabhade-->GET--->entries
1/8/2025, 2:43:36 pm — [INFO] — Rutuja Dabhade-->GET--->entries
1/8/2025, 2:43:38 pm — [INFO] — Rutuja Dabhade-->GET--->entries
1/8/2025, 2:44:31 pm — [INFO] — Rutuja Dabhade-->GET--->entries
1/8/2025, 2:44:35 pm — [INFO] — Rutuja Dabhade-->GET--->entries
1/8/2025, 2:44:35 pm — [INFO] — Rutuja Dabhade-->GET--->entries
1/8/2025, 2:44:45 pm — [INFO] — Rutuja Dabhade-->GET--->entries
1/8/2025, 2:44:45 pm — [INFO] — Rutuja Dabhade-->GET--->entries
1/8/2025, 2:45:08 pm — [INFO] — Rutuja Dabhade-->GET--->customers
1/8/2025, 2:45:08 pm — [INFO] — Rutuja Dabhade-->GET--->customers
1/8/2025, 2:46:27 pm — [INFO] — Rutuja Dabhade-->GET--->products
1/8/2025, 2:46:27 pm — [INFO] — Rutuja Dabhade-->GET--->products
1/8/2025, 2:46:30 pm — [INFO] — Rutuja Dabhade-->GET--->customers
1/8/2025, 2:46:30 pm — [INFO] — Rutuja Dabhade-->GET--->customers
1/8/2025, 2:46:45 pm — [INFO] — Rutuja Dabhade-->GET--->entries
1/8/2025, 2:46:45 pm — [INFO] — Rutuja Dabhade-->GET--->entries
1/8/2025, 2:47:45 pm — [INFO] — Rutuja Dabhade-->GET--->products
1/8/2025, 2:47:46 pm — [INFO] — Rutuja Dabhade-->GET--->products
1/8/2025, 2:47:49 pm — [INFO] — Rutuja Dabhade-->GET--->entries
1/8/2025, 2:47:49 pm — [INFO] — Rutuja Dabhade-->GET--->entries
1/8/2025, 2:48:33 pm — [INFO] — Rutuja Dabhade-->GET--->entries
1/8/2025, 2:50:26 pm — [INFO] — Rutuja Dabhade-->GET--->entries
1/8/2025, 2:54:41 pm — [INFO] — Rutuja Dabhade-->GET--->entries
1/8/2025, 2:54:52 pm — [INFO] — Rutuja Dabhade-->GET--->entries
1/8/2025, 2:54:52 pm — [INFO] — Rutuja Dabhade-->GET--->entries
1/8/2025, 3:13:33 pm — [INFO] — Rutuja Dabhade-->GET--->payments
1/8/2025, 3:13:33 pm — [INFO] — Rutuja Dabhade-->GET--->payments
1/8/2025, 3:13:33 pm — [INFO] — Rutuja Dabhade-->GET--->entries
1/8/2025, 3:13:33 pm — [INFO] — Rutuja Dabhade-->GET--->milkrates
1/8/2025, 3:13:33 pm — [INFO] — Rutuja Dabhade-->GET--->milkrates
1/8/2025, 3:13:33 pm — [INFO] — Rutuja Dabhade-->GET--->entries
1/8/2025, 3:13:39 pm — [INFO] — Rutuja Dabhade-->GET--->entries
1/8/2025, 3:13:39 pm — [INFO] — Rutuja Dabhade-->GET--->entries
1/8/2025, 3:13:43 pm — [INFO] — Rutuja Dabhade-->GET--->entries
1/8/2025, 3:13:45 pm — [INFO] — Rutuja Dabhade-->GET--->entries
1/8/2025, 3:15:18 pm — [INFO] — Rutuja Dabhade-->GET--->entries
1/8/2025, 3:15:19 pm — [INFO] — Rutuja Dabhade-->GET--->entries
1/8/2025, 3:17:44 pm — [INFO] — Rutuja Dabhade-->GET--->entries
1/8/2025, 3:17:46 pm — [INFO] — Rutuja Dabhade-->GET--->entries
1/8/2025, 3:17:55 pm — [INFO] — Rutuja Dabhade-->GET--->entries
1/8/2025, 3:19:55 pm — [INFO] — Rutuja Dabhade-->GET--->entries
1/8/2025, 3:19:55 pm — [INFO] — Rutuja Dabhade-->GET--->entries
1/8/2025, 3:20:01 pm — [INFO] — Rutuja Dabhade-->GET--->entries
1/8/2025, 3:20:02 pm — [INFO] — Rutuja Dabhade-->GET--->entries
1/8/2025, 3:20:02 pm — [INFO] — Rutuja Dabhade-->GET--->entries
1/8/2025, 3:20:08 pm — [INFO] — Rutuja Dabhade-->GET--->entries
1/8/2025, 3:20:09 pm — [INFO] — Rutuja Dabhade-->GET--->entries
1/8/2025, 3:20:09 pm — [INFO] — Rutuja Dabhade-->GET--->entries
1/8/2025, 3:20:14 pm — [INFO] — Rutuja Dabhade-->GET--->entries
1/8/2025, 3:20:16 pm — [INFO] — Rutuja Dabhade-->GET--->entries
1/8/2025, 3:20:16 pm — [INFO] — Rutuja Dabhade-->GET--->entries
1/8/2025, 3:20:17 pm — [INFO] — Rutuja Dabhade-->GET--->entries
1/8/2025, 3:20:18 pm — [INFO] — Rutuja Dabhade-->GET--->entries
1/8/2025, 3:20:18 pm — [INFO] — Rutuja Dabhade-->GET--->entries
1/8/2025, 3:20:20 pm — [INFO] — Rutuja Dabhade-->GET--->entries
1/8/2025, 3:20:25 pm — [INFO] — Rutuja Dabhade-->GET--->entries
1/8/2025, 3:20:33 pm — [INFO] — Rutuja Dabhade-->GET--->entries
1/8/2025, 3:23:05 pm — [INFO] — Rutuja Dabhade-->GET--->roles
1/8/2025, 3:23:05 pm — [INFO] — Rutuja Dabhade-->GET--->roles
1/8/2025, 3:24:20 pm — [INFO] — Rutuja Dabhade-->GET--->milkrates
1/8/2025, 3:24:20 pm — [INFO] — Rutuja Dabhade-->GET--->milkrates
1/8/2025, 3:24:27 pm — [INFO] — Rutuja Dabhade-->GET--->roles
1/8/2025, 3:24:27 pm — [INFO] — Rutuja Dabhade-->GET--->roles
1/8/2025, 3:24:38 pm — [INFO] — Rutuja Dabhade-->GET--->entries
1/8/2025, 3:24:38 pm — [INFO] — Rutuja Dabhade-->GET--->entries
1/8/2025, 3:25:04 pm — [INFO] — Rutuja Dabhade-->GET--->entries
1/8/2025, 3:25:19 pm — [INFO] — Rutuja Dabhade-->GET--->milkrates
1/8/2025, 3:25:19 pm — [INFO] — Rutuja Dabhade-->GET--->milkrates
1/8/2025, 3:27:18 pm — [INFO] — Rutuja Dabhade-->GET--->entries
1/8/2025, 3:27:18 pm — [INFO] — Rutuja Dabhade-->GET--->entries
1/8/2025, 3:27:21 pm — [INFO] — Rutuja Dabhade-->GET--->entries
1/8/2025, 3:27:24 pm — [INFO] — Rutuja Dabhade-->GET--->entries
1/8/2025, 3:27:25 pm — [INFO] — Rutuja Dabhade-->GET--->entries
1/8/2025, 3:27:27 pm — [INFO] — Rutuja Dabhade-->GET--->entries
1/8/2025, 3:27:27 pm — [INFO] — Rutuja Dabhade-->GET--->entries
1/8/2025, 3:27:28 pm — [INFO] — Rutuja Dabhade-->GET--->entries
1/8/2025, 3:27:29 pm — [INFO] — Rutuja Dabhade-->GET--->entries
1/8/2025, 3:27:35 pm — [INFO] — Rutuja Dabhade-->GET--->entries
1/8/2025, 3:27:38 pm — [INFO] — Rutuja Dabhade-->GET--->entries
1/8/2025, 3:27:43 pm — [INFO] — Rutuja Dabhade-->POST--->entries
1/8/2025, 3:27:43 pm — [INFO] — Rutuja Dabhade-->GET--->entries
1/8/2025, 3:27:47 pm — [INFO] — Rutuja Dabhade-->GET--->entries
1/8/2025, 3:28:53 pm — [INFO] — Rutuja Dabhade-->GET--->entries
1/8/2025, 3:28:53 pm — [INFO] — Rutuja Dabhade-->GET--->entries
1/8/2025, 3:29:01 pm — [INFO] — Rutuja Dabhade-->GET--->entries
1/8/2025, 3:29:03 pm — [INFO] — Rutuja Dabhade-->GET--->entries
1/8/2025, 3:29:04 pm — [INFO] — Rutuja Dabhade-->GET--->entries
1/8/2025, 3:29:05 pm — [INFO] — Rutuja Dabhade-->GET--->entries
1/8/2025, 3:29:05 pm — [INFO] — Rutuja Dabhade-->GET--->entries
1/8/2025, 3:29:06 pm — [INFO] — Rutuja Dabhade-->GET--->entries
1/8/2025, 3:29:06 pm — [INFO] — Rutuja Dabhade-->GET--->entries
1/8/2025, 3:29:06 pm — [INFO] — Rutuja Dabhade-->GET--->entries
1/8/2025, 3:29:07 pm — [INFO] — Rutuja Dabhade-->GET--->entries
1/8/2025, 3:29:07 pm — [INFO] — Rutuja Dabhade-->GET--->entries
1/8/2025, 3:29:08 pm — [INFO] — Rutuja Dabhade-->GET--->entries
1/8/2025, 3:29:09 pm — [INFO] — Rutuja Dabhade-->GET--->entries
1/8/2025, 3:29:09 pm — [INFO] — Rutuja Dabhade-->GET--->entries
1/8/2025, 3:29:11 pm — [INFO] — Rutuja Dabhade-->GET--->entries
1/8/2025, 3:29:13 pm — [INFO] — Rutuja Dabhade-->GET--->entries
1/8/2025, 3:45:41 pm — [WARN] — Unauthorized operation -->GET--->entries
1/8/2025, 3:47:16 pm — [INFO] — Rutuja Dabhade-->GET--->products
1/8/2025, 3:47:16 pm — [INFO] — Rutuja Dabhade-->GET--->products
1/8/2025, 3:47:21 pm — [INFO] — Rutuja Dabhade-->GET--->customers
1/8/2025, 3:47:21 pm — [INFO] — Rutuja Dabhade-->GET--->customers
1/8/2025, 3:47:32 pm — [INFO] — Rutuja Dabhade-->GET--->products
1/8/2025, 3:47:32 pm — [INFO] — Rutuja Dabhade-->GET--->products
1/8/2025, 3:47:35 pm — [INFO] — Rutuja Dabhade-->GET--->customers
1/8/2025, 3:47:35 pm — [INFO] — Rutuja Dabhade-->GET--->customers
1/8/2025, 3:47:46 pm — [INFO] — Rutuja Dabhade-->GET--->entries
1/8/2025, 3:47:46 pm — [INFO] — Rutuja Dabhade-->GET--->entries
1/8/2025, 3:48:00 pm — [INFO] — Rutuja Dabhade-->GET--->entries
1/8/2025, 3:48:02 pm — [INFO] — Rutuja Dabhade-->GET--->entries
1/8/2025, 3:48:03 pm — [INFO] — Rutuja Dabhade-->GET--->entries
1/8/2025, 3:48:04 pm — [INFO] — Rutuja Dabhade-->GET--->entries
1/8/2025, 3:48:05 pm — [INFO] — Rutuja Dabhade-->GET--->entries
1/8/2025, 3:48:05 pm — [INFO] — Rutuja Dabhade-->GET--->entries
1/8/2025, 3:48:06 pm — [INFO] — Rutuja Dabhade-->GET--->entries
1/8/2025, 3:48:06 pm — [INFO] — Rutuja Dabhade-->GET--->entries
1/8/2025, 3:48:08 pm — [INFO] — Rutuja Dabhade-->GET--->entries
1/8/2025, 3:48:09 pm — [INFO] — Rutuja Dabhade-->GET--->entries
1/8/2025, 3:48:32 pm — [INFO] — Rutuja Dabhade-->GET--->entries
1/8/2025, 3:48:35 pm — [INFO] — Rutuja Dabhade-->GET--->entries
1/8/2025, 3:48:37 pm — [INFO] — Rutuja Dabhade-->GET--->entries
1/8/2025, 3:48:37 pm — [INFO] — Rutuja Dabhade-->GET--->entries
1/8/2025, 3:50:02 pm — [INFO] — Rutuja Dabhade-->GET--->payments
1/8/2025, 3:50:02 pm — [INFO] — Rutuja Dabhade-->GET--->payments
1/8/2025, 3:50:02 pm — [INFO] — Rutuja Dabhade-->GET--->entries
1/8/2025, 3:50:02 pm — [INFO] — Rutuja Dabhade-->GET--->milkrates
1/8/2025, 3:50:02 pm — [INFO] — Rutuja Dabhade-->GET--->entries
1/8/2025, 3:50:03 pm — [INFO] — Rutuja Dabhade-->GET--->milkrates
1/8/2025, 3:50:06 pm — [INFO] — Rutuja Dabhade-->GET--->payments
1/8/2025, 3:50:06 pm — [INFO] — Rutuja Dabhade-->GET--->entries
1/8/2025, 3:50:06 pm — [INFO] — Rutuja Dabhade-->GET--->milkrates
1/8/2025, 3:50:15 pm — [INFO] — Rutuja Dabhade-->GET--->bills
1/8/2025, 3:50:15 pm — [INFO] — Rutuja Dabhade-->GET--->bills
1/8/2025, 3:50:15 pm — [INFO] — Rutuja Dabhade-->GET--->entries
1/8/2025, 3:50:15 pm — [INFO] — Rutuja Dabhade-->GET--->milkrates
1/8/2025, 3:50:15 pm — [INFO] — Rutuja Dabhade-->GET--->entries
1/8/2025, 3:50:15 pm — [INFO] — Rutuja Dabhade-->GET--->milkrates
1/8/2025, 3:50:18 pm — [INFO] — Rutuja Dabhade-->GET--->entries
1/8/2025, 3:50:18 pm — [INFO] — Rutuja Dabhade-->GET--->entries
1/8/2025, 3:50:18 pm — [INFO] — Rutuja Dabhade-->GET--->entries
1/8/2025, 3:50:18 pm — [INFO] — Rutuja Dabhade-->GET--->milkrates
1/8/2025, 3:50:18 pm — [INFO] — Rutuja Dabhade-->GET--->milkrates
1/8/2025, 3:50:18 pm — [INFO] — Rutuja Dabhade-->GET--->entries
1/8/2025, 3:50:26 pm — [INFO] — Rutuja Dabhade-->GET--->entries
1/8/2025, 3:50:26 pm — [INFO] — Rutuja Dabhade-->GET--->entries
1/8/2025, 4:02:09 pm — [INFO] — Rutuja Dabhade-->GET--->entries
1/8/2025, 4:02:09 pm — [INFO] — Rutuja Dabhade-->GET--->entries
1/8/2025, 4:02:18 pm — [INFO] — Rutuja Dabhade-->GET--->entries
1/8/2025, 4:02:29 pm — [INFO] — Rutuja Dabhade-->GET--->entries
1/8/2025, 4:02:39 pm — [INFO] — Rutuja Dabhade-->POST--->entries
1/8/2025, 4:02:39 pm — [INFO] — Rutuja Dabhade-->GET--->entries
1/8/2025, 4:11:07 pm — [INFO] — Rutuja Dabhade-->GET--->entries
1/8/2025, 4:11:07 pm — [INFO] — Rutuja Dabhade-->GET--->entries
1/8/2025, 4:11:19 pm — [INFO] — Rutuja Dabhade-->GET--->entries
1/8/2025, 4:11:19 pm — [INFO] — Rutuja Dabhade-->GET--->entries
1/8/2025, 4:11:23 pm — [INFO] — Rutuja Dabhade-->GET--->entries
1/8/2025, 9:39:48 pm — [INFO] — Rutuja Dabhade-->GET--->entries
1/8/2025, 9:39:49 pm — [INFO] — Rutuja Dabhade-->GET--->entries
1/8/2025, 9:39:53 pm — [INFO] — Rutuja Dabhade-->GET--->entries
1/8/2025, 9:39:54 pm — [INFO] — Rutuja Dabhade-->GET--->entries
1/8/2025, 10:42:48 pm — [WARN] — Unauthorized operation -->GET--->entries
1/8/2025, 10:42:48 pm — [WARN] — Unauthorized operation -->GET--->entries
1/8/2025, 10:43:04 pm — [INFO] — Rutuja Dabhade-->GET--->entries
1/8/2025, 10:43:05 pm — [INFO] — Rutuja Dabhade-->GET--->entries
1/8/2025, 10:53:17 pm — [INFO] — Rutuja Dabhade-->GET--->entries
1/8/2025, 10:53:18 pm — [INFO] — Rutuja Dabhade-->GET--->entries
1/8/2025, 10:53:32 pm — [INFO] — Rutuja Dabhade-->GET--->entries
1/8/2025, 10:53:33 pm — [INFO] — Rutuja Dabhade-->GET--->entries
1/8/2025, 10:55:53 pm — [INFO] — Rutuja Dabhade-->GET--->entries
1/8/2025, 10:56:43 pm — [INFO] — Rutuja Dabhade-->GET--->entries
1/8/2025, 10:56:43 pm — [INFO] — Rutuja Dabhade-->GET--->entries
1/8/2025, 10:56:51 pm — [INFO] — Rutuja Dabhade-->GET--->entries
1/8/2025, 10:56:54 pm — [INFO] — Rutuja Dabhade-->GET--->entries
1/8/2025, 10:56:56 pm — [INFO] — Rutuja Dabhade-->GET--->entries
1/8/2025, 10:56:58 pm — [INFO] — Rutuja Dabhade-->GET--->entries
1/8/2025, 10:57:00 pm — [INFO] — Rutuja Dabhade-->GET--->entries
1/8/2025, 10:57:01 pm — [INFO] — Rutuja Dabhade-->GET--->entries
1/8/2025, 10:57:03 pm — [INFO] — Rutuja Dabhade-->GET--->entries
1/8/2025, 10:57:04 pm — [INFO] — Rutuja Dabhade-->GET--->entries
1/8/2025, 10:57:06 pm — [INFO] — Rutuja Dabhade-->GET--->entries
1/8/2025, 10:57:07 pm — [INFO] — Rutuja Dabhade-->GET--->entries
1/8/2025, 10:57:11 pm — [INFO] — Rutuja Dabhade-->POST--->entries
1/8/2025, 10:57:12 pm — [INFO] — Rutuja Dabhade-->GET--->entries
1/8/2025, 10:58:49 pm — [INFO] — Rutuja Dabhade-->GET--->entries
1/8/2025, 10:58:53 pm — [INFO] — Rutuja Dabhade-->POST--->entries
1/8/2025, 10:58:54 pm — [INFO] — Rutuja Dabhade-->POST--->entries
1/8/2025, 10:58:54 pm — [INFO] — Rutuja Dabhade-->POST--->entries
1/8/2025, 10:58:54 pm — [INFO] — Rutuja Dabhade-->POST--->entries
1/8/2025, 10:58:54 pm — [INFO] — Rutuja Dabhade-->POST--->entries
1/8/2025, 10:58:54 pm — [INFO] — Rutuja Dabhade-->POST--->entries
1/8/2025, 10:58:55 pm — [INFO] — Rutuja Dabhade-->GET--->entries
1/8/2025, 10:59:07 pm — [INFO] — Rutuja Dabhade-->GET--->entries
1/8/2025, 10:59:13 pm — [INFO] — Rutuja Dabhade-->GET--->entries
1/8/2025, 10:59:20 pm — [INFO] — Rutuja Dabhade-->POST--->entries
1/8/2025, 10:59:21 pm — [INFO] — Rutuja Dabhade-->POST--->entries
1/8/2025, 10:59:21 pm — [INFO] — Rutuja Dabhade-->POST--->entries
1/8/2025, 10:59:21 pm — [INFO] — Rutuja Dabhade-->POST--->entries
1/8/2025, 10:59:21 pm — [INFO] — Rutuja Dabhade-->GET--->entries
1/8/2025, 11:00:13 pm — [INFO] — Rutuja Dabhade-->POST--->entries
1/8/2025, 11:00:13 pm — [INFO] — Rutuja Dabhade-->POST--->entries
1/8/2025, 11:00:14 pm — [INFO] — Rutuja Dabhade-->GET--->entries
1/8/2025, 11:00:17 pm — [INFO] — Rutuja Dabhade-->GET--->entries
1/8/2025, 11:00:24 pm — [INFO] — Rutuja Dabhade-->POST--->entries
1/8/2025, 11:00:24 pm — [INFO] — Rutuja Dabhade-->POST--->entries
1/8/2025, 11:00:25 pm — [INFO] — Rutuja Dabhade-->POST--->entries
1/8/2025, 11:00:25 pm — [INFO] — Rutuja Dabhade-->POST--->entries
1/8/2025, 11:00:25 pm — [INFO] — Rutuja Dabhade-->GET--->entries
1/8/2025, 11:00:38 pm — [INFO] — Rutuja Dabhade-->POST--->entries
1/8/2025, 11:00:39 pm — [INFO] — Rutuja Dabhade-->POST--->entries
1/8/2025, 11:00:39 pm — [INFO] — Rutuja Dabhade-->GET--->entries
1/8/2025, 11:00:42 pm — [INFO] — Rutuja Dabhade-->GET--->entries
1/8/2025, 11:00:55 pm — [INFO] — Rutuja Dabhade-->POST--->entries
1/8/2025, 11:00:55 pm — [INFO] — Rutuja Dabhade-->POST--->entries
1/8/2025, 11:00:55 pm — [INFO] — Rutuja Dabhade-->POST--->entries
1/8/2025, 11:00:55 pm — [INFO] — Rutuja Dabhade-->POST--->entries
1/8/2025, 11:00:55 pm — [INFO] — Rutuja Dabhade-->GET--->entries
1/8/2025, 11:01:08 pm — [INFO] — Rutuja Dabhade-->POST--->entries
1/8/2025, 11:01:08 pm — [INFO] — Rutuja Dabhade-->GET--->entries
1/8/2025, 11:01:13 pm — [INFO] — Rutuja Dabhade-->POST--->entries
1/8/2025, 11:01:14 pm — [INFO] — Rutuja Dabhade-->GET--->entries
1/8/2025, 11:01:17 pm — [INFO] — Rutuja Dabhade-->GET--->entries
1/8/2025, 11:01:21 pm — [INFO] — Rutuja Dabhade-->POST--->entries
1/8/2025, 11:01:21 pm — [INFO] — Rutuja Dabhade-->POST--->entries
1/8/2025, 11:01:21 pm — [INFO] — Rutuja Dabhade-->POST--->entries
1/8/2025, 11:01:21 pm — [INFO] — Rutuja Dabhade-->POST--->entries
1/8/2025, 11:01:21 pm — [INFO] — Rutuja Dabhade-->POST--->entries
1/8/2025, 11:01:22 pm — [INFO] — Rutuja Dabhade-->POST--->entries
1/8/2025, 11:01:22 pm — [INFO] — Rutuja Dabhade-->GET--->entries
1/8/2025, 11:01:27 pm — [INFO] — Rutuja Dabhade-->GET--->entries
1/8/2025, 11:01:30 pm — [INFO] — Rutuja Dabhade-->POST--->entries
1/8/2025, 11:01:30 pm — [INFO] — Rutuja Dabhade-->POST--->entries
1/8/2025, 11:01:31 pm — [INFO] — Rutuja Dabhade-->POST--->entries
1/8/2025, 11:01:31 pm — [INFO] — Rutuja Dabhade-->POST--->entries
1/8/2025, 11:01:31 pm — [INFO] — Rutuja Dabhade-->POST--->entries
1/8/2025, 11:01:31 pm — [INFO] — Rutuja Dabhade-->POST--->entries
1/8/2025, 11:01:31 pm — [INFO] — Rutuja Dabhade-->GET--->entries
1/8/2025, 11:01:33 pm — [INFO] — Rutuja Dabhade-->GET--->entries
1/8/2025, 11:01:41 pm — [INFO] — Rutuja Dabhade-->POST--->entries
1/8/2025, 11:01:41 pm — [INFO] — Rutuja Dabhade-->POST--->entries
1/8/2025, 11:01:42 pm — [INFO] — Rutuja Dabhade-->POST--->entries
1/8/2025, 11:01:42 pm — [INFO] — Rutuja Dabhade-->GET--->entries
1/8/2025, 11:02:16 pm — [INFO] — Rutuja Dabhade-->POST--->entries
1/8/2025, 11:02:17 pm — [INFO] — Rutuja Dabhade-->GET--->entries
1/8/2025, 11:02:24 pm — [INFO] — Rutuja Dabhade-->POST--->entries
1/8/2025, 11:02:24 pm — [INFO] — Rutuja Dabhade-->GET--->entries
1/8/2025, 11:02:30 pm — [INFO] — Rutuja Dabhade-->POST--->entries
1/8/2025, 11:02:30 pm — [INFO] — Rutuja Dabhade-->GET--->entries
1/8/2025, 11:05:14 pm — [INFO] — Rutuja Dabhade-->GET--->entries
1/8/2025, 11:05:20 pm — [INFO] — Rutuja Dabhade-->POST--->entries
1/8/2025, 11:05:20 pm — [INFO] — Rutuja Dabhade-->POST--->entries
1/8/2025, 11:05:21 pm — [INFO] — Rutuja Dabhade-->POST--->entries
1/8/2025, 11:05:21 pm — [INFO] — Rutuja Dabhade-->POST--->entries
1/8/2025, 11:05:21 pm — [INFO] — Rutuja Dabhade-->POST--->entries
1/8/2025, 11:05:21 pm — [INFO] — Rutuja Dabhade-->POST--->entries
1/8/2025, 11:05:21 pm — [INFO] — Rutuja Dabhade-->GET--->entries
1/8/2025, 11:05:24 pm — [INFO] — Rutuja Dabhade-->GET--->entries
1/8/2025, 11:05:32 pm — [INFO] — Rutuja Dabhade-->POST--->entries
1/8/2025, 11:05:32 pm — [INFO] — Rutuja Dabhade-->POST--->entries
1/8/2025, 11:05:33 pm — [INFO] — Rutuja Dabhade-->POST--->entries
1/8/2025, 11:05:33 pm — [INFO] — Rutuja Dabhade-->POST--->entries
1/8/2025, 11:05:33 pm — [INFO] — Rutuja Dabhade-->GET--->entries
1/8/2025, 11:05:39 pm — [INFO] — Rutuja Dabhade-->POST--->entries
1/8/2025, 11:05:40 pm — [INFO] — Rutuja Dabhade-->POST--->entries
1/8/2025, 11:05:40 pm — [INFO] — Rutuja Dabhade-->GET--->entries
1/8/2025, 11:05:42 pm — [INFO] — Rutuja Dabhade-->GET--->entries
1/8/2025, 11:05:46 pm — [INFO] — Rutuja Dabhade-->POST--->entries
1/8/2025, 11:05:47 pm — [INFO] — Rutuja Dabhade-->POST--->entries
1/8/2025, 11:05:47 pm — [INFO] — Rutuja Dabhade-->POST--->entries
1/8/2025, 11:05:47 pm — [INFO] — Rutuja Dabhade-->POST--->entries
1/8/2025, 11:05:47 pm — [INFO] — Rutuja Dabhade-->POST--->entries
1/8/2025, 11:05:47 pm — [INFO] — Rutuja Dabhade-->POST--->entries
1/8/2025, 11:05:48 pm — [INFO] — Rutuja Dabhade-->GET--->entries
1/8/2025, 11:05:50 pm — [INFO] — Rutuja Dabhade-->GET--->entries
1/8/2025, 11:05:59 pm — [INFO] — Rutuja Dabhade-->POST--->entries
1/8/2025, 11:06:00 pm — [INFO] — Rutuja Dabhade-->POST--->entries
1/8/2025, 11:06:00 pm — [INFO] — Rutuja Dabhade-->POST--->entries
1/8/2025, 11:06:00 pm — [INFO] — Rutuja Dabhade-->GET--->entries
1/8/2025, 11:06:13 pm — [INFO] — Rutuja Dabhade-->POST--->entries
1/8/2025, 11:06:13 pm — [INFO] — Rutuja Dabhade-->GET--->entries
1/8/2025, 11:06:20 pm — [INFO] — Rutuja Dabhade-->POST--->entries
1/8/2025, 11:06:21 pm — [INFO] — Rutuja Dabhade-->POST--->entries
1/8/2025, 11:06:21 pm — [INFO] — Rutuja Dabhade-->GET--->entries
1/8/2025, 11:06:23 pm — [INFO] — Rutuja Dabhade-->GET--->entries
1/8/2025, 11:06:30 pm — [INFO] — Rutuja Dabhade-->POST--->entries
1/8/2025, 11:06:30 pm — [INFO] — Rutuja Dabhade-->POST--->entries
1/8/2025, 11:06:31 pm — [INFO] — Rutuja Dabhade-->POST--->entries
1/8/2025, 11:06:31 pm — [INFO] — Rutuja Dabhade-->POST--->entries
1/8/2025, 11:06:31 pm — [INFO] — Rutuja Dabhade-->POST--->entries
1/8/2025, 11:06:31 pm — [INFO] — Rutuja Dabhade-->POST--->entries
1/8/2025, 11:06:31 pm — [INFO] — Rutuja Dabhade-->GET--->entries
1/8/2025, 11:06:35 pm — [INFO] — Rutuja Dabhade-->GET--->entries
1/8/2025, 11:06:44 pm — [INFO] — Rutuja Dabhade-->POST--->entries
1/8/2025, 11:06:44 pm — [INFO] — Rutuja Dabhade-->POST--->entries
1/8/2025, 11:06:44 pm — [INFO] — Rutuja Dabhade-->GET--->entries
1/8/2025, 11:06:57 pm — [INFO] — Rutuja Dabhade-->POST--->entries
1/8/2025, 11:06:57 pm — [INFO] — Rutuja Dabhade-->GET--->entries
1/8/2025, 11:07:01 pm — [INFO] — Rutuja Dabhade-->POST--->entries
1/8/2025, 11:07:02 pm — [INFO] — Rutuja Dabhade-->GET--->entries
1/8/2025, 11:07:06 pm — [INFO] — Rutuja Dabhade-->POST--->entries
1/8/2025, 11:07:06 pm — [INFO] — Rutuja Dabhade-->GET--->entries
1/8/2025, 11:07:18 pm — [INFO] — Rutuja Dabhade-->POST--->entries
1/8/2025, 11:07:18 pm — [INFO] — Rutuja Dabhade-->GET--->entries
1/8/2025, 11:07:25 pm — [INFO] — Rutuja Dabhade-->GET--->entries
1/8/2025, 11:07:34 pm — [INFO] — Rutuja Dabhade-->POST--->entries
1/8/2025, 11:07:34 pm — [INFO] — Rutuja Dabhade-->POST--->entries
1/8/2025, 11:07:34 pm — [INFO] — Rutuja Dabhade-->POST--->entries
1/8/2025, 11:07:35 pm — [INFO] — Rutuja Dabhade-->POST--->entries
1/8/2025, 11:07:35 pm — [INFO] — Rutuja Dabhade-->POST--->entries
1/8/2025, 11:07:35 pm — [INFO] — Rutuja Dabhade-->POST--->entries
1/8/2025, 11:07:35 pm — [INFO] — Rutuja Dabhade-->GET--->entries
1/8/2025, 11:07:39 pm — [INFO] — Rutuja Dabhade-->GET--->entries
1/8/2025, 11:07:43 pm — [INFO] — Rutuja Dabhade-->POST--->entries
1/8/2025, 11:07:43 pm — [INFO] — Rutuja Dabhade-->POST--->entries
1/8/2025, 11:07:43 pm — [INFO] — Rutuja Dabhade-->POST--->entries
1/8/2025, 11:07:44 pm — [INFO] — Rutuja Dabhade-->POST--->entries
1/8/2025, 11:07:44 pm — [INFO] — Rutuja Dabhade-->POST--->entries
1/8/2025, 11:07:44 pm — [INFO] — Rutuja Dabhade-->POST--->entries
1/8/2025, 11:07:44 pm — [INFO] — Rutuja Dabhade-->GET--->entries
1/8/2025, 11:08:08 pm — [INFO] — Rutuja Dabhade-->GET--->entries
1/8/2025, 11:08:17 pm — [INFO] — Rutuja Dabhade-->POST--->entries
1/8/2025, 11:08:17 pm — [INFO] — Rutuja Dabhade-->POST--->entries
1/8/2025, 11:08:17 pm — [INFO] — Rutuja Dabhade-->POST--->entries
1/8/2025, 11:08:17 pm — [INFO] — Rutuja Dabhade-->POST--->entries
1/8/2025, 11:08:18 pm — [INFO] — Rutuja Dabhade-->POST--->entries
1/8/2025, 11:08:18 pm — [INFO] — Rutuja Dabhade-->POST--->entries
1/8/2025, 11:08:18 pm — [INFO] — Rutuja Dabhade-->GET--->entries
1/8/2025, 11:08:26 pm — [INFO] — Rutuja Dabhade-->PUT--->entries
1/8/2025, 11:08:26 pm — [INFO] — Rutuja Dabhade-->GET--->entries
1/8/2025, 11:08:37 pm — [INFO] — Rutuja Dabhade-->PUT--->entries
1/8/2025, 11:08:58 pm — [INFO] — Rutuja Dabhade-->PUT--->entries
1/8/2025, 11:08:59 pm — [INFO] — Rutuja Dabhade-->GET--->entries
1/8/2025, 11:09:05 pm — [INFO] — Rutuja Dabhade-->PUT--->entries
1/8/2025, 11:09:05 pm — [INFO] — Rutuja Dabhade-->GET--->entries
1/8/2025, 11:09:08 pm — [INFO] — Rutuja Dabhade-->GET--->entries
1/8/2025, 11:09:11 pm — [INFO] — Rutuja Dabhade-->GET--->entries
1/8/2025, 11:09:15 pm — [INFO] — Rutuja Dabhade-->GET--->entries
1/8/2025, 11:09:18 pm — [INFO] — Rutuja Dabhade-->GET--->entries
1/8/2025, 11:09:20 pm — [INFO] — Rutuja Dabhade-->GET--->entries
1/8/2025, 11:09:21 pm — [INFO] — Rutuja Dabhade-->GET--->entries
1/8/2025, 11:09:27 pm — [INFO] — Rutuja Dabhade-->GET--->entries
1/8/2025, 11:09:46 pm — [INFO] — Rutuja Dabhade-->GET--->entries
1/8/2025, 11:09:49 pm — [INFO] — Rutuja Dabhade-->GET--->entries
1/8/2025, 11:09:55 pm — [INFO] — Rutuja Dabhade-->POST--->entries
1/8/2025, 11:09:55 pm — [INFO] — Rutuja Dabhade-->POST--->entries
1/8/2025, 11:09:55 pm — [INFO] — Rutuja Dabhade-->POST--->entries
1/8/2025, 11:09:56 pm — [INFO] — Rutuja Dabhade-->POST--->entries
1/8/2025, 11:09:56 pm — [INFO] — Rutuja Dabhade-->POST--->entries
1/8/2025, 11:09:56 pm — [INFO] — Rutuja Dabhade-->POST--->entries
1/8/2025, 11:09:56 pm — [INFO] — Rutuja Dabhade-->GET--->entries
1/8/2025, 11:10:01 pm — [INFO] — Rutuja Dabhade-->GET--->entries
1/8/2025, 11:17:30 pm — [INFO] — Rutuja Dabhade-->POST--->entries
1/8/2025, 11:17:30 pm — [INFO] — Rutuja Dabhade-->GET--->entries
1/8/2025, 11:17:39 pm — [INFO] — Rutuja Dabhade-->PUT--->entries
1/8/2025, 11:17:54 pm — [INFO] — Rutuja Dabhade-->PUT--->entries
1/8/2025, 11:18:43 pm — [INFO] — Rutuja Dabhade-->GET--->entries
1/8/2025, 11:18:44 pm — [INFO] — Rutuja Dabhade-->GET--->entries
1/8/2025, 11:18:54 pm — [INFO] — Rutuja Dabhade-->PUT--->entries
1/8/2025, 11:18:55 pm — [INFO] — Rutuja Dabhade-->GET--->entries
1/8/2025, 11:19:00 pm — [INFO] — Rutuja Dabhade-->PUT--->entries
1/8/2025, 11:19:01 pm — [INFO] — Rutuja Dabhade-->GET--->entries
1/8/2025, 11:19:10 pm — [INFO] — Rutuja Dabhade-->PUT--->entries
1/8/2025, 11:21:13 pm — [INFO] — Rutuja Dabhade-->GET--->entries
1/8/2025, 11:21:14 pm — [INFO] — Rutuja Dabhade-->GET--->entries
1/8/2025, 11:21:19 pm — [INFO] — Rutuja Dabhade-->PUT--->entries
1/8/2025, 11:21:19 pm — [INFO] — Rutuja Dabhade-->GET--->entries
1/8/2025, 11:22:11 pm — [INFO] — Rutuja Dabhade-->PUT--->entries
1/8/2025, 11:37:09 pm — [INFO] — Rutuja Dabhade-->GET--->entries
1/8/2025, 11:37:09 pm — [INFO] — Rutuja Dabhade-->GET--->entries
1/8/2025, 11:37:13 pm — [INFO] — Rutuja Dabhade-->PUT--->entries
1/8/2025, 11:37:14 pm — [INFO] — Rutuja Dabhade-->GET--->entries
1/8/2025, 11:37:24 pm — [INFO] — Rutuja Dabhade-->PUT--->entries
