13/7/2025, 12:06:44 am — [INFO] — Rutuja Dabhade-->GET--->products
13/7/2025, 12:06:44 am — [INFO] — Rutuja Dabhade-->GET--->products
13/7/2025, 12:08:09 am — [INFO] — Rutuja Dabhade-->GET--->customers
13/7/2025, 12:08:09 am — [INFO] — Rutuja Dabhade-->GET--->customers
13/7/2025, 12:09:34 am — [INFO] — Rutuja Dabhade-->GET--->customers
13/7/2025, 12:11:19 am — [INFO] — Rutuja Dabhade-->GET--->customers
13/7/2025, 12:11:19 am — [INFO] — Rutuja Dabhade-->GET--->customers
13/7/2025, 12:11:57 am — [INFO] — Rutuja Dabhade-->GET--->customers
13/7/2025, 12:17:01 am — [INFO] — Rutuja Dabhade-->GET--->customers
13/7/2025, 12:17:55 am — [INFO] — Rutuja Dabhade-->GET--->customers
13/7/2025, 12:57:47 am — [INFO] — Rutuja Dabhade-->GET--->customers
13/7/2025, 12:57:47 am — [INFO] — Rutuja Dabhade-->GET--->customers
13/7/2025, 12:59:34 am — [INFO] — Rutuja Dabhade-->GET--->products
13/7/2025, 12:59:34 am — [INFO] — Rutuja Dabhade-->GET--->products
13/7/2025, 12:59:38 am — [INFO] — Rutuja Dabhade-->GET--->enquiries
13/7/2025, 12:59:38 am — [INFO] — Rutuja Dabhade-->GET--->enquiries
13/7/2025, 12:59:38 am — [INFO] — Rutuja Dabhade-->GET--->products
13/7/2025, 12:59:38 am — [INFO] — Rutuja Dabhade-->GET--->products
13/7/2025, 12:59:39 am — [INFO] — Rutuja Dabhade-->GET--->products
13/7/2025, 12:59:39 am — [INFO] — Rutuja Dabhade-->GET--->products
13/7/2025, 12:59:59 am — [ERROR] — guest encountered error during POST /areas — AreaService.addArea is not a function
13/7/2025, 1:03:12 am — [INFO] — Rutuja Dabhade-->GET--->products
13/7/2025, 1:03:12 am — [INFO] — Rutuja Dabhade-->GET--->products
13/7/2025, 1:03:16 am — [INFO] — Rutuja Dabhade-->GET--->customers
13/7/2025, 1:03:16 am — [INFO] — Rutuja Dabhade-->GET--->customers
13/7/2025, 1:03:19 am — [INFO] — Rutuja Dabhade-->GET--->entries
13/7/2025, 1:03:19 am — [INFO] — Rutuja Dabhade-->GET--->entries
13/7/2025, 1:03:21 am — [INFO] — Rutuja Dabhade-->GET--->customers
13/7/2025, 1:03:21 am — [INFO] — Rutuja Dabhade-->GET--->customers
13/7/2025, 1:03:23 am — [INFO] — Rutuja Dabhade-->GET--->entries
13/7/2025, 1:03:24 am — [INFO] — Rutuja Dabhade-->GET--->entries
13/7/2025, 1:03:38 am — [INFO] — Rutuja Dabhade-->GET--->entries
13/7/2025, 1:03:38 am — [INFO] — Rutuja Dabhade-->GET--->entries
13/7/2025, 1:03:40 am — [INFO] — Rutuja Dabhade-->GET--->entries
13/7/2025, 1:03:42 am — [INFO] — Rutuja Dabhade-->GET--->entries
13/7/2025, 1:03:48 am — [INFO] — Rutuja Dabhade-->GET--->entries
13/7/2025, 1:03:50 am — [INFO] — Rutuja Dabhade-->GET--->customers
13/7/2025, 1:03:50 am — [INFO] — Rutuja Dabhade-->GET--->customers
13/7/2025, 1:04:05 am — [INFO] — Rutuja Dabhade-->GET--->products
13/7/2025, 1:04:05 am — [INFO] — Rutuja Dabhade-->GET--->products
13/7/2025, 1:04:30 am — [INFO] — Rutuja Dabhade-->GET--->customers
13/7/2025, 1:04:30 am — [INFO] — Rutuja Dabhade-->GET--->customers
13/7/2025, 1:04:43 am — [INFO] — Rutuja Dabhade-->GET--->enquiries
13/7/2025, 1:04:45 am — [INFO] — Rutuja Dabhade-->GET--->enquiries
13/7/2025, 1:04:45 am — [INFO] — Rutuja Dabhade-->GET--->products
13/7/2025, 1:04:46 am — [INFO] — Rutuja Dabhade-->GET--->products
13/7/2025, 1:04:46 am — [INFO] — Rutuja Dabhade-->GET--->products
13/7/2025, 1:04:46 am — [INFO] — Rutuja Dabhade-->GET--->products
13/7/2025, 1:04:46 am — [INFO] — Rutuja Dabhade-->GET--->products
13/7/2025, 1:04:46 am — [INFO] — Rutuja Dabhade-->GET--->products
13/7/2025, 1:05:01 am — [INFO] — Rutuja Dabhade-->GET--->products
13/7/2025, 1:05:01 am — [INFO] — Rutuja Dabhade-->GET--->products
13/7/2025, 1:05:02 am — [INFO] — Rutuja Dabhade-->GET--->enquiries
13/7/2025, 1:05:03 am — [INFO] — Rutuja Dabhade-->GET--->enquiries
13/7/2025, 1:05:03 am — [INFO] — Rutuja Dabhade-->GET--->products
13/7/2025, 1:05:03 am — [INFO] — Rutuja Dabhade-->GET--->products
13/7/2025, 1:05:04 am — [INFO] — Rutuja Dabhade-->GET--->products
13/7/2025, 1:05:04 am — [INFO] — Rutuja Dabhade-->GET--->products
13/7/2025, 1:05:22 am — [INFO] — Rutuja Dabhade-->GET--->customers
13/7/2025, 1:05:22 am — [INFO] — Rutuja Dabhade-->GET--->customers
13/7/2025, 1:05:33 am — [INFO] — Rutuja Dabhade-->PUT--->customers
13/7/2025, 1:05:45 am — [INFO] — Rutuja Dabhade-->GET--->customers
13/7/2025, 1:05:45 am — [INFO] — Rutuja Dabhade-->GET--->customers
