26/7/2025, 10:24:11 am — [INFO] — Rutuja Dabhade-->GET--->payments
26/7/2025, 10:24:11 am — [INFO] — Rutuja Dabhade-->GET--->payments
26/7/2025, 10:24:11 am — [INFO] — Rutuja Dabhade-->GET--->entries
26/7/2025, 10:24:11 am — [INFO] — Rutuja Dabhade-->GET--->milkrates
26/7/2025, 10:24:12 am — [INFO] — Rutuja Dabhade-->GET--->entries
26/7/2025, 10:24:12 am — [INFO] — Rutuja Dabhade-->GET--->milkrates
26/7/2025, 10:24:30 am — [INFO] — Rutuja Dabhade-->GET--->milkrates
26/7/2025, 10:24:31 am — [INFO] — Rutuja Dabhade-->GET--->milkrates
26/7/2025, 10:24:46 am — [INFO] — Rutuja Dabhade-->GET--->bills
26/7/2025, 10:24:46 am — [INFO] — Rutuja Dabhade-->GET--->bills
26/7/2025, 10:24:46 am — [INFO] — Rutuja Dabhade-->GET--->entries
26/7/2025, 10:24:46 am — [INFO] — Rutuja Dabhade-->GET--->milkrates
26/7/2025, 10:24:46 am — [INFO] — Rutuja Dabhade-->GET--->entries
26/7/2025, 10:24:47 am — [INFO] — Rutuja Dabhade-->GET--->milkrates
26/7/2025, 10:24:59 am — [INFO] — Rutuja Dabhade-->GET--->entries
26/7/2025, 10:24:59 am — [INFO] — Rutuja Dabhade-->GET--->entries
26/7/2025, 10:25:01 am — [INFO] — Rutuja Dabhade-->GET--->entries
26/7/2025, 10:25:08 am — [INFO] — Rutuja Dabhade-->GET--->entries
26/7/2025, 10:31:19 am — [INFO] — Rutuja Dabhade-->GET--->entries
26/7/2025, 10:31:19 am — [INFO] — Rutuja Dabhade-->GET--->entries
26/7/2025, 10:31:19 am — [ERROR] — guest encountered error during GET /entries/last-updated-date — hex string must be 24 characters
26/7/2025, 10:31:19 am — [INFO] — Rutuja Dabhade-->GET--->entries
26/7/2025, 10:31:19 am — [ERROR] — guest encountered error during GET /entries/last-updated-date — hex string must be 24 characters
26/7/2025, 10:31:19 am — [INFO] — Rutuja Dabhade-->GET--->entries
26/7/2025, 10:31:19 am — [ERROR] — guest encountered error during GET /entries/last-updated-date — hex string must be 24 characters
26/7/2025, 10:31:45 am — [INFO] — Rutuja Dabhade-->GET--->entries
26/7/2025, 10:31:45 am — [INFO] — Rutuja Dabhade-->GET--->entries
26/7/2025, 10:31:45 am — [ERROR] — guest encountered error during GET /entries/last-updated-date — hex string must be 24 characters
26/7/2025, 10:31:45 am — [INFO] — Rutuja Dabhade-->GET--->entries
26/7/2025, 10:31:45 am — [ERROR] — guest encountered error during GET /entries/last-updated-date — hex string must be 24 characters
26/7/2025, 10:31:45 am — [INFO] — Rutuja Dabhade-->GET--->entries
26/7/2025, 10:31:45 am — [ERROR] — guest encountered error during GET /entries/last-updated-date — hex string must be 24 characters
26/7/2025, 10:31:45 am — [INFO] — Rutuja Dabhade-->GET--->entries
26/7/2025, 10:31:45 am — [ERROR] — guest encountered error during GET /entries/last-updated-date — hex string must be 24 characters
26/7/2025, 10:31:45 am — [INFO] — Rutuja Dabhade-->GET--->entries
26/7/2025, 10:31:45 am — [INFO] — Rutuja Dabhade-->GET--->entries
26/7/2025, 10:31:45 am — [ERROR] — guest encountered error during GET /entries/last-updated-date — hex string must be 24 characters
26/7/2025, 10:31:45 am — [INFO] — Rutuja Dabhade-->GET--->entries
26/7/2025, 10:31:45 am — [ERROR] — guest encountered error during GET /entries/last-updated-date — hex string must be 24 characters
26/7/2025, 10:31:50 am — [INFO] — Rutuja Dabhade-->GET--->entries
26/7/2025, 10:31:50 am — [INFO] — Rutuja Dabhade-->GET--->entries
26/7/2025, 10:31:50 am — [ERROR] — guest encountered error during GET /entries/last-updated-date — hex string must be 24 characters
26/7/2025, 10:31:57 am — [INFO] — Rutuja Dabhade-->GET--->entries
26/7/2025, 10:31:57 am — [INFO] — Rutuja Dabhade-->GET--->entries
26/7/2025, 10:31:57 am — [ERROR] — guest encountered error during GET /entries/last-updated-date — hex string must be 24 characters
26/7/2025, 10:34:58 am — [INFO] — Rutuja Dabhade-->GET--->entries
26/7/2025, 10:34:58 am — [INFO] — Rutuja Dabhade-->GET--->entries
26/7/2025, 10:34:58 am — [ERROR] — guest encountered error during GET /entries/last-updated-date — hex string must be 24 characters
26/7/2025, 10:43:48 am — [INFO] — Rutuja Dabhade-->GET--->entries
26/7/2025, 10:43:48 am — [INFO] — Rutuja Dabhade-->GET--->entries
26/7/2025, 10:43:57 am — [INFO] — Rutuja Dabhade-->GET--->entries
26/7/2025, 10:44:02 am — [INFO] — Rutuja Dabhade-->GET--->entries
26/7/2025, 10:44:09 am — [INFO] — Rutuja Dabhade-->POST--->entries
26/7/2025, 10:44:09 am — [INFO] — Rutuja Dabhade-->GET--->entries
26/7/2025, 10:46:22 am — [INFO] — Rutuja Dabhade-->GET--->entries
26/7/2025, 10:46:23 am — [INFO] — Rutuja Dabhade-->GET--->entries
26/7/2025, 10:46:28 am — [INFO] — Rutuja Dabhade-->GET--->entries
26/7/2025, 10:46:45 am — [INFO] — Rutuja Dabhade-->GET--->entries
26/7/2025, 10:46:54 am — [INFO] — Rutuja Dabhade-->GET--->entries
26/7/2025, 10:46:58 am — [INFO] — Rutuja Dabhade-->GET--->entries
26/7/2025, 10:47:03 am — [INFO] — Rutuja Dabhade-->GET--->entries
26/7/2025, 10:49:21 am — [INFO] — Rutuja Dabhade-->GET--->entries
26/7/2025, 10:49:21 am — [INFO] — Rutuja Dabhade-->GET--->entries
26/7/2025, 10:49:25 am — [INFO] — Rutuja Dabhade-->GET--->entries
26/7/2025, 10:49:31 am — [INFO] — Rutuja Dabhade-->GET--->entries
26/7/2025, 10:49:36 am — [INFO] — Rutuja Dabhade-->GET--->entries
26/7/2025, 10:50:52 am — [INFO] — Rutuja Dabhade-->GET--->entries
26/7/2025, 10:51:01 am — [INFO] — Rutuja Dabhade-->GET--->entries
26/7/2025, 10:51:01 am — [INFO] — Rutuja Dabhade-->GET--->entries
26/7/2025, 10:51:12 am — [INFO] — Rutuja Dabhade-->GET--->entries
26/7/2025, 11:18:06 am — [INFO] — Rutuja Dabhade-->GET--->entries
26/7/2025, 11:25:37 am — [WARN] — Unauthorized operation -->GET--->entries
26/7/2025, 11:25:58 am — [INFO] — Rutuja Dabhade-->GET--->entries
26/7/2025, 11:25:58 am — [INFO] — Rutuja Dabhade-->GET--->entries
26/7/2025, 11:26:16 am — [INFO] — Rutuja Dabhade-->GET--->entries
26/7/2025, 11:26:25 am — [INFO] — Rutuja Dabhade-->GET--->entries
26/7/2025, 11:28:19 am — [INFO] — Rutuja Dabhade-->GET--->entries
26/7/2025, 11:28:19 am — [INFO] — Rutuja Dabhade-->GET--->entries
26/7/2025, 11:28:42 am — [INFO] — Rutuja Dabhade-->GET--->payments
26/7/2025, 11:28:42 am — [INFO] — Rutuja Dabhade-->GET--->payments
26/7/2025, 11:28:42 am — [INFO] — Rutuja Dabhade-->GET--->entries
26/7/2025, 11:28:42 am — [INFO] — Rutuja Dabhade-->GET--->milkrates
26/7/2025, 11:28:42 am — [INFO] — Rutuja Dabhade-->GET--->entries
26/7/2025, 11:28:42 am — [INFO] — Rutuja Dabhade-->GET--->milkrates
26/7/2025, 11:28:47 am — [INFO] — Rutuja Dabhade-->GET--->entries
26/7/2025, 11:28:48 am — [INFO] — Rutuja Dabhade-->GET--->entries
26/7/2025, 11:28:59 am — [INFO] — Rutuja Dabhade-->GET--->entries
26/7/2025, 11:29:26 am — [INFO] — Rutuja Dabhade-->GET--->entries
26/7/2025, 11:29:27 am — [INFO] — Rutuja Dabhade-->GET--->entries
26/7/2025, 11:29:36 am — [INFO] — Rutuja Dabhade-->GET--->entries
26/7/2025, 11:29:44 am — [INFO] — Rutuja Dabhade-->GET--->entries
26/7/2025, 11:30:02 am — [INFO] — Rutuja Dabhade-->GET--->entries
26/7/2025, 11:30:13 am — [INFO] — Rutuja Dabhade-->GET--->entries
26/7/2025, 11:34:37 am — [INFO] — Rutuja Dabhade-->GET--->entries
26/7/2025, 11:34:37 am — [INFO] — Rutuja Dabhade-->GET--->entries
26/7/2025, 11:34:47 am — [INFO] — Rutuja Dabhade-->GET--->entries
26/7/2025, 11:35:03 am — [INFO] — Rutuja Dabhade-->GET--->entries
26/7/2025, 11:39:48 am — [INFO] — Rutuja Dabhade-->GET--->entries
26/7/2025, 11:39:59 am — [INFO] — Rutuja Dabhade-->GET--->entries
26/7/2025, 11:39:59 am — [INFO] — Rutuja Dabhade-->GET--->entries
26/7/2025, 11:40:11 am — [INFO] — Rutuja Dabhade-->GET--->entries
26/7/2025, 11:46:41 am — [INFO] — Rutuja Dabhade-->GET--->entries
26/7/2025, 11:46:41 am — [INFO] — Rutuja Dabhade-->GET--->entries
26/7/2025, 11:46:54 am — [INFO] — Rutuja Dabhade-->GET--->entries
26/7/2025, 11:47:39 am — [INFO] — Rutuja Dabhade-->GET--->entries
26/7/2025, 11:48:28 am — [INFO] — Rutuja Dabhade-->GET--->entries
26/7/2025, 11:48:28 am — [INFO] — Rutuja Dabhade-->GET--->entries
26/7/2025, 11:50:52 am — [INFO] — Rutuja Dabhade-->GET--->entries
26/7/2025, 11:50:52 am — [INFO] — Rutuja Dabhade-->GET--->entries
26/7/2025, 11:51:26 am — [INFO] — Rutuja Dabhade-->GET--->entries
26/7/2025, 11:51:26 am — [INFO] — Rutuja Dabhade-->GET--->entries
26/7/2025, 11:51:44 am — [INFO] — Rutuja Dabhade-->GET--->entries
26/7/2025, 11:51:55 am — [INFO] — Rutuja Dabhade-->GET--->entries
26/7/2025, 11:52:30 am — [INFO] — Rutuja Dabhade-->GET--->entries
26/7/2025, 11:52:31 am — [INFO] — Rutuja Dabhade-->GET--->entries
26/7/2025, 11:55:40 am — [INFO] — Rutuja Dabhade-->GET--->entries
26/7/2025, 11:55:47 am — [INFO] — Rutuja Dabhade-->GET--->entries
26/7/2025, 11:55:47 am — [INFO] — Rutuja Dabhade-->GET--->entries
26/7/2025, 11:58:40 am — [INFO] — Rutuja Dabhade-->GET--->entries
26/7/2025, 11:58:49 am — [INFO] — Rutuja Dabhade-->GET--->entries
26/7/2025, 11:58:49 am — [INFO] — Rutuja Dabhade-->GET--->entries
26/7/2025, 11:58:58 am — [INFO] — Rutuja Dabhade-->GET--->entries
26/7/2025, 11:59:16 am — [INFO] — Rutuja Dabhade-->GET--->entries
26/7/2025, 11:59:32 am — [INFO] — Rutuja Dabhade-->GET--->entries
26/7/2025, 11:59:41 am — [INFO] — Rutuja Dabhade-->POST--->entries
26/7/2025, 11:59:41 am — [INFO] — Rutuja Dabhade-->POST--->entries
26/7/2025, 11:59:42 am — [INFO] — Rutuja Dabhade-->POST--->entries
26/7/2025, 11:59:42 am — [INFO] — Rutuja Dabhade-->POST--->entries
26/7/2025, 11:59:42 am — [INFO] — Rutuja Dabhade-->GET--->entries
26/7/2025, 11:59:53 am — [INFO] — Rutuja Dabhade-->POST--->entries
26/7/2025, 12:00:02 pm — [INFO] — Rutuja Dabhade-->POST--->entries
26/7/2025, 12:00:02 pm — [INFO] — Rutuja Dabhade-->GET--->entries
26/7/2025, 12:00:19 pm — [INFO] — Rutuja Dabhade-->GET--->entries
26/7/2025, 12:00:23 pm — [INFO] — Rutuja Dabhade-->GET--->entries
26/7/2025, 12:00:30 pm — [INFO] — Rutuja Dabhade-->GET--->entries
26/7/2025, 12:00:30 pm — [INFO] — Rutuja Dabhade-->GET--->entries
26/7/2025, 12:00:37 pm — [INFO] — Rutuja Dabhade-->GET--->entries
26/7/2025, 12:05:48 pm — [INFO] — Rutuja Dabhade-->GET--->entries
26/7/2025, 12:05:48 pm — [INFO] — Rutuja Dabhade-->GET--->entries
26/7/2025, 12:05:59 pm — [INFO] — Rutuja Dabhade-->GET--->entries
26/7/2025, 12:08:09 pm — [INFO] — Rutuja Dabhade-->GET--->entries
26/7/2025, 12:08:09 pm — [INFO] — Rutuja Dabhade-->GET--->entries
26/7/2025, 12:08:18 pm — [INFO] — Rutuja Dabhade-->GET--->entries
26/7/2025, 12:09:14 pm — [INFO] — Rutuja Dabhade-->GET--->entries
26/7/2025, 12:10:54 pm — [INFO] — Rutuja Dabhade-->GET--->entries
26/7/2025, 12:10:54 pm — [INFO] — Rutuja Dabhade-->GET--->entries
26/7/2025, 12:11:03 pm — [INFO] — Rutuja Dabhade-->GET--->entries
26/7/2025, 12:11:10 pm — [INFO] — Rutuja Dabhade-->PUT--->entries
26/7/2025, 12:11:10 pm — [INFO] — Rutuja Dabhade-->GET--->entries
26/7/2025, 12:11:19 pm — [INFO] — Rutuja Dabhade-->PUT--->entries
26/7/2025, 12:11:19 pm — [INFO] — Rutuja Dabhade-->GET--->entries
26/7/2025, 12:14:12 pm — [INFO] — Rutuja Dabhade-->GET--->entries
26/7/2025, 12:14:12 pm — [INFO] — Rutuja Dabhade-->GET--->entries
26/7/2025, 12:14:31 pm — [INFO] — Rutuja Dabhade-->GET--->entries
26/7/2025, 12:16:30 pm — [INFO] — Rutuja Dabhade-->GET--->entries
26/7/2025, 12:16:31 pm — [INFO] — Rutuja Dabhade-->GET--->entries
26/7/2025, 12:19:17 pm — [INFO] — Rutuja Dabhade-->GET--->entries
26/7/2025, 12:19:17 pm — [INFO] — Rutuja Dabhade-->GET--->entries
26/7/2025, 12:19:27 pm — [INFO] — Rutuja Dabhade-->GET--->entries
26/7/2025, 12:19:37 pm — [INFO] — Rutuja Dabhade-->GET--->entries
26/7/2025, 12:19:41 pm — [INFO] — Rutuja Dabhade-->POST--->entries
26/7/2025, 12:19:42 pm — [INFO] — Rutuja Dabhade-->POST--->entries
26/7/2025, 12:19:42 pm — [INFO] — Rutuja Dabhade-->POST--->entries
26/7/2025, 12:19:42 pm — [INFO] — Rutuja Dabhade-->POST--->entries
26/7/2025, 12:19:42 pm — [INFO] — Rutuja Dabhade-->POST--->entries
26/7/2025, 12:19:42 pm — [INFO] — Rutuja Dabhade-->POST--->entries
26/7/2025, 12:19:42 pm — [INFO] — Rutuja Dabhade-->GET--->entries
26/7/2025, 12:19:50 pm — [INFO] — Rutuja Dabhade-->GET--->entries
26/7/2025, 12:20:01 pm — [INFO] — Rutuja Dabhade-->GET--->entries
26/7/2025, 12:20:02 pm — [INFO] — Rutuja Dabhade-->GET--->entries
26/7/2025, 12:20:16 pm — [INFO] — Rutuja Dabhade-->GET--->entries
26/7/2025, 12:20:32 pm — [INFO] — Rutuja Dabhade-->GET--->entries
26/7/2025, 12:20:38 pm — [INFO] — Rutuja Dabhade-->GET--->entries
26/7/2025, 12:20:38 pm — [INFO] — Rutuja Dabhade-->GET--->entries
26/7/2025, 12:26:16 pm — [WARN] — Unauthorized operation -->GET--->entries
26/7/2025, 12:26:30 pm — [INFO] — Rutuja Dabhade-->GET--->entries
26/7/2025, 12:26:31 pm — [INFO] — Rutuja Dabhade-->GET--->entries
26/7/2025, 12:26:40 pm — [INFO] — Rutuja Dabhade-->GET--->entries
26/7/2025, 12:26:57 pm — [INFO] — Rutuja Dabhade-->GET--->entries
26/7/2025, 12:27:02 pm — [INFO] — Rutuja Dabhade-->POST--->entries
26/7/2025, 12:27:02 pm — [INFO] — Rutuja Dabhade-->GET--->entries
26/7/2025, 12:29:51 pm — [INFO] — Rutuja Dabhade-->GET--->entries
26/7/2025, 12:29:53 pm — [INFO] — Rutuja Dabhade-->GET--->entries
26/7/2025, 12:30:03 pm — [INFO] — Rutuja Dabhade-->GET--->entries
26/7/2025, 12:30:04 pm — [INFO] — Rutuja Dabhade-->GET--->entries
26/7/2025, 12:30:10 pm — [INFO] — Rutuja Dabhade-->GET--->entries
26/7/2025, 12:31:31 pm — [INFO] — Rutuja Dabhade-->GET--->entries
26/7/2025, 12:35:31 pm — [INFO] — Rutuja Dabhade-->GET--->entries
26/7/2025, 12:35:32 pm — [INFO] — Rutuja Dabhade-->GET--->entries
26/7/2025, 12:36:27 pm — [INFO] — Rutuja Dabhade-->GET--->entries
26/7/2025, 12:36:33 pm — [INFO] — Rutuja Dabhade-->GET--->entries
26/7/2025, 12:36:34 pm — [INFO] — Rutuja Dabhade-->GET--->entries
26/7/2025, 12:36:51 pm — [INFO] — Rutuja Dabhade-->GET--->entries
26/7/2025, 12:36:55 pm — [INFO] — Rutuja Dabhade-->GET--->entries
26/7/2025, 12:37:01 pm — [INFO] — Rutuja Dabhade-->GET--->entries
26/7/2025, 3:27:43 pm — [INFO] — Rutuja Dabhade-->GET--->entries
26/7/2025, 3:27:43 pm — [INFO] — Rutuja Dabhade-->GET--->entries
26/7/2025, 3:28:10 pm — [INFO] — Rutuja Dabhade-->GET--->bills
26/7/2025, 3:28:10 pm — [INFO] — Rutuja Dabhade-->GET--->bills
26/7/2025, 3:28:11 pm — [INFO] — Rutuja Dabhade-->GET--->entries
26/7/2025, 3:28:11 pm — [INFO] — Rutuja Dabhade-->GET--->milkrates
26/7/2025, 3:28:11 pm — [INFO] — Rutuja Dabhade-->GET--->milkrates
26/7/2025, 3:28:11 pm — [INFO] — Rutuja Dabhade-->GET--->entries
26/7/2025, 3:32:23 pm — [INFO] — Rutuja Dabhade-->GET--->bills
26/7/2025, 3:32:23 pm — [INFO] — Rutuja Dabhade-->GET--->entries
26/7/2025, 3:32:23 pm — [INFO] — Rutuja Dabhade-->GET--->milkrates
26/7/2025, 3:32:30 pm — [INFO] — Rutuja Dabhade-->GET--->bills
26/7/2025, 3:32:31 pm — [INFO] — Rutuja Dabhade-->GET--->bills
26/7/2025, 3:32:31 pm — [INFO] — Rutuja Dabhade-->GET--->entries
26/7/2025, 3:32:31 pm — [INFO] — Rutuja Dabhade-->GET--->milkrates
26/7/2025, 3:32:31 pm — [INFO] — Rutuja Dabhade-->GET--->milkrates
26/7/2025, 3:32:31 pm — [INFO] — Rutuja Dabhade-->GET--->entries
26/7/2025, 3:33:55 pm — [INFO] — Rutuja Dabhade-->GET--->bills
26/7/2025, 3:33:55 pm — [INFO] — Rutuja Dabhade-->GET--->bills
26/7/2025, 3:33:55 pm — [INFO] — Rutuja Dabhade-->GET--->entries
26/7/2025, 3:33:55 pm — [INFO] — Rutuja Dabhade-->GET--->milkrates
26/7/2025, 3:33:56 pm — [INFO] — Rutuja Dabhade-->GET--->milkrates
26/7/2025, 3:33:56 pm — [INFO] — Rutuja Dabhade-->GET--->entries
26/7/2025, 3:39:55 pm — [INFO] — Rutuja Dabhade-->GET--->bills
26/7/2025, 3:39:55 pm — [INFO] — Rutuja Dabhade-->GET--->entries
26/7/2025, 3:39:55 pm — [INFO] — Rutuja Dabhade-->GET--->milkrates
26/7/2025, 3:40:07 pm — [INFO] — Rutuja Dabhade-->GET--->bills
26/7/2025, 3:40:07 pm — [INFO] — Rutuja Dabhade-->GET--->entries
26/7/2025, 3:40:07 pm — [INFO] — Rutuja Dabhade-->GET--->milkrates
26/7/2025, 3:40:28 pm — [INFO] — Rutuja Dabhade-->GET--->bills
26/7/2025, 3:40:28 pm — [INFO] — Rutuja Dabhade-->GET--->bills
26/7/2025, 3:40:28 pm — [INFO] — Rutuja Dabhade-->GET--->entries
26/7/2025, 3:40:28 pm — [INFO] — Rutuja Dabhade-->GET--->milkrates
26/7/2025, 3:40:29 pm — [INFO] — Rutuja Dabhade-->GET--->milkrates
26/7/2025, 3:40:29 pm — [INFO] — Rutuja Dabhade-->GET--->entries
26/7/2025, 3:50:16 pm — [INFO] — Rutuja Dabhade-->GET--->bills
26/7/2025, 3:50:16 pm — [INFO] — Rutuja Dabhade-->GET--->entries
26/7/2025, 3:50:16 pm — [INFO] — Rutuja Dabhade-->GET--->milkrates
26/7/2025, 3:50:26 pm — [INFO] — Rutuja Dabhade-->GET--->bills
26/7/2025, 3:50:26 pm — [INFO] — Rutuja Dabhade-->GET--->bills
26/7/2025, 3:50:26 pm — [INFO] — Rutuja Dabhade-->GET--->entries
26/7/2025, 3:50:26 pm — [INFO] — Rutuja Dabhade-->GET--->milkrates
26/7/2025, 3:50:26 pm — [INFO] — Rutuja Dabhade-->GET--->milkrates
26/7/2025, 3:50:26 pm — [INFO] — Rutuja Dabhade-->GET--->entries
26/7/2025, 3:51:09 pm — [INFO] — Rutuja Dabhade-->GET--->bills
26/7/2025, 3:51:09 pm — [INFO] — Rutuja Dabhade-->GET--->entries
26/7/2025, 3:51:09 pm — [INFO] — Rutuja Dabhade-->GET--->milkrates
26/7/2025, 3:52:52 pm — [INFO] — Rutuja Dabhade-->GET--->bills
26/7/2025, 3:52:52 pm — [INFO] — Rutuja Dabhade-->GET--->entries
26/7/2025, 3:52:52 pm — [INFO] — Rutuja Dabhade-->GET--->milkrates
26/7/2025, 3:53:02 pm — [INFO] — Rutuja Dabhade-->GET--->bills
26/7/2025, 3:53:02 pm — [INFO] — Rutuja Dabhade-->GET--->bills
26/7/2025, 3:53:02 pm — [INFO] — Rutuja Dabhade-->GET--->entries
26/7/2025, 3:53:02 pm — [INFO] — Rutuja Dabhade-->GET--->milkrates
26/7/2025, 3:53:02 pm — [INFO] — Rutuja Dabhade-->GET--->milkrates
26/7/2025, 3:53:03 pm — [INFO] — Rutuja Dabhade-->GET--->entries
26/7/2025, 3:55:44 pm — [INFO] — Rutuja Dabhade-->GET--->bills
26/7/2025, 3:55:44 pm — [INFO] — Rutuja Dabhade-->GET--->entries
26/7/2025, 3:55:44 pm — [INFO] — Rutuja Dabhade-->GET--->milkrates
26/7/2025, 3:55:52 pm — [INFO] — Rutuja Dabhade-->GET--->bills
26/7/2025, 3:55:52 pm — [INFO] — Rutuja Dabhade-->GET--->bills
26/7/2025, 3:55:52 pm — [INFO] — Rutuja Dabhade-->GET--->entries
26/7/2025, 3:55:52 pm — [INFO] — Rutuja Dabhade-->GET--->milkrates
26/7/2025, 3:55:52 pm — [INFO] — Rutuja Dabhade-->GET--->milkrates
26/7/2025, 3:55:52 pm — [INFO] — Rutuja Dabhade-->GET--->entries
26/7/2025, 3:59:10 pm — [INFO] — Rutuja Dabhade-->GET--->entries
26/7/2025, 3:59:10 pm — [INFO] — Rutuja Dabhade-->GET--->entries
26/7/2025, 3:59:10 pm — [INFO] — Rutuja Dabhade-->GET--->entries
26/7/2025, 3:59:10 pm — [INFO] — Rutuja Dabhade-->GET--->milkrates
26/7/2025, 3:59:10 pm — [INFO] — Rutuja Dabhade-->GET--->milkrates
26/7/2025, 3:59:11 pm — [INFO] — Rutuja Dabhade-->GET--->entries
26/7/2025, 4:00:54 pm — [INFO] — Rutuja Dabhade-->GET--->entries
26/7/2025, 4:00:54 pm — [INFO] — Rutuja Dabhade-->GET--->entries
26/7/2025, 4:00:54 pm — [INFO] — Rutuja Dabhade-->GET--->entries
26/7/2025, 4:00:54 pm — [INFO] — Rutuja Dabhade-->GET--->milkrates
26/7/2025, 4:00:54 pm — [INFO] — Rutuja Dabhade-->GET--->milkrates
26/7/2025, 4:00:54 pm — [INFO] — Rutuja Dabhade-->GET--->entries
26/7/2025, 4:08:35 pm — [INFO] — Rutuja Dabhade-->GET--->bills
26/7/2025, 4:08:35 pm — [INFO] — Rutuja Dabhade-->GET--->bills
26/7/2025, 4:08:35 pm — [INFO] — Rutuja Dabhade-->GET--->entries
26/7/2025, 4:08:35 pm — [INFO] — Rutuja Dabhade-->GET--->milkrates
26/7/2025, 4:08:36 pm — [INFO] — Rutuja Dabhade-->GET--->entries
26/7/2025, 4:08:36 pm — [INFO] — Rutuja Dabhade-->GET--->milkrates
26/7/2025, 4:08:38 pm — [INFO] — Rutuja Dabhade-->GET--->entries
26/7/2025, 4:08:38 pm — [INFO] — Rutuja Dabhade-->GET--->entries
26/7/2025, 4:08:38 pm — [INFO] — Rutuja Dabhade-->GET--->entries
26/7/2025, 4:08:38 pm — [INFO] — Rutuja Dabhade-->GET--->milkrates
26/7/2025, 4:08:38 pm — [INFO] — Rutuja Dabhade-->GET--->milkrates
26/7/2025, 4:08:38 pm — [INFO] — Rutuja Dabhade-->GET--->entries
26/7/2025, 4:08:46 pm — [INFO] — Rutuja Dabhade-->GET--->bills
26/7/2025, 4:08:46 pm — [INFO] — Rutuja Dabhade-->GET--->bills
26/7/2025, 4:08:46 pm — [INFO] — Rutuja Dabhade-->GET--->entries
26/7/2025, 4:08:46 pm — [INFO] — Rutuja Dabhade-->GET--->milkrates
26/7/2025, 4:08:46 pm — [INFO] — Rutuja Dabhade-->GET--->milkrates
26/7/2025, 4:08:46 pm — [INFO] — Rutuja Dabhade-->GET--->entries
26/7/2025, 7:18:37 pm — [INFO] — Rutuja Dabhade-->GET--->bills
26/7/2025, 7:18:39 pm — [INFO] — Rutuja Dabhade-->GET--->bills
26/7/2025, 7:18:39 pm — [INFO] — Rutuja Dabhade-->GET--->milkrates
26/7/2025, 7:18:39 pm — [INFO] — Rutuja Dabhade-->GET--->entries
26/7/2025, 7:18:39 pm — [INFO] — Rutuja Dabhade-->GET--->milkrates
26/7/2025, 7:18:40 pm — [INFO] — Rutuja Dabhade-->GET--->entries
26/7/2025, 7:18:45 pm — [INFO] — Rutuja Dabhade-->GET--->entries
26/7/2025, 7:18:46 pm — [INFO] — Rutuja Dabhade-->GET--->entries
26/7/2025, 7:18:46 pm — [INFO] — Rutuja Dabhade-->GET--->entries
26/7/2025, 7:18:46 pm — [INFO] — Rutuja Dabhade-->GET--->milkrates
26/7/2025, 7:18:48 pm — [INFO] — Rutuja Dabhade-->GET--->entries
26/7/2025, 7:18:48 pm — [INFO] — Rutuja Dabhade-->GET--->milkrates
26/7/2025, 7:18:58 pm — [INFO] — Rutuja Dabhade-->GET--->bills
26/7/2025, 7:18:58 pm — [INFO] — Rutuja Dabhade-->GET--->bills
26/7/2025, 7:18:59 pm — [INFO] — Rutuja Dabhade-->GET--->entries
26/7/2025, 7:18:59 pm — [INFO] — Rutuja Dabhade-->GET--->milkrates
26/7/2025, 7:18:59 pm — [INFO] — Rutuja Dabhade-->GET--->entries
26/7/2025, 7:18:59 pm — [INFO] — Rutuja Dabhade-->GET--->milkrates
26/7/2025, 7:26:44 pm — [INFO] — Rutuja Dabhade-->GET--->bills
26/7/2025, 7:26:44 pm — [INFO] — Rutuja Dabhade-->GET--->bills
26/7/2025, 7:26:44 pm — [INFO] — Rutuja Dabhade-->GET--->entries
26/7/2025, 7:26:44 pm — [INFO] — Rutuja Dabhade-->GET--->milkrates
26/7/2025, 7:26:45 pm — [INFO] — Rutuja Dabhade-->GET--->milkrates
26/7/2025, 7:26:45 pm — [INFO] — Rutuja Dabhade-->GET--->entries
26/7/2025, 7:26:47 pm — [INFO] — Rutuja Dabhade-->GET--->entries
26/7/2025, 7:26:47 pm — [INFO] — Rutuja Dabhade-->GET--->entries
26/7/2025, 7:26:47 pm — [INFO] — Rutuja Dabhade-->GET--->entries
26/7/2025, 7:26:47 pm — [INFO] — Rutuja Dabhade-->GET--->milkrates
26/7/2025, 7:26:49 pm — [INFO] — Rutuja Dabhade-->GET--->entries
26/7/2025, 7:26:49 pm — [INFO] — Rutuja Dabhade-->GET--->milkrates
26/7/2025, 7:28:35 pm — [INFO] — Rutuja Dabhade-->GET--->bills
26/7/2025, 7:28:35 pm — [INFO] — Rutuja Dabhade-->GET--->bills
26/7/2025, 7:28:35 pm — [INFO] — Rutuja Dabhade-->GET--->entries
26/7/2025, 7:28:35 pm — [INFO] — Rutuja Dabhade-->GET--->milkrates
26/7/2025, 7:28:35 pm — [INFO] — Rutuja Dabhade-->GET--->milkrates
26/7/2025, 7:28:36 pm — [INFO] — Rutuja Dabhade-->GET--->entries
26/7/2025, 7:28:38 pm — [INFO] — Rutuja Dabhade-->POST--->bills
26/7/2025, 7:28:38 pm — [INFO] — Rutuja Dabhade-->GET--->bills
26/7/2025, 7:28:39 pm — [INFO] — Rutuja Dabhade-->GET--->entries
26/7/2025, 7:28:39 pm — [INFO] — Rutuja Dabhade-->GET--->milkrates
26/7/2025, 7:35:13 pm — [INFO] — Rutuja Dabhade-->GET--->bills
26/7/2025, 7:35:13 pm — [INFO] — Rutuja Dabhade-->GET--->bills
26/7/2025, 7:35:13 pm — [INFO] — Rutuja Dabhade-->GET--->entries
26/7/2025, 7:35:14 pm — [INFO] — Rutuja Dabhade-->GET--->milkrates
26/7/2025, 7:35:14 pm — [INFO] — Rutuja Dabhade-->GET--->entries
26/7/2025, 7:35:14 pm — [INFO] — Rutuja Dabhade-->GET--->milkrates
26/7/2025, 7:35:16 pm — [INFO] — Rutuja Dabhade-->PUT--->bills
26/7/2025, 7:35:20 pm — [INFO] — Rutuja Dabhade-->POST--->bills
26/7/2025, 7:35:20 pm — [INFO] — Rutuja Dabhade-->GET--->bills
26/7/2025, 7:35:20 pm — [INFO] — Rutuja Dabhade-->GET--->entries
26/7/2025, 7:35:20 pm — [INFO] — Rutuja Dabhade-->GET--->milkrates
26/7/2025, 7:36:11 pm — [INFO] — Rutuja Dabhade-->GET--->bills
26/7/2025, 7:36:12 pm — [INFO] — Rutuja Dabhade-->GET--->bills
26/7/2025, 7:36:12 pm — [INFO] — Rutuja Dabhade-->GET--->entries
26/7/2025, 7:36:12 pm — [INFO] — Rutuja Dabhade-->GET--->milkrates
26/7/2025, 7:36:12 pm — [INFO] — Rutuja Dabhade-->GET--->milkrates
26/7/2025, 7:36:12 pm — [INFO] — Rutuja Dabhade-->GET--->entries
26/7/2025, 7:36:22 pm — [INFO] — Rutuja Dabhade-->PUT--->bills
26/7/2025, 7:37:58 pm — [INFO] — Rutuja Dabhade-->GET--->bills
26/7/2025, 7:37:58 pm — [INFO] — Rutuja Dabhade-->GET--->entries
26/7/2025, 7:37:58 pm — [INFO] — Rutuja Dabhade-->GET--->milkrates
26/7/2025, 7:39:21 pm — [INFO] — Rutuja Dabhade-->GET--->bills
26/7/2025, 7:39:22 pm — [INFO] — Rutuja Dabhade-->GET--->entries
26/7/2025, 7:39:22 pm — [INFO] — Rutuja Dabhade-->GET--->milkrates
26/7/2025, 7:40:09 pm — [INFO] — Rutuja Dabhade-->GET--->bills
26/7/2025, 7:40:09 pm — [INFO] — Rutuja Dabhade-->GET--->bills
26/7/2025, 7:40:09 pm — [INFO] — Rutuja Dabhade-->GET--->entries
26/7/2025, 7:40:09 pm — [INFO] — Rutuja Dabhade-->GET--->milkrates
26/7/2025, 7:40:10 pm — [INFO] — Rutuja Dabhade-->GET--->milkrates
26/7/2025, 7:40:10 pm — [INFO] — Rutuja Dabhade-->GET--->entries
26/7/2025, 7:40:15 pm — [INFO] — Rutuja Dabhade-->PUT--->bills
26/7/2025, 7:42:45 pm — [INFO] — Rutuja Dabhade-->GET--->bills
26/7/2025, 7:42:45 pm — [INFO] — Rutuja Dabhade-->GET--->entries
26/7/2025, 7:42:45 pm — [INFO] — Rutuja Dabhade-->GET--->milkrates
26/7/2025, 7:43:04 pm — [INFO] — Rutuja Dabhade-->GET--->bills
26/7/2025, 7:43:04 pm — [INFO] — Rutuja Dabhade-->GET--->bills
26/7/2025, 7:43:04 pm — [INFO] — Rutuja Dabhade-->GET--->entries
26/7/2025, 7:43:04 pm — [INFO] — Rutuja Dabhade-->GET--->milkrates
26/7/2025, 7:43:05 pm — [INFO] — Rutuja Dabhade-->GET--->milkrates
26/7/2025, 7:43:05 pm — [INFO] — Rutuja Dabhade-->GET--->entries
26/7/2025, 7:44:08 pm — [INFO] — Rutuja Dabhade-->GET--->bills
26/7/2025, 7:44:08 pm — [INFO] — Rutuja Dabhade-->GET--->entries
26/7/2025, 7:44:08 pm — [INFO] — Rutuja Dabhade-->GET--->milkrates
26/7/2025, 7:44:20 pm — [INFO] — Rutuja Dabhade-->GET--->bills
26/7/2025, 7:44:20 pm — [INFO] — Rutuja Dabhade-->GET--->bills
26/7/2025, 7:44:20 pm — [INFO] — Rutuja Dabhade-->GET--->entries
26/7/2025, 7:44:20 pm — [INFO] — Rutuja Dabhade-->GET--->milkrates
26/7/2025, 7:44:21 pm — [INFO] — Rutuja Dabhade-->GET--->milkrates
26/7/2025, 7:44:21 pm — [INFO] — Rutuja Dabhade-->GET--->entries
26/7/2025, 7:44:23 pm — [INFO] — Rutuja Dabhade-->GET--->entries
26/7/2025, 7:44:24 pm — [INFO] — Rutuja Dabhade-->GET--->entries
26/7/2025, 7:44:24 pm — [INFO] — Rutuja Dabhade-->GET--->entries
26/7/2025, 7:44:24 pm — [INFO] — Rutuja Dabhade-->GET--->milkrates
26/7/2025, 7:44:24 pm — [INFO] — Rutuja Dabhade-->GET--->entries
26/7/2025, 7:44:24 pm — [INFO] — Rutuja Dabhade-->GET--->milkrates
26/7/2025, 7:44:44 pm — [INFO] — Rutuja Dabhade-->GET--->bills
26/7/2025, 7:44:45 pm — [INFO] — Rutuja Dabhade-->GET--->entries
26/7/2025, 7:44:45 pm — [INFO] — Rutuja Dabhade-->GET--->milkrates
26/7/2025, 7:45:02 pm — [INFO] — Rutuja Dabhade-->GET--->bills
26/7/2025, 7:45:02 pm — [INFO] — Rutuja Dabhade-->GET--->bills
26/7/2025, 7:45:02 pm — [INFO] — Rutuja Dabhade-->GET--->entries
26/7/2025, 7:45:02 pm — [INFO] — Rutuja Dabhade-->GET--->milkrates
26/7/2025, 7:45:02 pm — [INFO] — Rutuja Dabhade-->GET--->milkrates
26/7/2025, 7:45:03 pm — [INFO] — Rutuja Dabhade-->GET--->entries
26/7/2025, 7:45:05 pm — [INFO] — Rutuja Dabhade-->GET--->entries
26/7/2025, 7:45:05 pm — [INFO] — Rutuja Dabhade-->GET--->entries
26/7/2025, 7:45:05 pm — [INFO] — Rutuja Dabhade-->GET--->entries
26/7/2025, 7:45:05 pm — [INFO] — Rutuja Dabhade-->GET--->milkrates
26/7/2025, 7:45:06 pm — [INFO] — Rutuja Dabhade-->GET--->entries
26/7/2025, 7:45:06 pm — [INFO] — Rutuja Dabhade-->GET--->milkrates
26/7/2025, 7:50:28 pm — [INFO] — Rutuja Dabhade-->GET--->bills
26/7/2025, 7:50:29 pm — [INFO] — Rutuja Dabhade-->GET--->bills
26/7/2025, 7:50:29 pm — [INFO] — Rutuja Dabhade-->GET--->entries
26/7/2025, 7:50:29 pm — [INFO] — Rutuja Dabhade-->GET--->milkrates
26/7/2025, 7:50:29 pm — [INFO] — Rutuja Dabhade-->GET--->milkrates
26/7/2025, 7:50:29 pm — [INFO] — Rutuja Dabhade-->GET--->entries
26/7/2025, 7:50:31 pm — [INFO] — Rutuja Dabhade-->POST--->bills
26/7/2025, 7:56:38 pm — [INFO] — Rutuja Dabhade-->GET--->bills
26/7/2025, 7:56:38 pm — [INFO] — Rutuja Dabhade-->GET--->bills
26/7/2025, 7:56:38 pm — [INFO] — Rutuja Dabhade-->GET--->entries
26/7/2025, 7:56:38 pm — [INFO] — Rutuja Dabhade-->GET--->milkrates
26/7/2025, 7:56:38 pm — [INFO] — Rutuja Dabhade-->GET--->milkrates
26/7/2025, 7:56:38 pm — [INFO] — Rutuja Dabhade-->GET--->entries
26/7/2025, 7:56:42 pm — [INFO] — Rutuja Dabhade-->POST--->bills
26/7/2025, 8:11:01 pm — [INFO] — Rutuja Dabhade-->GET--->bills
26/7/2025, 8:11:02 pm — [INFO] — Rutuja Dabhade-->GET--->bills
26/7/2025, 8:11:02 pm — [INFO] — Rutuja Dabhade-->GET--->entries
26/7/2025, 8:11:02 pm — [INFO] — Rutuja Dabhade-->GET--->milkrates
26/7/2025, 8:11:02 pm — [INFO] — Rutuja Dabhade-->GET--->entries
26/7/2025, 8:11:03 pm — [INFO] — Rutuja Dabhade-->GET--->milkrates
26/7/2025, 8:26:01 pm — [INFO] — Rutuja Dabhade-->GET--->bills
26/7/2025, 8:26:03 pm — [INFO] — Rutuja Dabhade-->GET--->bills
26/7/2025, 8:26:03 pm — [INFO] — Rutuja Dabhade-->GET--->entries
26/7/2025, 8:26:03 pm — [INFO] — Rutuja Dabhade-->GET--->milkrates
26/7/2025, 8:26:03 pm — [INFO] — Rutuja Dabhade-->GET--->entries
26/7/2025, 8:26:04 pm — [INFO] — Rutuja Dabhade-->GET--->milkrates
26/7/2025, 8:26:42 pm — [INFO] — Rutuja Dabhade-->GET--->entries
26/7/2025, 8:26:42 pm — [INFO] — Rutuja Dabhade-->GET--->entries
26/7/2025, 8:26:42 pm — [INFO] — Rutuja Dabhade-->GET--->entries
26/7/2025, 8:26:42 pm — [INFO] — Rutuja Dabhade-->GET--->milkrates
26/7/2025, 8:26:43 pm — [INFO] — Rutuja Dabhade-->GET--->milkrates
26/7/2025, 8:26:43 pm — [INFO] — Rutuja Dabhade-->GET--->entries
26/7/2025, 8:29:50 pm — [INFO] — Rutuja Dabhade-->GET--->bills
26/7/2025, 8:29:50 pm — [INFO] — Rutuja Dabhade-->GET--->bills
26/7/2025, 8:29:50 pm — [INFO] — Rutuja Dabhade-->GET--->entries
26/7/2025, 8:29:50 pm — [INFO] — Rutuja Dabhade-->GET--->milkrates
26/7/2025, 8:29:50 pm — [INFO] — Rutuja Dabhade-->GET--->entries
26/7/2025, 8:29:51 pm — [INFO] — Rutuja Dabhade-->GET--->milkrates
26/7/2025, 9:24:07 pm — [INFO] — Rutuja Dabhade-->GET--->bills
26/7/2025, 9:24:16 pm — [INFO] — Rutuja Dabhade-->GET--->entries
26/7/2025, 9:24:16 pm — [INFO] — Rutuja Dabhade-->GET--->milkrates
26/7/2025, 9:24:16 pm — [INFO] — Rutuja Dabhade-->GET--->bills
26/7/2025, 9:24:19 pm — [INFO] — Rutuja Dabhade-->GET--->entries
26/7/2025, 9:24:19 pm — [INFO] — Rutuja Dabhade-->GET--->milkrates
26/7/2025, 9:24:23 pm — [INFO] — Rutuja Dabhade-->GET--->bills
26/7/2025, 9:24:23 pm — [INFO] — Rutuja Dabhade-->GET--->bills
26/7/2025, 9:24:24 pm — [INFO] — Rutuja Dabhade-->GET--->entries
26/7/2025, 9:24:24 pm — [INFO] — Rutuja Dabhade-->GET--->milkrates
26/7/2025, 9:24:24 pm — [INFO] — Rutuja Dabhade-->GET--->milkrates
26/7/2025, 9:24:24 pm — [INFO] — Rutuja Dabhade-->GET--->entries
26/7/2025, 9:25:30 pm — [INFO] — Rutuja Dabhade-->GET--->bills
26/7/2025, 9:25:30 pm — [INFO] — Rutuja Dabhade-->GET--->bills
26/7/2025, 9:25:30 pm — [INFO] — Rutuja Dabhade-->GET--->entries
26/7/2025, 9:25:30 pm — [INFO] — Rutuja Dabhade-->GET--->milkrates
26/7/2025, 9:25:30 pm — [INFO] — Rutuja Dabhade-->GET--->milkrates
26/7/2025, 9:25:31 pm — [INFO] — Rutuja Dabhade-->GET--->entries
26/7/2025, 9:28:24 pm — [INFO] — Rutuja Dabhade-->GET--->bills
26/7/2025, 9:28:24 pm — [INFO] — Rutuja Dabhade-->GET--->bills
26/7/2025, 9:28:24 pm — [INFO] — Rutuja Dabhade-->GET--->entries
26/7/2025, 9:28:24 pm — [INFO] — Rutuja Dabhade-->GET--->milkrates
26/7/2025, 9:28:27 pm — [INFO] — Rutuja Dabhade-->GET--->entries
26/7/2025, 9:28:27 pm — [INFO] — Rutuja Dabhade-->GET--->milkrates
26/7/2025, 9:30:56 pm — [INFO] — Rutuja Dabhade-->GET--->bills
26/7/2025, 9:30:56 pm — [INFO] — Rutuja Dabhade-->GET--->bills
26/7/2025, 9:30:57 pm — [INFO] — Rutuja Dabhade-->GET--->entries
26/7/2025, 9:30:57 pm — [INFO] — Rutuja Dabhade-->GET--->milkrates
26/7/2025, 9:30:57 pm — [INFO] — Rutuja Dabhade-->GET--->milkrates
26/7/2025, 9:30:58 pm — [INFO] — Rutuja Dabhade-->GET--->entries
26/7/2025, 9:42:04 pm — [INFO] — Rutuja Dabhade-->GET--->bills
26/7/2025, 9:42:04 pm — [INFO] — Rutuja Dabhade-->GET--->bills
26/7/2025, 9:42:05 pm — [INFO] — Rutuja Dabhade-->GET--->entries
26/7/2025, 9:42:05 pm — [INFO] — Rutuja Dabhade-->GET--->milkrates
26/7/2025, 9:42:05 pm — [INFO] — Rutuja Dabhade-->GET--->milkrates
26/7/2025, 9:42:05 pm — [INFO] — Rutuja Dabhade-->GET--->entries
26/7/2025, 9:42:09 pm — [INFO] — Rutuja Dabhade-->POST--->bills
26/7/2025, 9:45:19 pm — [INFO] — Rutuja Dabhade-->GET--->bills
26/7/2025, 9:45:20 pm — [INFO] — Rutuja Dabhade-->GET--->bills
26/7/2025, 9:45:20 pm — [INFO] — Rutuja Dabhade-->GET--->entries
26/7/2025, 9:45:20 pm — [INFO] — Rutuja Dabhade-->GET--->milkrates
26/7/2025, 9:45:20 pm — [INFO] — Rutuja Dabhade-->GET--->milkrates
26/7/2025, 9:45:20 pm — [INFO] — Rutuja Dabhade-->GET--->entries
26/7/2025, 9:45:25 pm — [INFO] — Rutuja Dabhade-->POST--->bills
26/7/2025, 9:50:21 pm — [INFO] — Rutuja Dabhade-->GET--->bills
26/7/2025, 9:50:21 pm — [INFO] — Rutuja Dabhade-->GET--->bills
26/7/2025, 9:50:22 pm — [INFO] — Rutuja Dabhade-->GET--->entries
26/7/2025, 9:50:22 pm — [INFO] — Rutuja Dabhade-->GET--->milkrates
26/7/2025, 9:50:22 pm — [INFO] — Rutuja Dabhade-->GET--->milkrates
26/7/2025, 9:50:23 pm — [INFO] — Rutuja Dabhade-->GET--->entries
26/7/2025, 9:50:26 pm — [INFO] — Rutuja Dabhade-->POST--->bills
26/7/2025, 9:52:35 pm — [INFO] — Rutuja Dabhade-->GET--->bills
26/7/2025, 9:52:36 pm — [INFO] — Rutuja Dabhade-->GET--->bills
26/7/2025, 9:52:36 pm — [INFO] — Rutuja Dabhade-->GET--->entries
26/7/2025, 9:52:36 pm — [INFO] — Rutuja Dabhade-->GET--->milkrates
26/7/2025, 9:52:36 pm — [INFO] — Rutuja Dabhade-->GET--->milkrates
26/7/2025, 9:52:37 pm — [INFO] — Rutuja Dabhade-->GET--->entries
26/7/2025, 9:52:40 pm — [INFO] — Rutuja Dabhade-->POST--->bills
26/7/2025, 9:59:14 pm — [INFO] — Rutuja Dabhade-->GET--->bills
26/7/2025, 9:59:14 pm — [INFO] — Rutuja Dabhade-->GET--->bills
26/7/2025, 9:59:15 pm — [INFO] — Rutuja Dabhade-->GET--->entries
26/7/2025, 9:59:15 pm — [INFO] — Rutuja Dabhade-->GET--->milkrates
26/7/2025, 9:59:15 pm — [INFO] — Rutuja Dabhade-->GET--->milkrates
26/7/2025, 9:59:15 pm — [INFO] — Rutuja Dabhade-->GET--->entries
26/7/2025, 9:59:17 pm — [INFO] — Rutuja Dabhade-->POST--->bills
26/7/2025, 10:02:06 pm — [INFO] — Rutuja Dabhade-->GET--->bills
26/7/2025, 10:02:07 pm — [INFO] — Rutuja Dabhade-->GET--->bills
26/7/2025, 10:02:07 pm — [INFO] — Rutuja Dabhade-->GET--->entries
26/7/2025, 10:02:07 pm — [INFO] — Rutuja Dabhade-->GET--->milkrates
26/7/2025, 10:02:07 pm — [INFO] — Rutuja Dabhade-->GET--->milkrates
26/7/2025, 10:02:08 pm — [INFO] — Rutuja Dabhade-->GET--->entries
26/7/2025, 10:02:11 pm — [INFO] — Rutuja Dabhade-->POST--->bills
26/7/2025, 10:03:08 pm — [INFO] — Rutuja Dabhade-->POST--->bills
26/7/2025, 10:12:15 pm — [INFO] — Rutuja Dabhade-->GET--->bills
26/7/2025, 10:12:15 pm — [INFO] — Rutuja Dabhade-->GET--->bills
26/7/2025, 10:12:15 pm — [INFO] — Rutuja Dabhade-->GET--->entries
26/7/2025, 10:12:15 pm — [INFO] — Rutuja Dabhade-->GET--->milkrates
26/7/2025, 10:12:15 pm — [INFO] — Rutuja Dabhade-->GET--->milkrates
26/7/2025, 10:12:15 pm — [INFO] — Rutuja Dabhade-->GET--->entries
26/7/2025, 10:12:18 pm — [INFO] — Rutuja Dabhade-->GET--->entries
26/7/2025, 10:12:18 pm — [INFO] — Rutuja Dabhade-->GET--->entries
26/7/2025, 10:12:18 pm — [INFO] — Rutuja Dabhade-->GET--->entries
26/7/2025, 10:12:18 pm — [INFO] — Rutuja Dabhade-->GET--->milkrates
26/7/2025, 10:12:19 pm — [INFO] — Rutuja Dabhade-->GET--->milkrates
26/7/2025, 10:12:19 pm — [INFO] — Rutuja Dabhade-->GET--->entries
26/7/2025, 10:12:29 pm — [INFO] — Rutuja Dabhade-->POST--->bills
26/7/2025, 10:28:07 pm — [INFO] — Rutuja Dabhade-->GET--->bills
26/7/2025, 10:28:07 pm — [INFO] — Rutuja Dabhade-->GET--->bills
26/7/2025, 10:28:07 pm — [INFO] — Rutuja Dabhade-->GET--->entries
26/7/2025, 10:28:07 pm — [INFO] — Rutuja Dabhade-->GET--->milkrates
26/7/2025, 10:28:07 pm — [INFO] — Rutuja Dabhade-->GET--->milkrates
26/7/2025, 10:28:08 pm — [INFO] — Rutuja Dabhade-->GET--->entries
26/7/2025, 10:28:10 pm — [INFO] — Rutuja Dabhade-->POST--->bills
26/7/2025, 10:34:24 pm — [INFO] — Rutuja Dabhade-->GET--->bills
26/7/2025, 10:34:24 pm — [INFO] — Rutuja Dabhade-->GET--->bills
26/7/2025, 10:34:24 pm — [INFO] — Rutuja Dabhade-->GET--->entries
26/7/2025, 10:34:24 pm — [INFO] — Rutuja Dabhade-->GET--->milkrates
26/7/2025, 10:34:24 pm — [INFO] — Rutuja Dabhade-->GET--->milkrates
26/7/2025, 10:34:25 pm — [INFO] — Rutuja Dabhade-->GET--->entries
26/7/2025, 10:34:28 pm — [INFO] — Rutuja Dabhade-->POST--->bills
26/7/2025, 10:38:23 pm — [INFO] — Rutuja Dabhade-->GET--->entries
26/7/2025, 10:38:24 pm — [INFO] — Rutuja Dabhade-->GET--->entries
26/7/2025, 10:38:36 pm — [INFO] — Rutuja Dabhade-->GET--->entries
26/7/2025, 10:40:11 pm — [INFO] — Rutuja Dabhade-->GET--->entries
26/7/2025, 10:40:12 pm — [INFO] — Rutuja Dabhade-->GET--->entries
26/7/2025, 10:40:19 pm — [INFO] — Rutuja Dabhade-->GET--->entries
26/7/2025, 11:01:49 pm — [INFO] — Rutuja Dabhade-->GET--->entries
26/7/2025, 11:01:50 pm — [INFO] — Rutuja Dabhade-->GET--->entries
26/7/2025, 11:02:13 pm — [INFO] — Rutuja Dabhade-->GET--->entries
26/7/2025, 11:02:20 pm — [INFO] — Rutuja Dabhade-->GET--->entries
26/7/2025, 11:07:03 pm — [INFO] — Rutuja Dabhade-->GET--->entries
26/7/2025, 11:07:41 pm — [INFO] — Rutuja Dabhade-->GET--->entries
26/7/2025, 11:07:42 pm — [INFO] — Rutuja Dabhade-->GET--->entries
26/7/2025, 11:10:23 pm — [INFO] — Rutuja Dabhade-->GET--->entries
26/7/2025, 11:10:24 pm — [INFO] — Rutuja Dabhade-->GET--->entries
26/7/2025, 11:10:31 pm — [INFO] — Rutuja Dabhade-->GET--->entries
26/7/2025, 11:10:37 pm — [INFO] — Rutuja Dabhade-->GET--->entries
26/7/2025, 11:10:48 pm — [INFO] — Rutuja Dabhade-->GET--->entries
26/7/2025, 11:14:10 pm — [INFO] — Rutuja Dabhade-->GET--->entries
26/7/2025, 11:14:10 pm — [INFO] — Rutuja Dabhade-->GET--->entries
26/7/2025, 11:14:19 pm — [INFO] — Rutuja Dabhade-->GET--->entries
26/7/2025, 11:14:31 pm — [INFO] — Rutuja Dabhade-->GET--->entries
26/7/2025, 11:14:36 pm — [INFO] — Rutuja Dabhade-->GET--->entries
26/7/2025, 11:14:45 pm — [INFO] — Rutuja Dabhade-->GET--->entries
26/7/2025, 11:14:50 pm — [INFO] — Rutuja Dabhade-->GET--->entries
26/7/2025, 11:14:59 pm — [INFO] — Rutuja Dabhade-->POST--->entries
26/7/2025, 11:15:15 pm — [INFO] — Rutuja Dabhade-->POST--->entries
26/7/2025, 11:15:15 pm — [INFO] — Rutuja Dabhade-->GET--->entries
26/7/2025, 11:15:24 pm — [INFO] — Rutuja Dabhade-->GET--->entries
26/7/2025, 11:15:25 pm — [INFO] — Rutuja Dabhade-->GET--->entries
26/7/2025, 11:15:35 pm — [INFO] — Rutuja Dabhade-->GET--->entries
26/7/2025, 11:15:40 pm — [INFO] — Rutuja Dabhade-->GET--->entries
26/7/2025, 11:23:13 pm — [INFO] — Rutuja Dabhade-->GET--->entries
26/7/2025, 11:23:13 pm — [INFO] — Rutuja Dabhade-->GET--->entries
26/7/2025, 11:23:22 pm — [INFO] — Rutuja Dabhade-->GET--->entries
26/7/2025, 11:23:28 pm — [INFO] — Rutuja Dabhade-->GET--->entries
26/7/2025, 11:24:59 pm — [INFO] — Rutuja Dabhade-->GET--->entries
26/7/2025, 11:24:59 pm — [INFO] — Rutuja Dabhade-->GET--->entries
26/7/2025, 11:26:58 pm — [INFO] — Rutuja Dabhade-->GET--->entries
26/7/2025, 11:27:06 pm — [INFO] — Rutuja Dabhade-->GET--->entries
26/7/2025, 11:27:07 pm — [INFO] — Rutuja Dabhade-->GET--->entries
26/7/2025, 11:30:06 pm — [INFO] — Rutuja Dabhade-->GET--->entries
26/7/2025, 11:30:16 pm — [INFO] — Rutuja Dabhade-->GET--->entries
26/7/2025, 11:30:16 pm — [INFO] — Rutuja Dabhade-->GET--->entries
26/7/2025, 11:30:23 pm — [INFO] — Rutuja Dabhade-->GET--->entries
26/7/2025, 11:30:28 pm — [INFO] — Rutuja Dabhade-->GET--->entries
26/7/2025, 11:30:36 pm — [INFO] — Rutuja Dabhade-->GET--->entries
26/7/2025, 11:30:41 pm — [INFO] — Rutuja Dabhade-->POST--->entries
26/7/2025, 11:30:42 pm — [INFO] — Rutuja Dabhade-->GET--->entries
26/7/2025, 11:30:52 pm — [INFO] — Rutuja Dabhade-->POST--->entries
26/7/2025, 11:30:52 pm — [INFO] — Rutuja Dabhade-->POST--->entries
26/7/2025, 11:30:52 pm — [INFO] — Rutuja Dabhade-->POST--->entries
26/7/2025, 11:30:52 pm — [INFO] — Rutuja Dabhade-->GET--->entries
26/7/2025, 11:31:07 pm — [INFO] — Rutuja Dabhade-->GET--->entries
