15/7/2025, 6:49:32 pm — [INFO] — Rutuja Dabhade-->GET--->entries
15/7/2025, 6:49:32 pm — [INFO] — Rutuja Dabhade-->GET--->entries
15/7/2025, 6:49:36 pm — [INFO] — Rutuja Dabhade-->GET--->entries
15/7/2025, 6:49:36 pm — [INFO] — Rutuja Dabhade-->GET--->entries
15/7/2025, 6:49:42 pm — [INFO] — Rutuja Dabhade-->GET--->entries
15/7/2025, 6:49:44 pm — [INFO] — Rutuja Dabhade-->GET--->entries
15/7/2025, 6:49:46 pm — [INFO] — Rutuja Dabhade-->GET--->customers
15/7/2025, 6:49:46 pm — [INFO] — Rutuja Dabhade-->GET--->customers
15/7/2025, 6:49:58 pm — [INFO] — Rutuja Dabhade-->GET--->entries
15/7/2025, 6:49:59 pm — [INFO] — Rutuja Dabhade-->GET--->entries
15/7/2025, 6:53:42 pm — [INFO] — Rutuja Dabhade-->GET--->payments
15/7/2025, 6:53:42 pm — [INFO] — Rutuja Dabhade-->GET--->payments
15/7/2025, 7:01:56 pm — [INFO] — Rutuja Dabhade-->GET--->payments
15/7/2025, 7:02:38 pm — [INFO] — Rutuja Dabhade-->GET--->payments
15/7/2025, 7:02:38 pm — [INFO] — Rutuja Dabhade-->GET--->payments
15/7/2025, 7:02:46 pm — [INFO] — Rutuja Dabhade-->GET--->customers
15/7/2025, 7:02:47 pm — [INFO] — Rutuja Dabhade-->GET--->customers
15/7/2025, 7:02:49 pm — [INFO] — Rutuja Dabhade-->GET--->payments
15/7/2025, 7:02:49 pm — [INFO] — Rutuja Dabhade-->GET--->payments
15/7/2025, 7:02:58 pm — [INFO] — Rutuja Dabhade-->GET--->payments
15/7/2025, 7:03:02 pm — [INFO] — Rutuja Dabhade-->GET--->payments
15/7/2025, 7:03:05 pm — [INFO] — Rutuja Dabhade-->GET--->payments
15/7/2025, 7:04:53 pm — [INFO] — Rutuja Dabhade-->GET--->payments
15/7/2025, 7:05:06 pm — [INFO] — Rutuja Dabhade-->GET--->entries
15/7/2025, 7:05:10 pm — [INFO] — Rutuja Dabhade-->GET--->entries
15/7/2025, 7:05:31 pm — [INFO] — Rutuja Dabhade-->GET--->payments
15/7/2025, 7:05:31 pm — [INFO] — Rutuja Dabhade-->GET--->payments
15/7/2025, 7:05:35 pm — [INFO] — Rutuja Dabhade-->GET--->payments
15/7/2025, 7:05:41 pm — [INFO] — Rutuja Dabhade-->GET--->payments
15/7/2025, 7:08:47 pm — [INFO] — Rutuja Dabhade-->GET--->payments
15/7/2025, 7:08:55 pm — [INFO] — Rutuja Dabhade-->GET--->payments
15/7/2025, 7:08:57 pm — [INFO] — Rutuja Dabhade-->GET--->payments
15/7/2025, 7:09:45 pm — [INFO] — Rutuja Dabhade-->GET--->payments
15/7/2025, 7:09:45 pm — [INFO] — Rutuja Dabhade-->GET--->payments
15/7/2025, 7:09:49 pm — [INFO] — Rutuja Dabhade-->GET--->payments
15/7/2025, 7:09:53 pm — [INFO] — Rutuja Dabhade-->GET--->payments
15/7/2025, 7:13:39 pm — [INFO] — Rutuja Dabhade-->GET--->payments
15/7/2025, 7:13:39 pm — [INFO] — Rutuja Dabhade-->GET--->payments
15/7/2025, 7:14:41 pm — [INFO] — Rutuja Dabhade-->GET--->payments
15/7/2025, 7:14:42 pm — [INFO] — Rutuja Dabhade-->GET--->payments
15/7/2025, 7:14:43 pm — [INFO] — Rutuja Dabhade-->GET--->entries
15/7/2025, 7:14:43 pm — [INFO] — Rutuja Dabhade-->GET--->entries
15/7/2025, 7:14:45 pm — [INFO] — Rutuja Dabhade-->GET--->payments
15/7/2025, 7:14:46 pm — [INFO] — Rutuja Dabhade-->GET--->payments
15/7/2025, 7:21:29 pm — [INFO] — Rutuja Dabhade-->GET--->payments
15/7/2025, 7:21:30 pm — [INFO] — Rutuja Dabhade-->GET--->payments
15/7/2025, 7:21:51 pm — [INFO] — Rutuja Dabhade-->GET--->payments
15/7/2025, 7:21:51 pm — [INFO] — Rutuja Dabhade-->GET--->payments
15/7/2025, 7:41:43 pm — [INFO] — Rutuja Dabhade-->GET--->payments
15/7/2025, 7:41:43 pm — [INFO] — Rutuja Dabhade-->GET--->entries
15/7/2025, 7:42:10 pm — [INFO] — Rutuja Dabhade-->GET--->payments
15/7/2025, 7:42:10 pm — [INFO] — Rutuja Dabhade-->GET--->entries
15/7/2025, 7:42:10 pm — [INFO] — Rutuja Dabhade-->GET--->payments
15/7/2025, 7:42:10 pm — [INFO] — Rutuja Dabhade-->GET--->entries
15/7/2025, 7:42:18 pm — [INFO] — Rutuja Dabhade-->GET--->payments
15/7/2025, 7:42:18 pm — [INFO] — Rutuja Dabhade-->GET--->entries
15/7/2025, 7:42:18 pm — [INFO] — Rutuja Dabhade-->GET--->entries
15/7/2025, 7:42:18 pm — [INFO] — Rutuja Dabhade-->GET--->payments
15/7/2025, 7:42:23 pm — [INFO] — Rutuja Dabhade-->GET--->payments
15/7/2025, 7:42:23 pm — [INFO] — Rutuja Dabhade-->GET--->entries
15/7/2025, 7:42:29 pm — [INFO] — Rutuja Dabhade-->GET--->customers
15/7/2025, 7:42:29 pm — [INFO] — Rutuja Dabhade-->GET--->customers
15/7/2025, 7:42:32 pm — [INFO] — Rutuja Dabhade-->GET--->entries
15/7/2025, 7:42:32 pm — [INFO] — Rutuja Dabhade-->GET--->entries
15/7/2025, 7:42:35 pm — [INFO] — Rutuja Dabhade-->GET--->entries
15/7/2025, 7:42:35 pm — [INFO] — Rutuja Dabhade-->GET--->entries
15/7/2025, 7:43:16 pm — [INFO] — Rutuja Dabhade-->GET--->payments
15/7/2025, 7:43:16 pm — [INFO] — Rutuja Dabhade-->GET--->entries
15/7/2025, 7:43:16 pm — [INFO] — Rutuja Dabhade-->GET--->payments
15/7/2025, 7:43:16 pm — [INFO] — Rutuja Dabhade-->GET--->entries
15/7/2025, 7:43:48 pm — [INFO] — Rutuja Dabhade-->GET--->payments
15/7/2025, 7:43:48 pm — [INFO] — Rutuja Dabhade-->GET--->entries
15/7/2025, 7:44:00 pm — [INFO] — Rutuja Dabhade-->GET--->payments
15/7/2025, 7:44:00 pm — [INFO] — Rutuja Dabhade-->GET--->entries
15/7/2025, 7:44:05 pm — [INFO] — Rutuja Dabhade-->GET--->payments
15/7/2025, 7:44:06 pm — [INFO] — Rutuja Dabhade-->GET--->entries
15/7/2025, 7:44:50 pm — [INFO] — Rutuja Dabhade-->GET--->payments
15/7/2025, 7:44:50 pm — [INFO] — Rutuja Dabhade-->GET--->entries
15/7/2025, 9:53:54 pm — [INFO] — Rutuja Dabhade-->GET--->entries
15/7/2025, 9:53:54 pm — [INFO] — Rutuja Dabhade-->GET--->entries
15/7/2025, 9:53:58 pm — [INFO] — Rutuja Dabhade-->GET--->payments
15/7/2025, 9:53:58 pm — [INFO] — Rutuja Dabhade-->GET--->entries
15/7/2025, 9:53:58 pm — [INFO] — Rutuja Dabhade-->GET--->payments
15/7/2025, 9:53:59 pm — [INFO] — Rutuja Dabhade-->GET--->entries
15/7/2025, 10:18:01 pm — [INFO] — Rutuja Dabhade-->GET--->payments
15/7/2025, 10:18:01 pm — [INFO] — Rutuja Dabhade-->GET--->entries
15/7/2025, 10:18:04 pm — [INFO] — Rutuja Dabhade-->GET--->payments
15/7/2025, 10:18:06 pm — [INFO] — Rutuja Dabhade-->GET--->entries
15/7/2025, 10:22:42 pm — [INFO] — Rutuja Dabhade-->GET--->payments
15/7/2025, 10:22:42 pm — [INFO] — Rutuja Dabhade-->GET--->entries
15/7/2025, 10:22:52 pm — [INFO] — Rutuja Dabhade-->GET--->payments
15/7/2025, 10:22:52 pm — [INFO] — Rutuja Dabhade-->GET--->entries
15/7/2025, 10:24:27 pm — [INFO] — Rutuja Dabhade-->GET--->payments
15/7/2025, 10:24:27 pm — [INFO] — Rutuja Dabhade-->GET--->entries
15/7/2025, 10:25:26 pm — [INFO] — Rutuja Dabhade-->GET--->payments
15/7/2025, 10:25:26 pm — [INFO] — Rutuja Dabhade-->GET--->entries
15/7/2025, 10:25:30 pm — [INFO] — Rutuja Dabhade-->GET--->payments
15/7/2025, 10:25:30 pm — [INFO] — Rutuja Dabhade-->GET--->entries
15/7/2025, 10:25:32 pm — [INFO] — Rutuja Dabhade-->GET--->entries
15/7/2025, 10:25:33 pm — [INFO] — Rutuja Dabhade-->GET--->entries
15/7/2025, 10:25:34 pm — [INFO] — Rutuja Dabhade-->GET--->payments
15/7/2025, 10:25:34 pm — [INFO] — Rutuja Dabhade-->GET--->entries
15/7/2025, 10:25:34 pm — [INFO] — Rutuja Dabhade-->GET--->payments
15/7/2025, 10:25:34 pm — [INFO] — Rutuja Dabhade-->GET--->entries
15/7/2025, 10:34:33 pm — [INFO] — Rutuja Dabhade-->GET--->payments
15/7/2025, 10:34:33 pm — [INFO] — Rutuja Dabhade-->GET--->entries
15/7/2025, 10:34:33 pm — [INFO] — Rutuja Dabhade-->GET--->payments
15/7/2025, 10:34:33 pm — [INFO] — Rutuja Dabhade-->GET--->entries
15/7/2025, 10:36:28 pm — [INFO] — Rutuja Dabhade-->GET--->entries
15/7/2025, 10:36:29 pm — [INFO] — Rutuja Dabhade-->GET--->entries
15/7/2025, 10:36:31 pm — [INFO] — Rutuja Dabhade-->GET--->payments
15/7/2025, 10:36:31 pm — [INFO] — Rutuja Dabhade-->GET--->entries
15/7/2025, 10:36:31 pm — [INFO] — Rutuja Dabhade-->GET--->payments
15/7/2025, 10:36:31 pm — [INFO] — Rutuja Dabhade-->GET--->entries
15/7/2025, 10:39:08 pm — [INFO] — Rutuja Dabhade-->GET--->entries
15/7/2025, 10:39:08 pm — [INFO] — Rutuja Dabhade-->GET--->entries
15/7/2025, 10:39:09 pm — [INFO] — Rutuja Dabhade-->GET--->payments
15/7/2025, 10:39:09 pm — [INFO] — Rutuja Dabhade-->GET--->entries
15/7/2025, 10:39:09 pm — [INFO] — Rutuja Dabhade-->GET--->payments
15/7/2025, 10:39:09 pm — [INFO] — Rutuja Dabhade-->GET--->entries
15/7/2025, 10:40:40 pm — [INFO] — Rutuja Dabhade-->GET--->payments
15/7/2025, 10:40:40 pm — [INFO] — Rutuja Dabhade-->GET--->entries
15/7/2025, 10:40:40 pm — [INFO] — Rutuja Dabhade-->GET--->payments
15/7/2025, 10:40:40 pm — [INFO] — Rutuja Dabhade-->GET--->entries
15/7/2025, 10:42:16 pm — [INFO] — Rutuja Dabhade-->GET--->payments
15/7/2025, 10:42:16 pm — [INFO] — Rutuja Dabhade-->GET--->entries
15/7/2025, 10:42:16 pm — [INFO] — Rutuja Dabhade-->GET--->payments
15/7/2025, 10:42:17 pm — [INFO] — Rutuja Dabhade-->GET--->entries
15/7/2025, 10:48:04 pm — [INFO] — Rutuja Dabhade-->GET--->payments
15/7/2025, 10:48:04 pm — [INFO] — Rutuja Dabhade-->GET--->entries
15/7/2025, 10:48:04 pm — [INFO] — Rutuja Dabhade-->GET--->payments
15/7/2025, 10:48:04 pm — [INFO] — Rutuja Dabhade-->GET--->entries
15/7/2025, 10:48:21 pm — [INFO] — Rutuja Dabhade-->PUT--->payments
15/7/2025, 10:51:23 pm — [INFO] — Rutuja Dabhade-->GET--->payments
15/7/2025, 10:51:23 pm — [INFO] — Rutuja Dabhade-->GET--->entries
15/7/2025, 10:51:23 pm — [INFO] — Rutuja Dabhade-->GET--->payments
15/7/2025, 10:51:23 pm — [INFO] — Rutuja Dabhade-->GET--->entries
15/7/2025, 10:51:35 pm — [INFO] — Rutuja Dabhade-->PUT--->payments
15/7/2025, 10:54:45 pm — [INFO] — Rutuja Dabhade-->GET--->payments
15/7/2025, 10:54:45 pm — [INFO] — Rutuja Dabhade-->GET--->entries
15/7/2025, 10:54:45 pm — [INFO] — Rutuja Dabhade-->GET--->payments
15/7/2025, 10:54:45 pm — [INFO] — Rutuja Dabhade-->GET--->entries
15/7/2025, 10:54:54 pm — [INFO] — Rutuja Dabhade-->PUT--->payments
15/7/2025, 11:08:52 pm — [INFO] — Rutuja Dabhade-->GET--->entries
15/7/2025, 11:08:52 pm — [INFO] — Rutuja Dabhade-->GET--->payments
15/7/2025, 11:08:53 pm — [INFO] — Rutuja Dabhade-->GET--->payments
15/7/2025, 11:08:53 pm — [INFO] — Rutuja Dabhade-->GET--->entries
15/7/2025, 11:09:03 pm — [INFO] — Rutuja Dabhade-->PUT--->payments
15/7/2025, 11:14:20 pm — [INFO] — Rutuja Dabhade-->GET--->payments
15/7/2025, 11:14:20 pm — [INFO] — Rutuja Dabhade-->GET--->entries
15/7/2025, 11:14:20 pm — [INFO] — Rutuja Dabhade-->GET--->payments
15/7/2025, 11:14:21 pm — [INFO] — Rutuja Dabhade-->GET--->entries
15/7/2025, 11:14:31 pm — [INFO] — Rutuja Dabhade-->PUT--->payments
15/7/2025, 11:14:31 pm — [ERROR] — guest encountered error during PUT /payments — hex string must be 24 characters
15/7/2025, 11:14:46 pm — [INFO] — Rutuja Dabhade-->GET--->payments
15/7/2025, 11:14:46 pm — [INFO] — Rutuja Dabhade-->GET--->entries
15/7/2025, 11:14:46 pm — [INFO] — Rutuja Dabhade-->GET--->entries
15/7/2025, 11:14:46 pm — [INFO] — Rutuja Dabhade-->GET--->payments
15/7/2025, 11:14:56 pm — [INFO] — Rutuja Dabhade-->PUT--->payments
15/7/2025, 11:14:56 pm — [ERROR] — guest encountered error during PUT /payments — hex string must be 24 characters
15/7/2025, 11:20:15 pm — [INFO] — Rutuja Dabhade-->GET--->payments
15/7/2025, 11:20:15 pm — [INFO] — Rutuja Dabhade-->GET--->entries
15/7/2025, 11:20:15 pm — [INFO] — Rutuja Dabhade-->GET--->payments
15/7/2025, 11:20:15 pm — [INFO] — Rutuja Dabhade-->GET--->entries
15/7/2025, 11:20:23 pm — [INFO] — Rutuja Dabhade-->PUT--->payments
15/7/2025, 11:20:23 pm — [ERROR] — guest encountered error during PUT /payments — hex string must be 24 characters
15/7/2025, 11:30:49 pm — [INFO] — Rutuja Dabhade-->GET--->payments
15/7/2025, 11:30:49 pm — [INFO] — Rutuja Dabhade-->GET--->entries
15/7/2025, 11:30:49 pm — [INFO] — Rutuja Dabhade-->GET--->payments
15/7/2025, 11:30:50 pm — [INFO] — Rutuja Dabhade-->GET--->entries
15/7/2025, 11:30:59 pm — [INFO] — Rutuja Dabhade-->PUT--->payments
15/7/2025, 11:30:59 pm — [ERROR] — guest encountered error during PUT /payments — Missing _id for updatePayment
15/7/2025, 11:36:18 pm — [INFO] — Rutuja Dabhade-->GET--->payments
15/7/2025, 11:36:18 pm — [INFO] — Rutuja Dabhade-->GET--->entries
15/7/2025, 11:36:18 pm — [INFO] — Rutuja Dabhade-->GET--->payments
15/7/2025, 11:36:19 pm — [INFO] — Rutuja Dabhade-->GET--->entries
15/7/2025, 11:36:28 pm — [INFO] — Rutuja Dabhade-->PUT--->payments
15/7/2025, 11:37:00 pm — [INFO] — Rutuja Dabhade-->GET--->payments
15/7/2025, 11:37:00 pm — [INFO] — Rutuja Dabhade-->GET--->entries
15/7/2025, 11:37:00 pm — [INFO] — Rutuja Dabhade-->GET--->payments
15/7/2025, 11:37:00 pm — [INFO] — Rutuja Dabhade-->GET--->entries
15/7/2025, 11:44:01 pm — [INFO] — Rutuja Dabhade-->GET--->customers
15/7/2025, 11:44:01 pm — [INFO] — Rutuja Dabhade-->GET--->customers
15/7/2025, 11:44:08 pm — [INFO] — Rutuja Dabhade-->GET--->entries
15/7/2025, 11:44:08 pm — [INFO] — Rutuja Dabhade-->GET--->entries
15/7/2025, 11:46:13 pm — [INFO] — Rutuja Dabhade-->GET--->entries
15/7/2025, 11:46:24 pm — [INFO] — Rutuja Dabhade-->GET--->entries
15/7/2025, 11:46:36 pm — [INFO] — Rutuja Dabhade-->GET--->entries
15/7/2025, 11:46:39 pm — [INFO] — Rutuja Dabhade-->GET--->entries
15/7/2025, 11:47:55 pm — [INFO] — Rutuja Dabhade-->GET--->payments
15/7/2025, 11:47:55 pm — [INFO] — Rutuja Dabhade-->GET--->entries
15/7/2025, 11:47:55 pm — [INFO] — Rutuja Dabhade-->GET--->payments
15/7/2025, 11:47:56 pm — [INFO] — Rutuja Dabhade-->GET--->entries
15/7/2025, 11:47:56 pm — [INFO] — Rutuja Dabhade-->GET--->entries
15/7/2025, 11:47:56 pm — [INFO] — Rutuja Dabhade-->GET--->entries
