22/7/2025, 9:16:42 pm — [INFO] — Rutuja Dabhade-->GET--->bills
22/7/2025, 9:16:43 pm — [INFO] — Rutuja Dabhade-->GET--->bills
22/7/2025, 9:16:43 pm — [INFO] — Rutuja Dabhade-->GET--->entries
22/7/2025, 9:16:43 pm — [INFO] — Rutuja Dabhade-->GET--->entries
22/7/2025, 9:16:46 pm — [INFO] — Rutuja Dabhade-->GET--->payments
22/7/2025, 9:16:46 pm — [INFO] — Rutuja Dabhade-->GET--->payments
22/7/2025, 9:16:46 pm — [INFO] — Rutuja Dabhade-->GET--->entries
22/7/2025, 9:16:47 pm — [INFO] — Rutuja Dabhade-->GET--->entries
22/7/2025, 9:16:49 pm — [INFO] — Rutuja Dabhade-->GET--->products
22/7/2025, 9:16:50 pm — [INFO] — Rutuja Dabhade-->GET--->products
22/7/2025, 9:16:52 pm — [INFO] — Rutuja Dabhade-->GET--->enquiries
22/7/2025, 9:16:52 pm — [INFO] — Rutuja Dabhade-->GET--->enquiries
22/7/2025, 9:16:52 pm — [INFO] — Rutuja Dabhade-->GET--->products
22/7/2025, 9:16:52 pm — [INFO] — Rutuja Dabhade-->GET--->products
22/7/2025, 9:36:02 pm — [INFO] — Rutuja Dabhade-->GET--->products
22/7/2025, 9:36:02 pm — [INFO] — Rutuja Dabhade-->GET--->products
22/7/2025, 9:36:10 pm — [INFO] — Rutuja Dabhade-->GET--->customers
22/7/2025, 9:36:10 pm — [INFO] — Rutuja Dabhade-->GET--->customers
22/7/2025, 9:37:46 pm — [INFO] — Rutuja Dabhade-->GET--->customers
22/7/2025, 9:37:46 pm — [INFO] — Rutuja Dabhade-->GET--->customers
22/7/2025, 9:38:10 pm — [INFO] — Rutuja Dabhade-->GET--->payments
22/7/2025, 9:38:10 pm — [INFO] — Rutuja Dabhade-->GET--->payments
22/7/2025, 9:38:10 pm — [INFO] — Rutuja Dabhade-->GET--->entries
22/7/2025, 9:38:10 pm — [INFO] — Rutuja Dabhade-->GET--->entries
22/7/2025, 9:39:52 pm — [INFO] — Rutuja Dabhade-->GET--->customers
22/7/2025, 9:39:52 pm — [INFO] — Rutuja Dabhade-->GET--->customers
22/7/2025, 9:40:01 pm — [INFO] — Rutuja Dabhade-->GET--->payments
22/7/2025, 9:40:01 pm — [INFO] — Rutuja Dabhade-->GET--->payments
22/7/2025, 9:40:01 pm — [INFO] — Rutuja Dabhade-->GET--->entries
22/7/2025, 9:40:01 pm — [INFO] — Rutuja Dabhade-->GET--->entries
22/7/2025, 9:40:34 pm — [WARN] — Unauthorized operation -->GET--->customers
22/7/2025, 9:40:34 pm — [WARN] — Unauthorized operation -->GET--->customers
22/7/2025, 9:40:45 pm — [WARN] — Guest's illegal operation -->GET--->entries
22/7/2025, 9:40:45 pm — [WARN] — Guest's illegal operation -->GET--->entries
22/7/2025, 9:40:52 pm — [WARN] — Guest's illegal operation -->GET--->payments
22/7/2025, 9:40:52 pm — [WARN] — Guest's illegal operation -->GET--->payments
22/7/2025, 9:41:03 pm — [WARN] — Guest's illegal operation -->GET--->customers
22/7/2025, 9:41:03 pm — [WARN] — Guest's illegal operation -->GET--->customers
22/7/2025, 9:42:25 pm — [INFO] — Rutuja Dabhade-->GET--->customers
22/7/2025, 9:42:25 pm — [INFO] — Rutuja Dabhade-->GET--->customers
22/7/2025, 9:47:56 pm — [INFO] — Rutuja Dabhade-->GET--->customers
22/7/2025, 9:47:56 pm — [INFO] — Rutuja Dabhade-->GET--->customers
22/7/2025, 9:48:36 pm — [INFO] — Rutuja Dabhade-->GET--->customers
22/7/2025, 9:48:36 pm — [INFO] — Rutuja Dabhade-->GET--->customers
22/7/2025, 9:48:41 pm — [INFO] — Rutuja Dabhade-->GET--->payments
22/7/2025, 9:48:41 pm — [INFO] — Rutuja Dabhade-->GET--->payments
22/7/2025, 9:48:41 pm — [INFO] — Rutuja Dabhade-->GET--->entries
22/7/2025, 9:48:42 pm — [INFO] — Rutuja Dabhade-->GET--->entries
22/7/2025, 9:49:10 pm — [INFO] — Rutuja Dabhade-->GET--->entries
22/7/2025, 9:49:10 pm — [INFO] — Rutuja Dabhade-->GET--->entries
22/7/2025, 9:54:25 pm — [INFO] — Rutuja Dabhade-->GET--->customers
22/7/2025, 9:54:25 pm — [INFO] — Rutuja Dabhade-->GET--->customers
22/7/2025, 9:54:40 pm — [INFO] — Rutuja Dabhade-->GET--->entries
22/7/2025, 9:54:40 pm — [INFO] — Rutuja Dabhade-->GET--->entries
22/7/2025, 9:55:32 pm — [INFO] — Rutuja Dabhade-->GET--->customers
22/7/2025, 9:55:32 pm — [INFO] — Rutuja Dabhade-->GET--->customers
22/7/2025, 9:55:40 pm — [INFO] — Rutuja Dabhade-->GET--->payments
22/7/2025, 9:55:40 pm — [INFO] — Rutuja Dabhade-->GET--->payments
22/7/2025, 9:55:40 pm — [INFO] — Rutuja Dabhade-->GET--->entries
22/7/2025, 9:55:40 pm — [INFO] — Rutuja Dabhade-->GET--->entries
22/7/2025, 9:55:49 pm — [INFO] — Rutuja Dabhade-->GET--->entries
22/7/2025, 9:55:49 pm — [INFO] — Rutuja Dabhade-->GET--->entries
22/7/2025, 11:29:12 pm — [INFO] — Rutuja Dabhade-->GET--->customers
22/7/2025, 11:29:12 pm — [INFO] — Rutuja Dabhade-->GET--->customers
