23/7/2025, 10:22:36 pm — [INFO] — Rutuja Dabhade-->GET--->milkrates
23/7/2025, 10:22:37 pm — [INFO] — Rutuja Dabhade-->GET--->milkrates
23/7/2025, 10:23:02 pm — [INFO] — Rutuja Dabhade-->POST--->milkrates
23/7/2025, 10:24:33 pm — [INFO] — Rutuja Dabhade-->GET--->milkrates
23/7/2025, 10:24:33 pm — [INFO] — Rutuja Dabhade-->GET--->milkrates
23/7/2025, 10:24:43 pm — [INFO] — Rutuja Dabhade-->GET--->milkrates
23/7/2025, 10:24:43 pm — [INFO] — Rutuja Dabhade-->GET--->milkrates
23/7/2025, 10:32:12 pm — [INFO] — Rutuja Dabhade-->GET--->milkrates
23/7/2025, 10:32:13 pm — [INFO] — Rutuja Dabhade-->GET--->milkrates
23/7/2025, 10:34:46 pm — [INFO] — Rutuja Dabhade-->GET--->milkrates
23/7/2025, 10:34:57 pm — [INFO] — Rutuja Dabhade-->GET--->milkrates
23/7/2025, 10:34:57 pm — [INFO] — Rutuja Dabhade-->GET--->milkrates
23/7/2025, 10:35:56 pm — [INFO] — Rutuja Dabhade-->GET--->milkrates
23/7/2025, 10:35:57 pm — [INFO] — Rutuja Dabhade-->GET--->milkrates
23/7/2025, 10:37:06 pm — [INFO] — Rutuja Dabhade-->GET--->milkrates
23/7/2025, 10:37:15 pm — [INFO] — Rutuja Dabhade-->GET--->milkrates
23/7/2025, 10:37:15 pm — [INFO] — Rutuja Dabhade-->GET--->milkrates
23/7/2025, 10:38:31 pm — [INFO] — Rutuja Dabhade-->GET--->milkrates
23/7/2025, 10:38:32 pm — [INFO] — Rutuja Dabhade-->GET--->milkrates
23/7/2025, 10:38:42 pm — [INFO] — Rutuja Dabhade-->GET--->milkrates
23/7/2025, 10:38:42 pm — [INFO] — Rutuja Dabhade-->GET--->milkrates
23/7/2025, 10:40:05 pm — [INFO] — Rutuja Dabhade-->GET--->milkrates
23/7/2025, 10:40:15 pm — [INFO] — Rutuja Dabhade-->GET--->milkrates
23/7/2025, 10:40:15 pm — [INFO] — Rutuja Dabhade-->GET--->milkrates
23/7/2025, 10:41:01 pm — [INFO] — Rutuja Dabhade-->GET--->milkrates
23/7/2025, 10:41:05 pm — [INFO] — Rutuja Dabhade-->GET--->milkrates
23/7/2025, 10:41:25 pm — [INFO] — Rutuja Dabhade-->GET--->milkrates
23/7/2025, 10:41:25 pm — [INFO] — Rutuja Dabhade-->GET--->milkrates
23/7/2025, 10:41:37 pm — [INFO] — Rutuja Dabhade-->POST--->milkrates
23/7/2025, 10:41:43 pm — [INFO] — Rutuja Dabhade-->DELETE--->milkrates
23/7/2025, 10:46:06 pm — [INFO] — Rutuja Dabhade-->GET--->milkrates
23/7/2025, 10:46:19 pm — [INFO] — Rutuja Dabhade-->GET--->milkrates
23/7/2025, 10:46:19 pm — [INFO] — Rutuja Dabhade-->GET--->milkrates
23/7/2025, 10:50:43 pm — [INFO] — Rutuja Dabhade-->GET--->milkrates
23/7/2025, 10:50:43 pm — [INFO] — Rutuja Dabhade-->GET--->milkrates
23/7/2025, 10:50:51 pm — [INFO] — Rutuja Dabhade-->POST--->milkrates
23/7/2025, 10:50:51 pm — [ERROR] — guest encountered error during POST /milkrates — Cannot read properties of null (reading 'value')
23/7/2025, 11:15:25 pm — [INFO] — Rutuja Dabhade-->GET--->milkrates
23/7/2025, 11:15:25 pm — [INFO] — Rutuja Dabhade-->GET--->milkrates
23/7/2025, 11:15:35 pm — [INFO] — Rutuja Dabhade-->DELETE--->milkrates
23/7/2025, 11:16:16 pm — [INFO] — Rutuja Dabhade-->POST--->milkrates
23/7/2025, 11:16:16 pm — [ERROR] — guest encountered error during POST /milkrates — Failed to save/update milk rate due to database constraint.
23/7/2025, 11:16:34 pm — [INFO] — Rutuja Dabhade-->GET--->milkrates
23/7/2025, 11:16:34 pm — [INFO] — Rutuja Dabhade-->GET--->milkrates
23/7/2025, 11:17:20 pm — [INFO] — Rutuja Dabhade-->DELETE--->milkrates
23/7/2025, 11:17:32 pm — [INFO] — Rutuja Dabhade-->POST--->milkrates
23/7/2025, 11:17:32 pm — [ERROR] — guest encountered error during POST /milkrates — Failed to save/update milk rate due to database constraint.
23/7/2025, 11:19:38 pm — [INFO] — Rutuja Dabhade-->GET--->milkrates
23/7/2025, 11:19:41 pm — [INFO] — Rutuja Dabhade-->GET--->milkrates
23/7/2025, 11:20:10 pm — [INFO] — Rutuja Dabhade-->GET--->milkrates
23/7/2025, 11:20:10 pm — [INFO] — Rutuja Dabhade-->GET--->milkrates
23/7/2025, 11:20:14 pm — [INFO] — Rutuja Dabhade-->DELETE--->milkrates
23/7/2025, 11:20:20 pm — [INFO] — Rutuja Dabhade-->POST--->milkrates
23/7/2025, 11:20:20 pm — [ERROR] — guest encountered error during POST /milkrates — Cannot read properties of null (reading 'value')
23/7/2025, 11:22:48 pm — [INFO] — Rutuja Dabhade-->GET--->milkrates
23/7/2025, 11:22:48 pm — [INFO] — Rutuja Dabhade-->GET--->milkrates
23/7/2025, 11:22:53 pm — [INFO] — Rutuja Dabhade-->DELETE--->milkrates
23/7/2025, 11:23:00 pm — [INFO] — Rutuja Dabhade-->POST--->milkrates
23/7/2025, 11:23:08 pm — [INFO] — Rutuja Dabhade-->DELETE--->milkrates
23/7/2025, 11:23:25 pm — [INFO] — Rutuja Dabhade-->PUT--->milkrates
23/7/2025, 11:23:25 pm — [ERROR] — guest encountered error during PUT /milkrates — hex string must be 24 characters
23/7/2025, 11:23:34 pm — [INFO] — Rutuja Dabhade-->GET--->milkrates
23/7/2025, 11:23:34 pm — [INFO] — Rutuja Dabhade-->GET--->milkrates
23/7/2025, 11:23:37 pm — [INFO] — Rutuja Dabhade-->DELETE--->milkrates
23/7/2025, 11:23:45 pm — [INFO] — Rutuja Dabhade-->POST--->milkrates
23/7/2025, 11:23:54 pm — [INFO] — Rutuja Dabhade-->GET--->payments
23/7/2025, 11:23:54 pm — [INFO] — Rutuja Dabhade-->GET--->payments
23/7/2025, 11:23:54 pm — [INFO] — Rutuja Dabhade-->GET--->entries
23/7/2025, 11:23:55 pm — [INFO] — Rutuja Dabhade-->GET--->entries
23/7/2025, 11:24:00 pm — [INFO] — Rutuja Dabhade-->GET--->bills
23/7/2025, 11:24:01 pm — [INFO] — Rutuja Dabhade-->GET--->bills
23/7/2025, 11:24:01 pm — [INFO] — Rutuja Dabhade-->GET--->entries
23/7/2025, 11:24:01 pm — [INFO] — Rutuja Dabhade-->GET--->entries
23/7/2025, 11:45:16 pm — [INFO] — Rutuja Dabhade-->GET--->milkrates
23/7/2025, 11:45:17 pm — [INFO] — Rutuja Dabhade-->GET--->milkrates
23/7/2025, 11:49:20 pm — [INFO] — Rutuja Dabhade-->GET--->milkrates
23/7/2025, 11:49:20 pm — [INFO] — Rutuja Dabhade-->GET--->milkrates
23/7/2025, 11:50:38 pm — [INFO] — Rutuja Dabhade-->GET--->milkrates
23/7/2025, 11:50:38 pm — [INFO] — Rutuja Dabhade-->GET--->milkrates
23/7/2025, 11:51:01 pm — [INFO] — Rutuja Dabhade-->GET--->bills
23/7/2025, 11:51:01 pm — [INFO] — Rutuja Dabhade-->GET--->bills
23/7/2025, 11:51:01 pm — [INFO] — Rutuja Dabhade-->GET--->entries
23/7/2025, 11:51:01 pm — [INFO] — Rutuja Dabhade-->GET--->milkrates
23/7/2025, 11:51:02 pm — [INFO] — Rutuja Dabhade-->GET--->milkrates
23/7/2025, 11:51:02 pm — [INFO] — Rutuja Dabhade-->GET--->entries
