11/7/2025, 10:19:54 am — [INFO] — Rutuja Dabhade-->PUT--->users
11/7/2025, 1:53:12 pm — [INFO] — Rutuja Dabhade-->POST--->entries
11/7/2025, 1:56:13 pm — [INFO] — Rutuja Dabhade-->GET--->entries
11/7/2025, 1:56:13 pm — [INFO] — Rutuja Dabhade-->GET--->entries
11/7/2025, 1:56:21 pm — [INFO] — Rutuja Dabhade-->GET--->entries
11/7/2025, 1:56:21 pm — [INFO] — Rutuja Dabhade-->GET--->entries
11/7/2025, 1:57:43 pm — [INFO] — Rutuja Dabhade-->GET--->entries
11/7/2025, 1:57:43 pm — [INFO] — Rutuja Dabhade-->GET--->entries
11/7/2025, 2:05:12 pm — [WARN] — Unauthorized operation -->GET--->entries
11/7/2025, 2:06:10 pm — [INFO] — Rutuja Dabhade-->GET--->entries
11/7/2025, 2:06:10 pm — [INFO] — Rutuja Dabhade-->GET--->entries
11/7/2025, 2:07:44 pm — [INFO] — Rutuja Dabhade-->GET--->entries
11/7/2025, 2:07:44 pm — [INFO] — Rutuja Dabhade-->GET--->entries
11/7/2025, 2:07:58 pm — [INFO] — Rutuja Dabhade-->GET--->entries
11/7/2025, 2:07:58 pm — [INFO] — Rutuja Dabhade-->GET--->entries
11/7/2025, 2:20:50 pm — [INFO] — Rutuja Dabhade-->POST--->entries
11/7/2025, 2:22:34 pm — [INFO] — Rutuja Dabhade-->GET--->entries
11/7/2025, 2:22:34 pm — [INFO] — Rutuja Dabhade-->GET--->entries
11/7/2025, 2:24:47 pm — [INFO] — Rutuja Dabhade-->GET--->entries
11/7/2025, 2:24:47 pm — [INFO] — Rutuja Dabhade-->GET--->entries
11/7/2025, 2:25:35 pm — [INFO] — Rutuja Dabhade-->GET--->entries
11/7/2025, 2:25:48 pm — [INFO] — Rutuja Dabhade-->GET--->entries
11/7/2025, 2:25:48 pm — [INFO] — Rutuja Dabhade-->GET--->entries
11/7/2025, 2:26:22 pm — [INFO] — Rutuja Dabhade-->GET--->entries
11/7/2025, 2:26:22 pm — [INFO] — Rutuja Dabhade-->GET--->entries
11/7/2025, 2:30:28 pm — [INFO] — Rutuja Dabhade-->GET--->entries
11/7/2025, 2:30:28 pm — [INFO] — Rutuja Dabhade-->GET--->entries
11/7/2025, 2:31:47 pm — [INFO] — Rutuja Dabhade-->GET--->entries
11/7/2025, 2:31:47 pm — [INFO] — Rutuja Dabhade-->GET--->entries
11/7/2025, 2:32:05 pm — [INFO] — Rutuja Dabhade-->GET--->entries
11/7/2025, 2:32:05 pm — [INFO] — Rutuja Dabhade-->GET--->entries
11/7/2025, 2:33:02 pm — [INFO] — Rutuja Dabhade-->POST--->entries
11/7/2025, 2:38:23 pm — [INFO] — Rutuja Dabhade-->GET--->entries
11/7/2025, 2:38:23 pm — [INFO] — Rutuja Dabhade-->GET--->entries
11/7/2025, 2:46:24 pm — [INFO] — Rutuja Dabhade-->GET--->entries
11/7/2025, 2:46:24 pm — [INFO] — Rutuja Dabhade-->GET--->entries
11/7/2025, 2:47:23 pm — [INFO] — Rutuja Dabhade-->GET--->entries
11/7/2025, 2:47:27 pm — [INFO] — Rutuja Dabhade-->GET--->entries
11/7/2025, 2:47:36 pm — [INFO] — Rutuja Dabhade-->GET--->entries
11/7/2025, 2:47:36 pm — [INFO] — Rutuja Dabhade-->GET--->entries
11/7/2025, 2:47:43 pm — [INFO] — Rutuja Dabhade-->GET--->entries
11/7/2025, 2:51:08 pm — [INFO] — Rutuja Dabhade-->POST--->entries
11/7/2025, 2:58:17 pm — [INFO] — Rutuja Dabhade-->GET--->entries
11/7/2025, 2:59:34 pm — [INFO] — Rutuja Dabhade-->GET--->entries
11/7/2025, 2:59:34 pm — [INFO] — Rutuja Dabhade-->GET--->entries
11/7/2025, 3:01:34 pm — [INFO] — Rutuja Dabhade-->GET--->entries
11/7/2025, 3:01:34 pm — [INFO] — Rutuja Dabhade-->GET--->entries
11/7/2025, 3:07:29 pm — [INFO] — Rutuja Dabhade-->GET--->entries
11/7/2025, 3:07:29 pm — [INFO] — Rutuja Dabhade-->GET--->entries
11/7/2025, 3:07:39 pm — [INFO] — Rutuja Dabhade-->POST--->entries
11/7/2025, 3:08:08 pm — [INFO] — Rutuja Dabhade-->GET--->entries
11/7/2025, 3:08:08 pm — [INFO] — Rutuja Dabhade-->GET--->entries
11/7/2025, 3:08:22 pm — [INFO] — Rutuja Dabhade-->DELETE--->entries
11/7/2025, 3:08:26 pm — [INFO] — Rutuja Dabhade-->DELETE--->entries
11/7/2025, 3:08:34 pm — [INFO] — Rutuja Dabhade-->GET--->products
11/7/2025, 3:08:34 pm — [INFO] — Rutuja Dabhade-->GET--->products
11/7/2025, 3:08:35 pm — [INFO] — Rutuja Dabhade-->GET--->entries
11/7/2025, 3:08:35 pm — [INFO] — Rutuja Dabhade-->GET--->entries
11/7/2025, 3:08:40 pm — [INFO] — Rutuja Dabhade-->POST--->entries
11/7/2025, 3:09:30 pm — [INFO] — Rutuja Dabhade-->GET--->entries
11/7/2025, 3:09:30 pm — [INFO] — Rutuja Dabhade-->GET--->entries
11/7/2025, 3:13:42 pm — [INFO] — Rutuja Dabhade-->GET--->entries
11/7/2025, 3:13:42 pm — [INFO] — Rutuja Dabhade-->GET--->entries
11/7/2025, 3:13:48 pm — [INFO] — Rutuja Dabhade-->DELETE--->entries
11/7/2025, 3:13:55 pm — [INFO] — Rutuja Dabhade-->PUT--->entries
11/7/2025, 3:18:39 pm — [INFO] — Rutuja Dabhade-->GET--->entries
11/7/2025, 3:18:39 pm — [INFO] — Rutuja Dabhade-->GET--->entries
11/7/2025, 3:22:21 pm — [INFO] — Rutuja Dabhade-->GET--->entries
11/7/2025, 3:22:21 pm — [INFO] — Rutuja Dabhade-->GET--->entries
11/7/2025, 3:22:24 pm — [INFO] — Rutuja Dabhade-->POST--->entries
11/7/2025, 3:22:24 pm — [INFO] — Rutuja Dabhade-->GET--->entries
11/7/2025, 4:45:10 pm — [INFO] — Rutuja Dabhade-->GET--->entries
11/7/2025, 4:45:10 pm — [INFO] — Rutuja Dabhade-->GET--->entries
11/7/2025, 4:45:24 pm — [INFO] — Rutuja Dabhade-->POST--->entries
11/7/2025, 4:45:24 pm — [INFO] — Rutuja Dabhade-->GET--->entries
11/7/2025, 4:45:41 pm — [INFO] — Rutuja Dabhade-->GET--->entries
11/7/2025, 4:45:41 pm — [INFO] — Rutuja Dabhade-->GET--->entries
11/7/2025, 4:45:46 pm — [INFO] — Rutuja Dabhade-->DELETE--->entries
11/7/2025, 4:48:38 pm — [INFO] — Rutuja Dabhade-->POST--->entries
11/7/2025, 4:48:39 pm — [INFO] — Rutuja Dabhade-->GET--->entries
11/7/2025, 4:48:52 pm — [INFO] — Rutuja Dabhade-->DELETE--->entries
11/7/2025, 4:51:28 pm — [INFO] — Rutuja Dabhade-->GET--->entries
11/7/2025, 4:51:28 pm — [INFO] — Rutuja Dabhade-->GET--->entries
11/7/2025, 5:09:58 pm — [INFO] — Rutuja Dabhade-->GET--->entries
11/7/2025, 5:09:58 pm — [INFO] — Rutuja Dabhade-->GET--->entries
11/7/2025, 5:10:11 pm — [INFO] — Rutuja Dabhade-->GET--->entries
11/7/2025, 5:10:11 pm — [INFO] — Rutuja Dabhade-->GET--->entries
11/7/2025, 5:11:25 pm — [INFO] — Rutuja Dabhade-->GET--->entries
11/7/2025, 5:11:25 pm — [INFO] — Rutuja Dabhade-->GET--->entries
11/7/2025, 5:17:46 pm — [INFO] — Rutuja Dabhade-->GET--->entries
11/7/2025, 5:17:46 pm — [INFO] — Rutuja Dabhade-->GET--->entries
11/7/2025, 5:19:29 pm — [INFO] — Rutuja Dabhade-->GET--->entries
11/7/2025, 5:19:29 pm — [INFO] — Rutuja Dabhade-->GET--->entries
11/7/2025, 5:21:33 pm — [INFO] — Rutuja Dabhade-->GET--->entries
11/7/2025, 5:21:33 pm — [INFO] — Rutuja Dabhade-->GET--->entries
11/7/2025, 5:22:54 pm — [INFO] — Rutuja Dabhade-->GET--->entries
11/7/2025, 5:22:54 pm — [INFO] — Rutuja Dabhade-->GET--->entries
11/7/2025, 5:27:26 pm — [INFO] — Rutuja Dabhade-->GET--->entries
11/7/2025, 5:27:26 pm — [INFO] — Rutuja Dabhade-->GET--->entries
11/7/2025, 5:27:38 pm — [INFO] — Rutuja Dabhade-->GET--->entries
11/7/2025, 5:27:38 pm — [INFO] — Rutuja Dabhade-->GET--->entries
11/7/2025, 5:29:11 pm — [INFO] — Rutuja Dabhade-->GET--->entries
11/7/2025, 5:29:11 pm — [INFO] — Rutuja Dabhade-->GET--->entries
11/7/2025, 5:29:19 pm — [INFO] — Rutuja Dabhade-->PUT--->entries
11/7/2025, 5:29:19 pm — [INFO] — Rutuja Dabhade-->GET--->entries
11/7/2025, 5:29:27 pm — [INFO] — Rutuja Dabhade-->PUT--->entries
11/7/2025, 5:29:27 pm — [INFO] — Rutuja Dabhade-->GET--->entries
11/7/2025, 5:29:37 pm — [INFO] — Rutuja Dabhade-->GET--->entries
11/7/2025, 5:29:37 pm — [INFO] — Rutuja Dabhade-->GET--->entries
11/7/2025, 5:29:43 pm — [INFO] — Rutuja Dabhade-->PUT--->entries
11/7/2025, 5:29:43 pm — [INFO] — Rutuja Dabhade-->GET--->entries
11/7/2025, 5:29:51 pm — [INFO] — Rutuja Dabhade-->GET--->entries
11/7/2025, 5:29:51 pm — [INFO] — Rutuja Dabhade-->GET--->entries
11/7/2025, 5:30:47 pm — [INFO] — Rutuja Dabhade-->GET--->entries
11/7/2025, 5:31:33 pm — [INFO] — Rutuja Dabhade-->GET--->entries
11/7/2025, 5:31:45 pm — [INFO] — Rutuja Dabhade-->GET--->entries
11/7/2025, 5:33:04 pm — [INFO] — Rutuja Dabhade-->GET--->entries
11/7/2025, 5:33:04 pm — [INFO] — Rutuja Dabhade-->GET--->entries
11/7/2025, 5:35:28 pm — [INFO] — Rutuja Dabhade-->GET--->entries
11/7/2025, 5:35:29 pm — [INFO] — Rutuja Dabhade-->GET--->entries
11/7/2025, 5:36:34 pm — [INFO] — Rutuja Dabhade-->GET--->entries
11/7/2025, 5:36:34 pm — [INFO] — Rutuja Dabhade-->GET--->entries
11/7/2025, 5:42:23 pm — [INFO] — Rutuja Dabhade-->GET--->entries
11/7/2025, 5:42:23 pm — [INFO] — Rutuja Dabhade-->GET--->entries
11/7/2025, 5:42:41 pm — [INFO] — Rutuja Dabhade-->POST--->entries
11/7/2025, 5:42:42 pm — [INFO] — Rutuja Dabhade-->GET--->entries
11/7/2025, 5:42:53 pm — [INFO] — Rutuja Dabhade-->PUT--->entries
11/7/2025, 5:42:57 pm — [INFO] — Rutuja Dabhade-->GET--->entries
11/7/2025, 5:47:44 pm — [INFO] — Rutuja Dabhade-->GET--->entries
11/7/2025, 5:47:44 pm — [INFO] — Rutuja Dabhade-->GET--->entries
11/7/2025, 5:47:48 pm — [INFO] — Rutuja Dabhade-->PUT--->entries
11/7/2025, 5:47:48 pm — [INFO] — Rutuja Dabhade-->GET--->entries
11/7/2025, 5:48:20 pm — [INFO] — Rutuja Dabhade-->GET--->entries
11/7/2025, 5:48:20 pm — [INFO] — Rutuja Dabhade-->GET--->entries
11/7/2025, 5:48:25 pm — [INFO] — Rutuja Dabhade-->POST--->entries
11/7/2025, 5:48:25 pm — [INFO] — Rutuja Dabhade-->GET--->entries
11/7/2025, 5:48:35 pm — [INFO] — Rutuja Dabhade-->GET--->entries
11/7/2025, 5:48:36 pm — [INFO] — Rutuja Dabhade-->GET--->entries
11/7/2025, 5:48:45 pm — [INFO] — Rutuja Dabhade-->PUT--->entries
11/7/2025, 5:48:47 pm — [INFO] — Rutuja Dabhade-->PUT--->entries
11/7/2025, 5:48:47 pm — [INFO] — Rutuja Dabhade-->PUT--->entries
11/7/2025, 5:48:47 pm — [INFO] — Rutuja Dabhade-->PUT--->entries
11/7/2025, 5:49:11 pm — [INFO] — Rutuja Dabhade-->GET--->entries
11/7/2025, 5:49:11 pm — [INFO] — Rutuja Dabhade-->GET--->entries
11/7/2025, 5:50:38 pm — [INFO] — Rutuja Dabhade-->GET--->entries
11/7/2025, 5:50:38 pm — [INFO] — Rutuja Dabhade-->GET--->entries
11/7/2025, 5:50:42 pm — [INFO] — Rutuja Dabhade-->POST--->entries
11/7/2025, 5:50:42 pm — [INFO] — Rutuja Dabhade-->GET--->entries
11/7/2025, 5:50:54 pm — [INFO] — Rutuja Dabhade-->PUT--->entries
11/7/2025, 5:50:54 pm — [INFO] — Rutuja Dabhade-->GET--->entries
11/7/2025, 5:51:01 pm — [INFO] — Rutuja Dabhade-->POST--->entries
11/7/2025, 5:51:01 pm — [INFO] — Rutuja Dabhade-->GET--->entries
