10/7/2025, 8:38:22 am — [INFO] — Rutuja Dabhade-->POST--->users
10/7/2025, 8:38:22 am — [ERROR] — guest encountered error during POST /users — Unexpected field
10/7/2025, 8:40:16 am — [INFO] — Rutuja Dabhade-->PUT--->users
10/7/2025, 8:41:07 am — [INFO] — Rutuja Dabhade-->PUT--->users
10/7/2025, 8:41:07 am — [ERROR] — guest encountered error during PUT /users — Unexpected field
10/7/2025, 8:41:17 am — [INFO] — Rutuja Dabhade-->PUT--->users
10/7/2025, 8:41:48 am — [INFO] — Rutuja Dabhade-->PUT--->users
10/7/2025, 8:42:36 am — [INFO] — Rutuja Dabhade-->PUT--->users
10/7/2025, 8:43:15 am — [INFO] — Rutuja Dabhade-->PUT--->users
10/7/2025, 8:43:51 am — [INFO] — Rutuja Dabhade-->PUT--->users
10/7/2025, 9:11:09 am — [INFO] — Rutuja Dabhade-->GET--->products
10/7/2025, 9:11:09 am — [INFO] — Rutuja Dabhade-->GET--->products
10/7/2025, 5:22:38 pm — [INFO] — Rutuja Dabhade-->GET--->products
10/7/2025, 5:22:38 pm — [INFO] — Rutuja Dabhade-->GET--->products
10/7/2025, 5:24:10 pm — [INFO] — Rutuja Dabhade-->GET--->products
10/7/2025, 5:24:10 pm — [INFO] — Rutuja Dabhade-->GET--->products
10/7/2025, 5:31:25 pm — [INFO] — Rutuja Dabhade-->PUT--->users
10/7/2025, 5:32:13 pm — [INFO] — Rutuja Dabhade-->POST--->users
10/7/2025, 5:35:48 pm — [INFO] — Rutuja Dabhade-->GET--->products
10/7/2025, 5:35:48 pm — [INFO] — Rutuja Dabhade-->GET--->products
10/7/2025, 5:39:02 pm — [INFO] — Rutuja Dabhade-->GET--->products
10/7/2025, 5:39:02 pm — [INFO] — Rutuja Dabhade-->GET--->products
10/7/2025, 5:43:35 pm — [INFO] — Rutuja Dabhade-->POST--->users
10/7/2025, 5:47:44 pm — [INFO] — Rutuja Dabhade-->POST--->users
10/7/2025, 7:05:01 pm — [INFO] — Rutuja Dabhade-->GET--->enquiries
10/7/2025, 7:05:01 pm — [INFO] — Rutuja Dabhade-->GET--->enquiries
10/7/2025, 7:05:01 pm — [INFO] — Rutuja Dabhade-->GET--->products
10/7/2025, 7:05:01 pm — [INFO] — Rutuja Dabhade-->GET--->products
10/7/2025, 7:42:09 pm — [INFO] — Rutuja Dabhade-->PUT--->users
