21/7/2025, 12:00:18 am — [INFO] — Rutuja Dabhade-->GET--->bills
21/7/2025, 12:00:19 am — [INFO] — Rutuja Dabhade-->GET--->bills
21/7/2025, 12:00:19 am — [INFO] — Rutuja Dabhade-->GET--->entries
21/7/2025, 12:00:19 am — [INFO] — Rutuja Dabhade-->GET--->entries
21/7/2025, 12:00:21 am — [INFO] — Rutuja Dabhade-->GET--->entries
21/7/2025, 12:00:21 am — [INFO] — Rutuja Dabhade-->GET--->entries
21/7/2025, 12:00:21 am — [INFO] — Rutuja Dabhade-->GET--->entries
21/7/2025, 12:00:21 am — [INFO] — Rutuja Dabhade-->GET--->entries
21/7/2025, 12:00:29 am — [INFO] — Rutuja Dabhade-->GET--->entries
21/7/2025, 12:00:29 am — [INFO] — Rutuja Dabhade-->GET--->entries
21/7/2025, 12:00:29 am — [INFO] — Rutuja Dabhade-->GET--->entries
21/7/2025, 12:00:29 am — [INFO] — Rutuja Dabhade-->GET--->entries
21/7/2025, 12:02:19 am — [INFO] — Rutuja Dabhade-->GET--->bills
21/7/2025, 12:02:19 am — [INFO] — Rutuja Dabhade-->GET--->bills
21/7/2025, 12:02:19 am — [INFO] — Rutuja Dabhade-->GET--->entries
21/7/2025, 12:02:19 am — [INFO] — Rutuja Dabhade-->GET--->entries
21/7/2025, 12:06:12 am — [INFO] — Rutuja Dabhade-->GET--->bills
21/7/2025, 12:06:12 am — [INFO] — Rutuja Dabhade-->GET--->bills
21/7/2025, 12:06:12 am — [INFO] — Rutuja Dabhade-->GET--->bills
21/7/2025, 12:06:12 am — [INFO] — Rutuja Dabhade-->GET--->bills
21/7/2025, 12:06:12 am — [INFO] — Rutuja Dabhade-->GET--->entries
21/7/2025, 12:06:12 am — [INFO] — Rutuja Dabhade-->GET--->entries
21/7/2025, 12:06:12 am — [INFO] — Rutuja Dabhade-->GET--->entries
21/7/2025, 12:06:13 am — [INFO] — Rutuja Dabhade-->GET--->entries
21/7/2025, 12:06:13 am — [INFO] — Rutuja Dabhade-->GET--->bills
21/7/2025, 12:06:13 am — [INFO] — Rutuja Dabhade-->GET--->bills
21/7/2025, 12:06:13 am — [INFO] — Rutuja Dabhade-->GET--->bills
21/7/2025, 12:06:13 am — [INFO] — Rutuja Dabhade-->GET--->bills
21/7/2025, 12:06:13 am — [INFO] — Rutuja Dabhade-->GET--->entries
21/7/2025, 12:06:13 am — [INFO] — Rutuja Dabhade-->GET--->entries
21/7/2025, 12:06:13 am — [INFO] — Rutuja Dabhade-->GET--->entries
21/7/2025, 12:06:14 am — [INFO] — Rutuja Dabhade-->GET--->entries
21/7/2025, 12:06:17 am — [INFO] — Rutuja Dabhade-->GET--->bills
21/7/2025, 12:06:17 am — [INFO] — Rutuja Dabhade-->GET--->bills
21/7/2025, 12:06:17 am — [INFO] — Rutuja Dabhade-->GET--->bills
21/7/2025, 12:06:17 am — [INFO] — Rutuja Dabhade-->GET--->entries
21/7/2025, 12:06:17 am — [INFO] — Rutuja Dabhade-->GET--->bills
21/7/2025, 12:06:17 am — [INFO] — Rutuja Dabhade-->GET--->entries
21/7/2025, 12:06:17 am — [INFO] — Rutuja Dabhade-->GET--->entries
21/7/2025, 12:06:17 am — [INFO] — Rutuja Dabhade-->GET--->entries
21/7/2025, 12:06:31 am — [INFO] — Rutuja Dabhade-->GET--->products
21/7/2025, 12:06:31 am — [INFO] — Rutuja Dabhade-->GET--->products
21/7/2025, 12:06:32 am — [INFO] — Rutuja Dabhade-->GET--->customers
21/7/2025, 12:06:32 am — [INFO] — Rutuja Dabhade-->GET--->customers
21/7/2025, 12:06:34 am — [INFO] — Rutuja Dabhade-->GET--->entries
21/7/2025, 12:06:34 am — [INFO] — Rutuja Dabhade-->GET--->entries
21/7/2025, 12:06:37 am — [INFO] — Rutuja Dabhade-->GET--->payments
21/7/2025, 12:06:37 am — [INFO] — Rutuja Dabhade-->GET--->payments
21/7/2025, 12:06:37 am — [INFO] — Rutuja Dabhade-->GET--->entries
21/7/2025, 12:06:37 am — [INFO] — Rutuja Dabhade-->GET--->entries
21/7/2025, 12:06:41 am — [INFO] — Rutuja Dabhade-->GET--->bills
21/7/2025, 12:06:41 am — [INFO] — Rutuja Dabhade-->GET--->bills
21/7/2025, 12:06:41 am — [INFO] — Rutuja Dabhade-->GET--->entries
21/7/2025, 12:06:41 am — [INFO] — Rutuja Dabhade-->GET--->entries
21/7/2025, 12:06:53 am — [INFO] — Rutuja Dabhade-->GET--->payments
21/7/2025, 12:06:53 am — [INFO] — Rutuja Dabhade-->GET--->payments
21/7/2025, 12:06:53 am — [INFO] — Rutuja Dabhade-->GET--->entries
21/7/2025, 12:06:53 am — [INFO] — Rutuja Dabhade-->GET--->entries
21/7/2025, 12:06:54 am — [INFO] — Rutuja Dabhade-->GET--->bills
21/7/2025, 12:06:54 am — [INFO] — Rutuja Dabhade-->GET--->bills
21/7/2025, 12:06:54 am — [INFO] — Rutuja Dabhade-->GET--->entries
21/7/2025, 12:06:55 am — [INFO] — Rutuja Dabhade-->GET--->entries
21/7/2025, 12:10:50 am — [INFO] — Rutuja Dabhade-->GET--->bills
21/7/2025, 12:10:50 am — [INFO] — Rutuja Dabhade-->GET--->bills
21/7/2025, 12:10:50 am — [INFO] — Rutuja Dabhade-->GET--->entries
21/7/2025, 12:10:50 am — [INFO] — Rutuja Dabhade-->GET--->entries
21/7/2025, 12:10:58 am — [INFO] — Rutuja Dabhade-->GET--->entries
21/7/2025, 12:10:58 am — [INFO] — Rutuja Dabhade-->GET--->entries
21/7/2025, 12:10:58 am — [INFO] — Rutuja Dabhade-->GET--->entries
21/7/2025, 12:10:58 am — [INFO] — Rutuja Dabhade-->GET--->entries
21/7/2025, 12:11:15 am — [INFO] — Rutuja Dabhade-->GET--->bills
21/7/2025, 12:11:15 am — [INFO] — Rutuja Dabhade-->GET--->bills
21/7/2025, 12:11:15 am — [INFO] — Rutuja Dabhade-->GET--->entries
21/7/2025, 12:11:15 am — [INFO] — Rutuja Dabhade-->GET--->entries
21/7/2025, 12:12:58 am — [INFO] — Rutuja Dabhade-->GET--->bills
21/7/2025, 12:12:58 am — [INFO] — Rutuja Dabhade-->GET--->bills
21/7/2025, 12:12:58 am — [INFO] — Rutuja Dabhade-->GET--->entries
21/7/2025, 12:12:58 am — [INFO] — Rutuja Dabhade-->GET--->entries
21/7/2025, 12:13:00 am — [INFO] — Rutuja Dabhade-->GET--->entries
21/7/2025, 12:13:00 am — [INFO] — Rutuja Dabhade-->GET--->entries
21/7/2025, 12:13:00 am — [INFO] — Rutuja Dabhade-->GET--->entries
21/7/2025, 12:13:00 am — [INFO] — Rutuja Dabhade-->GET--->entries
21/7/2025, 12:14:49 am — [INFO] — Rutuja Dabhade-->GET--->bills
21/7/2025, 12:14:49 am — [INFO] — Rutuja Dabhade-->GET--->bills
21/7/2025, 12:14:49 am — [INFO] — Rutuja Dabhade-->GET--->entries
21/7/2025, 12:14:49 am — [INFO] — Rutuja Dabhade-->GET--->entries
21/7/2025, 12:14:51 am — [INFO] — Rutuja Dabhade-->GET--->entries
21/7/2025, 12:14:51 am — [INFO] — Rutuja Dabhade-->GET--->entries
21/7/2025, 12:14:51 am — [INFO] — Rutuja Dabhade-->GET--->entries
21/7/2025, 12:14:51 am — [INFO] — Rutuja Dabhade-->GET--->entries
21/7/2025, 3:38:14 pm — [INFO] — Rutuja Dabhade-->GET--->bills
21/7/2025, 3:38:15 pm — [INFO] — Rutuja Dabhade-->GET--->bills
21/7/2025, 3:38:15 pm — [INFO] — Rutuja Dabhade-->GET--->entries
21/7/2025, 3:38:15 pm — [INFO] — Rutuja Dabhade-->GET--->entries
21/7/2025, 3:38:33 pm — [INFO] — Rutuja Dabhade-->GET--->payments
21/7/2025, 3:38:33 pm — [INFO] — Rutuja Dabhade-->GET--->payments
21/7/2025, 3:38:33 pm — [INFO] — Rutuja Dabhade-->GET--->entries
21/7/2025, 3:38:33 pm — [INFO] — Rutuja Dabhade-->GET--->entries
21/7/2025, 3:38:41 pm — [INFO] — Rutuja Dabhade-->GET--->entries
21/7/2025, 3:38:41 pm — [INFO] — Rutuja Dabhade-->GET--->entries
21/7/2025, 3:38:44 pm — [INFO] — Rutuja Dabhade-->GET--->payments
21/7/2025, 3:38:44 pm — [INFO] — Rutuja Dabhade-->GET--->payments
21/7/2025, 3:38:44 pm — [INFO] — Rutuja Dabhade-->GET--->entries
21/7/2025, 3:38:44 pm — [INFO] — Rutuja Dabhade-->GET--->entries
21/7/2025, 3:38:53 pm — [INFO] — Rutuja Dabhade-->GET--->entries
21/7/2025, 3:38:53 pm — [INFO] — Rutuja Dabhade-->GET--->entries
21/7/2025, 3:39:23 pm — [INFO] — Rutuja Dabhade-->GET--->bills
21/7/2025, 3:39:23 pm — [INFO] — Rutuja Dabhade-->GET--->bills
21/7/2025, 3:39:23 pm — [INFO] — Rutuja Dabhade-->GET--->entries
21/7/2025, 3:39:23 pm — [INFO] — Rutuja Dabhade-->GET--->entries
21/7/2025, 3:40:38 pm — [INFO] — Rutuja Dabhade-->GET--->entries
21/7/2025, 3:40:38 pm — [INFO] — Rutuja Dabhade-->GET--->entries
21/7/2025, 3:40:38 pm — [INFO] — Rutuja Dabhade-->GET--->entries
21/7/2025, 3:40:38 pm — [INFO] — Rutuja Dabhade-->GET--->entries
21/7/2025, 3:40:57 pm — [INFO] — Rutuja Dabhade-->GET--->payments
21/7/2025, 3:40:57 pm — [INFO] — Rutuja Dabhade-->GET--->payments
21/7/2025, 3:40:57 pm — [INFO] — Rutuja Dabhade-->GET--->entries
21/7/2025, 3:40:57 pm — [INFO] — Rutuja Dabhade-->GET--->entries
21/7/2025, 3:41:00 pm — [INFO] — Rutuja Dabhade-->GET--->bills
21/7/2025, 3:41:00 pm — [INFO] — Rutuja Dabhade-->GET--->bills
21/7/2025, 3:41:00 pm — [INFO] — Rutuja Dabhade-->GET--->entries
21/7/2025, 3:41:00 pm — [INFO] — Rutuja Dabhade-->GET--->entries
21/7/2025, 3:41:57 pm — [INFO] — Rutuja Dabhade-->GET--->products
21/7/2025, 3:41:57 pm — [INFO] — Rutuja Dabhade-->GET--->products
21/7/2025, 3:42:03 pm — [INFO] — Rutuja Dabhade-->GET--->customers
21/7/2025, 3:42:03 pm — [INFO] — Rutuja Dabhade-->GET--->customers
21/7/2025, 3:42:10 pm — [INFO] — Rutuja Dabhade-->GET--->entries
21/7/2025, 3:42:10 pm — [INFO] — Rutuja Dabhade-->GET--->entries
21/7/2025, 3:42:20 pm — [INFO] — Rutuja Dabhade-->POST--->entries
21/7/2025, 3:42:20 pm — [INFO] — Rutuja Dabhade-->POST--->entries
21/7/2025, 3:42:20 pm — [INFO] — Rutuja Dabhade-->POST--->entries
21/7/2025, 3:42:20 pm — [INFO] — Rutuja Dabhade-->POST--->entries
21/7/2025, 3:42:20 pm — [INFO] — Rutuja Dabhade-->POST--->entries
21/7/2025, 3:42:20 pm — [INFO] — Rutuja Dabhade-->POST--->entries
21/7/2025, 3:42:25 pm — [INFO] — Rutuja Dabhade-->GET--->entries
21/7/2025, 3:42:34 pm — [INFO] — Rutuja Dabhade-->GET--->entries
21/7/2025, 3:44:20 pm — [INFO] — Rutuja Dabhade-->PUT--->entries
21/7/2025, 3:44:29 pm — [INFO] — Rutuja Dabhade-->PUT--->entries
21/7/2025, 3:45:17 pm — [INFO] — Rutuja Dabhade-->PUT--->entries
21/7/2025, 3:46:17 pm — [INFO] — Rutuja Dabhade-->GET--->bills
21/7/2025, 3:46:17 pm — [INFO] — Rutuja Dabhade-->GET--->bills
21/7/2025, 3:46:17 pm — [INFO] — Rutuja Dabhade-->GET--->entries
21/7/2025, 3:46:17 pm — [INFO] — Rutuja Dabhade-->GET--->entries
21/7/2025, 3:46:31 pm — [INFO] — Rutuja Dabhade-->GET--->entries
21/7/2025, 3:46:31 pm — [INFO] — Rutuja Dabhade-->GET--->entries
21/7/2025, 3:46:31 pm — [INFO] — Rutuja Dabhade-->GET--->entries
21/7/2025, 3:46:31 pm — [INFO] — Rutuja Dabhade-->GET--->entries
21/7/2025, 3:53:48 pm — [INFO] — Rutuja Dabhade-->GET--->entries
21/7/2025, 3:53:48 pm — [INFO] — Rutuja Dabhade-->GET--->entries
21/7/2025, 3:57:05 pm — [INFO] — Rutuja Dabhade-->GET--->entries
21/7/2025, 3:57:05 pm — [INFO] — Rutuja Dabhade-->GET--->entries
21/7/2025, 4:05:57 pm — [INFO] — Rutuja Dabhade-->GET--->entries
21/7/2025, 4:05:57 pm — [INFO] — Rutuja Dabhade-->GET--->entries
21/7/2025, 4:08:31 pm — [INFO] — Rutuja Dabhade-->GET--->entries
21/7/2025, 4:08:31 pm — [INFO] — Rutuja Dabhade-->GET--->entries
21/7/2025, 4:12:16 pm — [INFO] — Rutuja Dabhade-->GET--->entries
21/7/2025, 4:12:19 pm — [INFO] — Rutuja Dabhade-->GET--->entries
21/7/2025, 4:15:42 pm — [INFO] — Rutuja Dabhade-->GET--->entries
21/7/2025, 4:15:42 pm — [INFO] — Rutuja Dabhade-->GET--->entries
21/7/2025, 4:22:36 pm — [INFO] — Rutuja Dabhade-->GET--->entries
21/7/2025, 4:22:36 pm — [INFO] — Rutuja Dabhade-->GET--->entries
