24/7/2025, 12:03:48 am — [INFO] — Rutuja Dabhade-->GET--->bills
24/7/2025, 12:03:48 am — [INFO] — Rutuja Dabhade-->GET--->bills
24/7/2025, 12:03:48 am — [INFO] — Rutuja Dabhade-->GET--->entries
24/7/2025, 12:03:48 am — [INFO] — Rutuja Dabhade-->GET--->milkrates
24/7/2025, 12:03:48 am — [INFO] — Rutuja Dabhade-->GET--->milkrates
24/7/2025, 12:03:48 am — [INFO] — Rutuja Dabhade-->GET--->entries
24/7/2025, 12:08:13 am — [INFO] — Rutuja Dabhade-->GET--->bills
24/7/2025, 12:08:13 am — [INFO] — Rutuja Dabhade-->GET--->bills
24/7/2025, 12:08:13 am — [INFO] — Rutuja Dabhade-->GET--->entries
24/7/2025, 12:08:13 am — [INFO] — Rutuja Dabhade-->GET--->milkrates
24/7/2025, 12:08:13 am — [INFO] — Rutuja Dabhade-->GET--->entries
24/7/2025, 12:08:13 am — [INFO] — Rutuja Dabhade-->GET--->milkrates
24/7/2025, 12:09:57 am — [INFO] — Rutuja Dabhade-->GET--->bills
24/7/2025, 12:09:57 am — [INFO] — Rutuja Dabhade-->GET--->bills
24/7/2025, 12:09:58 am — [INFO] — Rutuja Dabhade-->GET--->entries
24/7/2025, 12:09:58 am — [INFO] — Rutuja Dabhade-->GET--->milkrates
24/7/2025, 12:09:58 am — [INFO] — Rutuja Dabhade-->GET--->entries
24/7/2025, 12:09:58 am — [INFO] — Rutuja Dabhade-->GET--->milkrates
24/7/2025, 12:11:26 am — [INFO] — Rutuja Dabhade-->GET--->entries
24/7/2025, 12:11:26 am — [INFO] — Rutuja Dabhade-->GET--->entries
24/7/2025, 12:11:26 am — [INFO] — Rutuja Dabhade-->GET--->entries
24/7/2025, 12:11:26 am — [INFO] — Rutuja Dabhade-->GET--->milkrates
24/7/2025, 12:11:26 am — [INFO] — Rutuja Dabhade-->GET--->milkrates
24/7/2025, 12:11:26 am — [INFO] — Rutuja Dabhade-->GET--->entries
24/7/2025, 12:13:46 am — [INFO] — Rutuja Dabhade-->GET--->milkrates
24/7/2025, 12:13:47 am — [INFO] — Rutuja Dabhade-->GET--->milkrates
24/7/2025, 12:13:54 am — [INFO] — Rutuja Dabhade-->POST--->milkrates
24/7/2025, 12:14:04 am — [INFO] — Rutuja Dabhade-->GET--->bills
24/7/2025, 12:14:04 am — [INFO] — Rutuja Dabhade-->GET--->bills
24/7/2025, 12:14:05 am — [INFO] — Rutuja Dabhade-->GET--->entries
24/7/2025, 12:14:05 am — [INFO] — Rutuja Dabhade-->GET--->milkrates
24/7/2025, 12:14:05 am — [INFO] — Rutuja Dabhade-->GET--->entries
24/7/2025, 12:14:05 am — [INFO] — Rutuja Dabhade-->GET--->milkrates
24/7/2025, 12:14:17 am — [INFO] — Rutuja Dabhade-->GET--->entries
24/7/2025, 12:14:17 am — [INFO] — Rutuja Dabhade-->GET--->entries
24/7/2025, 12:14:21 am — [INFO] — Rutuja Dabhade-->POST--->entries
24/7/2025, 12:14:28 am — [INFO] — Rutuja Dabhade-->GET--->bills
24/7/2025, 12:14:28 am — [INFO] — Rutuja Dabhade-->GET--->bills
24/7/2025, 12:14:28 am — [INFO] — Rutuja Dabhade-->GET--->entries
24/7/2025, 12:14:28 am — [INFO] — Rutuja Dabhade-->GET--->milkrates
24/7/2025, 12:14:29 am — [INFO] — Rutuja Dabhade-->GET--->entries
24/7/2025, 12:14:29 am — [INFO] — Rutuja Dabhade-->GET--->milkrates
24/7/2025, 12:14:36 am — [INFO] — Rutuja Dabhade-->GET--->entries
24/7/2025, 12:14:36 am — [INFO] — Rutuja Dabhade-->GET--->entries
24/7/2025, 12:14:36 am — [INFO] — Rutuja Dabhade-->GET--->entries
24/7/2025, 12:14:36 am — [INFO] — Rutuja Dabhade-->GET--->milkrates
24/7/2025, 12:14:36 am — [INFO] — Rutuja Dabhade-->GET--->entries
24/7/2025, 12:14:36 am — [INFO] — Rutuja Dabhade-->GET--->milkrates
24/7/2025, 12:17:38 am — [INFO] — Rutuja Dabhade-->GET--->entries
24/7/2025, 12:17:38 am — [INFO] — Rutuja Dabhade-->GET--->entries
24/7/2025, 12:17:38 am — [INFO] — Rutuja Dabhade-->GET--->entries
24/7/2025, 12:17:38 am — [INFO] — Rutuja Dabhade-->GET--->milkrates
24/7/2025, 12:17:38 am — [INFO] — Rutuja Dabhade-->GET--->milkrates
24/7/2025, 12:17:38 am — [INFO] — Rutuja Dabhade-->GET--->entries
24/7/2025, 12:19:35 am — [INFO] — Rutuja Dabhade-->GET--->payments
24/7/2025, 12:19:35 am — [INFO] — Rutuja Dabhade-->GET--->payments
24/7/2025, 12:19:36 am — [INFO] — Rutuja Dabhade-->GET--->entries
24/7/2025, 12:19:36 am — [INFO] — Rutuja Dabhade-->GET--->milkrates
24/7/2025, 12:19:36 am — [INFO] — Rutuja Dabhade-->GET--->entries
24/7/2025, 12:19:36 am — [INFO] — Rutuja Dabhade-->GET--->milkrates
24/7/2025, 12:20:02 am — [INFO] — Rutuja Dabhade-->GET--->entries
24/7/2025, 12:20:02 am — [INFO] — Rutuja Dabhade-->GET--->entries
24/7/2025, 12:20:07 am — [INFO] — Rutuja Dabhade-->POST--->entries
24/7/2025, 12:20:14 am — [INFO] — Rutuja Dabhade-->GET--->bills
24/7/2025, 12:20:14 am — [INFO] — Rutuja Dabhade-->GET--->bills
24/7/2025, 12:20:14 am — [INFO] — Rutuja Dabhade-->GET--->entries
24/7/2025, 12:20:14 am — [INFO] — Rutuja Dabhade-->GET--->milkrates
24/7/2025, 12:20:14 am — [INFO] — Rutuja Dabhade-->GET--->milkrates
24/7/2025, 12:20:14 am — [INFO] — Rutuja Dabhade-->GET--->entries
24/7/2025, 12:20:19 am — [INFO] — Rutuja Dabhade-->GET--->entries
24/7/2025, 12:20:19 am — [INFO] — Rutuja Dabhade-->GET--->entries
24/7/2025, 12:20:19 am — [INFO] — Rutuja Dabhade-->GET--->entries
24/7/2025, 12:20:19 am — [INFO] — Rutuja Dabhade-->GET--->milkrates
24/7/2025, 12:20:20 am — [INFO] — Rutuja Dabhade-->GET--->milkrates
24/7/2025, 12:20:20 am — [INFO] — Rutuja Dabhade-->GET--->entries
24/7/2025, 12:20:41 am — [INFO] — Rutuja Dabhade-->GET--->payments
24/7/2025, 12:20:41 am — [INFO] — Rutuja Dabhade-->GET--->payments
24/7/2025, 12:20:41 am — [INFO] — Rutuja Dabhade-->GET--->entries
24/7/2025, 12:20:41 am — [INFO] — Rutuja Dabhade-->GET--->milkrates
24/7/2025, 12:20:41 am — [INFO] — Rutuja Dabhade-->GET--->milkrates
24/7/2025, 12:20:41 am — [INFO] — Rutuja Dabhade-->GET--->entries
24/7/2025, 12:21:16 am — [INFO] — Rutuja Dabhade-->GET--->bills
24/7/2025, 12:21:16 am — [INFO] — Rutuja Dabhade-->GET--->bills
24/7/2025, 12:21:16 am — [INFO] — Rutuja Dabhade-->GET--->entries
24/7/2025, 12:21:16 am — [INFO] — Rutuja Dabhade-->GET--->milkrates
24/7/2025, 12:21:16 am — [INFO] — Rutuja Dabhade-->GET--->milkrates
24/7/2025, 12:21:16 am — [INFO] — Rutuja Dabhade-->GET--->entries
24/7/2025, 12:21:21 am — [INFO] — Rutuja Dabhade-->GET--->entries
24/7/2025, 12:21:21 am — [INFO] — Rutuja Dabhade-->GET--->entries
24/7/2025, 12:21:21 am — [INFO] — Rutuja Dabhade-->GET--->entries
24/7/2025, 12:21:21 am — [INFO] — Rutuja Dabhade-->GET--->milkrates
24/7/2025, 12:21:21 am — [INFO] — Rutuja Dabhade-->GET--->milkrates
24/7/2025, 12:21:21 am — [INFO] — Rutuja Dabhade-->GET--->entries
24/7/2025, 12:23:11 am — [INFO] — Rutuja Dabhade-->GET--->entries
24/7/2025, 12:23:12 am — [INFO] — Rutuja Dabhade-->GET--->entries
24/7/2025, 12:23:32 am — [INFO] — Rutuja Dabhade-->GET--->payments
24/7/2025, 12:23:32 am — [INFO] — Rutuja Dabhade-->GET--->payments
24/7/2025, 12:23:32 am — [INFO] — Rutuja Dabhade-->GET--->entries
24/7/2025, 12:23:32 am — [INFO] — Rutuja Dabhade-->GET--->milkrates
24/7/2025, 12:23:32 am — [INFO] — Rutuja Dabhade-->GET--->milkrates
24/7/2025, 12:23:32 am — [INFO] — Rutuja Dabhade-->GET--->entries
24/7/2025, 12:23:37 am — [INFO] — Rutuja Dabhade-->GET--->entries
24/7/2025, 12:23:37 am — [INFO] — Rutuja Dabhade-->GET--->entries
24/7/2025, 12:29:14 am — [INFO] — Rutuja Dabhade-->GET--->milkrates
24/7/2025, 12:29:14 am — [INFO] — Rutuja Dabhade-->GET--->milkrates
24/7/2025, 12:29:52 am — [INFO] — Rutuja Dabhade-->GET--->milkrates
24/7/2025, 12:29:52 am — [INFO] — Rutuja Dabhade-->GET--->milkrates
24/7/2025, 12:32:05 am — [INFO] — Rutuja Dabhade-->GET--->payments
24/7/2025, 12:32:05 am — [INFO] — Rutuja Dabhade-->GET--->payments
24/7/2025, 12:32:05 am — [INFO] — Rutuja Dabhade-->GET--->entries
24/7/2025, 12:32:05 am — [INFO] — Rutuja Dabhade-->GET--->milkrates
24/7/2025, 12:32:05 am — [INFO] — Rutuja Dabhade-->GET--->milkrates
24/7/2025, 12:32:05 am — [INFO] — Rutuja Dabhade-->GET--->entries
24/7/2025, 12:32:10 am — [INFO] — Rutuja Dabhade-->GET--->entries
24/7/2025, 12:32:10 am — [INFO] — Rutuja Dabhade-->GET--->entries
24/7/2025, 12:33:57 am — [INFO] — Rutuja Dabhade-->GET--->entries
24/7/2025, 12:33:57 am — [INFO] — Rutuja Dabhade-->GET--->entries
24/7/2025, 12:34:17 am — [INFO] — Rutuja Dabhade-->GET--->entries
24/7/2025, 12:34:32 am — [INFO] — Rutuja Dabhade-->GET--->entries
24/7/2025, 12:34:40 am — [INFO] — Rutuja Dabhade-->GET--->entries
24/7/2025, 12:34:44 am — [INFO] — Rutuja Dabhade-->GET--->entries
24/7/2025, 12:37:59 am — [INFO] — Rutuja Dabhade-->GET--->entries
24/7/2025, 12:37:59 am — [INFO] — Rutuja Dabhade-->GET--->entries
24/7/2025, 12:39:42 am — [INFO] — Rutuja Dabhade-->GET--->entries
24/7/2025, 12:39:42 am — [INFO] — Rutuja Dabhade-->GET--->entries
24/7/2025, 12:39:45 am — [INFO] — Rutuja Dabhade-->GET--->entries
24/7/2025, 12:41:59 am — [INFO] — Rutuja Dabhade-->GET--->payments
24/7/2025, 12:42:00 am — [INFO] — Rutuja Dabhade-->GET--->payments
24/7/2025, 12:42:00 am — [INFO] — Rutuja Dabhade-->GET--->entries
24/7/2025, 12:42:00 am — [INFO] — Rutuja Dabhade-->GET--->milkrates
24/7/2025, 12:42:00 am — [INFO] — Rutuja Dabhade-->GET--->milkrates
24/7/2025, 12:42:00 am — [INFO] — Rutuja Dabhade-->GET--->entries
24/7/2025, 12:42:04 am — [INFO] — Rutuja Dabhade-->GET--->entries
24/7/2025, 12:42:04 am — [INFO] — Rutuja Dabhade-->GET--->entries
24/7/2025, 12:44:24 am — [INFO] — Rutuja Dabhade-->GET--->entries
24/7/2025, 12:44:24 am — [INFO] — Rutuja Dabhade-->GET--->entries
24/7/2025, 12:44:26 am — [INFO] — Rutuja Dabhade-->GET--->entries
24/7/2025, 12:45:42 am — [INFO] — Rutuja Dabhade-->GET--->entries
24/7/2025, 12:45:42 am — [INFO] — Rutuja Dabhade-->GET--->entries
24/7/2025, 12:45:43 am — [INFO] — Rutuja Dabhade-->GET--->entries
24/7/2025, 12:50:13 am — [INFO] — Rutuja Dabhade-->GET--->entries
24/7/2025, 12:50:13 am — [INFO] — Rutuja Dabhade-->GET--->entries
24/7/2025, 12:50:14 am — [INFO] — Rutuja Dabhade-->GET--->entries
24/7/2025, 12:50:20 am — [INFO] — Rutuja Dabhade-->POST--->entries
24/7/2025, 9:00:30 pm — [INFO] — Rutuja Dabhade-->GET--->milkrates
24/7/2025, 9:00:31 pm — [INFO] — Rutuja Dabhade-->GET--->milkrates
24/7/2025, 9:00:37 pm — [INFO] — Rutuja Dabhade-->GET--->payments
24/7/2025, 9:00:37 pm — [INFO] — Rutuja Dabhade-->GET--->payments
24/7/2025, 9:00:37 pm — [INFO] — Rutuja Dabhade-->GET--->entries
24/7/2025, 9:00:37 pm — [INFO] — Rutuja Dabhade-->GET--->milkrates
24/7/2025, 9:00:38 pm — [INFO] — Rutuja Dabhade-->GET--->milkrates
24/7/2025, 9:00:38 pm — [INFO] — Rutuja Dabhade-->GET--->entries
24/7/2025, 9:00:55 pm — [INFO] — Rutuja Dabhade-->GET--->bills
24/7/2025, 9:00:55 pm — [INFO] — Rutuja Dabhade-->GET--->bills
24/7/2025, 9:00:55 pm — [INFO] — Rutuja Dabhade-->GET--->entries
24/7/2025, 9:00:55 pm — [INFO] — Rutuja Dabhade-->GET--->milkrates
24/7/2025, 9:00:55 pm — [INFO] — Rutuja Dabhade-->GET--->milkrates
24/7/2025, 9:00:55 pm — [INFO] — Rutuja Dabhade-->GET--->entries
24/7/2025, 9:02:51 pm — [INFO] — Rutuja Dabhade-->GET--->entries
24/7/2025, 9:02:52 pm — [INFO] — Rutuja Dabhade-->GET--->entries
24/7/2025, 9:02:52 pm — [INFO] — Rutuja Dabhade-->GET--->entries
24/7/2025, 9:02:52 pm — [INFO] — Rutuja Dabhade-->GET--->milkrates
24/7/2025, 9:02:53 pm — [INFO] — Rutuja Dabhade-->GET--->milkrates
24/7/2025, 9:02:53 pm — [INFO] — Rutuja Dabhade-->GET--->entries
24/7/2025, 9:09:08 pm — [INFO] — Rutuja Dabhade-->GET--->bills
24/7/2025, 9:09:08 pm — [INFO] — Rutuja Dabhade-->GET--->entries
24/7/2025, 9:09:08 pm — [INFO] — Rutuja Dabhade-->GET--->milkrates
24/7/2025, 9:09:21 pm — [INFO] — Rutuja Dabhade-->GET--->bills
24/7/2025, 9:09:21 pm — [INFO] — Rutuja Dabhade-->GET--->bills
24/7/2025, 9:09:21 pm — [INFO] — Rutuja Dabhade-->GET--->entries
24/7/2025, 9:09:21 pm — [INFO] — Rutuja Dabhade-->GET--->milkrates
24/7/2025, 9:09:21 pm — [INFO] — Rutuja Dabhade-->GET--->entries
24/7/2025, 9:09:21 pm — [INFO] — Rutuja Dabhade-->GET--->milkrates
24/7/2025, 9:09:27 pm — [INFO] — Rutuja Dabhade-->GET--->entries
24/7/2025, 9:09:27 pm — [INFO] — Rutuja Dabhade-->GET--->entries
24/7/2025, 9:09:27 pm — [INFO] — Rutuja Dabhade-->GET--->entries
24/7/2025, 9:09:27 pm — [INFO] — Rutuja Dabhade-->GET--->milkrates
24/7/2025, 9:09:27 pm — [INFO] — Rutuja Dabhade-->GET--->milkrates
24/7/2025, 9:09:27 pm — [INFO] — Rutuja Dabhade-->GET--->entries
24/7/2025, 9:09:33 pm — [INFO] — Rutuja Dabhade-->GET--->entries
24/7/2025, 9:09:33 pm — [INFO] — Rutuja Dabhade-->GET--->entries
24/7/2025, 9:09:33 pm — [INFO] — Rutuja Dabhade-->GET--->entries
24/7/2025, 9:09:33 pm — [INFO] — Rutuja Dabhade-->GET--->milkrates
24/7/2025, 9:09:33 pm — [INFO] — Rutuja Dabhade-->GET--->entries
24/7/2025, 9:09:33 pm — [INFO] — Rutuja Dabhade-->GET--->milkrates
24/7/2025, 9:09:53 pm — [INFO] — Rutuja Dabhade-->GET--->bills
24/7/2025, 9:09:53 pm — [INFO] — Rutuja Dabhade-->GET--->entries
24/7/2025, 9:09:53 pm — [INFO] — Rutuja Dabhade-->GET--->milkrates
24/7/2025, 9:17:51 pm — [INFO] — Rutuja Dabhade-->GET--->bills
24/7/2025, 9:17:51 pm — [INFO] — Rutuja Dabhade-->GET--->entries
24/7/2025, 9:17:51 pm — [INFO] — Rutuja Dabhade-->GET--->milkrates
24/7/2025, 9:18:54 pm — [INFO] — Rutuja Dabhade-->GET--->bills
24/7/2025, 9:18:54 pm — [INFO] — Rutuja Dabhade-->GET--->bills
24/7/2025, 9:18:54 pm — [INFO] — Rutuja Dabhade-->GET--->entries
24/7/2025, 9:18:54 pm — [INFO] — Rutuja Dabhade-->GET--->milkrates
24/7/2025, 9:18:54 pm — [INFO] — Rutuja Dabhade-->GET--->entries
24/7/2025, 9:18:54 pm — [INFO] — Rutuja Dabhade-->GET--->milkrates
