12/7/2025, 9:31:25 am — [INFO] — Rutuja Dabhade-->GET--->entries
12/7/2025, 9:31:25 am — [INFO] — Rutuja Dabhade-->GET--->entries
12/7/2025, 9:35:18 am — [INFO] — Rutuja Dabhade-->GET--->entries
12/7/2025, 9:35:18 am — [INFO] — Rutuja Dabhade-->GET--->entries
12/7/2025, 9:37:17 am — [INFO] — Rutuja Dabhade-->POST--->entries
12/7/2025, 9:37:17 am — [INFO] — Rutuja Dabhade-->GET--->entries
12/7/2025, 9:37:25 am — [INFO] — Rutuja Dabhade-->POST--->entries
12/7/2025, 9:37:25 am — [INFO] — Rutuja Dabhade-->GET--->entries
12/7/2025, 9:37:36 am — [INFO] — Rutuja Dabhade-->POST--->entries
12/7/2025, 9:37:36 am — [INFO] — Rutuja Dabhade-->GET--->entries
12/7/2025, 9:40:27 am — [INFO] — Rutuja Dabhade-->GET--->entries
12/7/2025, 9:40:27 am — [INFO] — Rutuja Dabhade-->GET--->entries
12/7/2025, 9:40:31 am — [INFO] — Rutuja Dabhade-->DELETE--->entries
12/7/2025, 9:40:39 am — [INFO] — Rutuja Dabhade-->GET--->entries
12/7/2025, 9:40:39 am — [INFO] — Rutuja Dabhade-->GET--->entries
12/7/2025, 9:40:57 am — [INFO] — Rutuja Dabhade-->POST--->entries
12/7/2025, 9:40:57 am — [INFO] — Rutuja Dabhade-->GET--->entries
12/7/2025, 9:42:57 am — [INFO] — Rutuja Dabhade-->GET--->entries
12/7/2025, 9:42:57 am — [INFO] — Rutuja Dabhade-->GET--->entries
12/7/2025, 9:43:03 am — [INFO] — Rutuja Dabhade-->POST--->entries
12/7/2025, 9:43:03 am — [INFO] — Rutuja Dabhade-->GET--->entries
12/7/2025, 9:43:38 am — [INFO] — Rutuja Dabhade-->POST--->entries
12/7/2025, 9:43:38 am — [INFO] — Rutuja Dabhade-->GET--->entries
12/7/2025, 9:43:47 am — [INFO] — Rutuja Dabhade-->GET--->entries
12/7/2025, 9:43:47 am — [INFO] — Rutuja Dabhade-->GET--->entries
12/7/2025, 9:43:52 am — [INFO] — Rutuja Dabhade-->PUT--->entries
12/7/2025, 9:43:52 am — [INFO] — Rutuja Dabhade-->GET--->entries
12/7/2025, 9:44:00 am — [INFO] — Rutuja Dabhade-->GET--->entries
12/7/2025, 9:44:00 am — [INFO] — Rutuja Dabhade-->GET--->entries
12/7/2025, 9:46:23 am — [INFO] — Rutuja Dabhade-->PUT--->entries
12/7/2025, 9:46:23 am — [INFO] — Rutuja Dabhade-->GET--->entries
12/7/2025, 10:41:37 am — [INFO] — Rutuja Dabhade-->GET--->entries
12/7/2025, 10:41:47 am — [ERROR] — guest encountered error during GET /entries — Operation `entries.find()` buffering timed out after 10000ms
12/7/2025, 10:41:47 am — [INFO] — Rutuja Dabhade-->GET--->entries
12/7/2025, 10:41:57 am — [ERROR] — guest encountered error during GET /entries — Operation `entries.find()` buffering timed out after 10000ms
12/7/2025, 10:41:57 am — [INFO] — Rutuja Dabhade-->GET--->entries
12/7/2025, 10:42:07 am — [ERROR] — guest encountered error during GET /entries — Operation `entries.find()` buffering timed out after 10000ms
12/7/2025, 10:42:07 am — [INFO] — Rutuja Dabhade-->GET--->entries
12/7/2025, 10:42:17 am — [ERROR] — guest encountered error during GET /entries — Operation `entries.find()` buffering timed out after 10000ms
12/7/2025, 10:44:57 am — [INFO] — Rutuja Dabhade-->GET--->entries
12/7/2025, 10:45:07 am — [ERROR] — guest encountered error during GET /entries — Operation `entries.find()` buffering timed out after 10000ms
12/7/2025, 10:45:07 am — [INFO] — Rutuja Dabhade-->GET--->entries
12/7/2025, 10:45:17 am — [ERROR] — guest encountered error during GET /entries — Operation `entries.find()` buffering timed out after 10000ms
12/7/2025, 10:49:00 am — [INFO] — Rutuja Dabhade-->GET--->entries
12/7/2025, 10:49:10 am — [ERROR] — guest encountered error during GET /entries — Operation `entries.find()` buffering timed out after 10000ms
12/7/2025, 10:49:10 am — [INFO] — Rutuja Dabhade-->GET--->entries
12/7/2025, 10:49:20 am — [ERROR] — guest encountered error during GET /entries — Operation `entries.find()` buffering timed out after 10000ms
12/7/2025, 10:52:29 am — [INFO] — Rutuja Dabhade-->GET--->entries
12/7/2025, 10:52:29 am — [INFO] — Rutuja Dabhade-->GET--->entries
12/7/2025, 10:52:33 am — [INFO] — Rutuja Dabhade-->GET--->entries
12/7/2025, 10:52:33 am — [INFO] — Rutuja Dabhade-->GET--->entries
12/7/2025, 10:55:09 am — [INFO] — Rutuja Dabhade-->GET--->entries
12/7/2025, 10:55:09 am — [INFO] — Rutuja Dabhade-->GET--->entries
12/7/2025, 10:57:11 am — [INFO] — Rutuja Dabhade-->DELETE--->entries
12/7/2025, 10:57:44 am — [INFO] — Rutuja Dabhade-->DELETE--->entries
12/7/2025, 11:10:17 am — [INFO] — Rutuja Dabhade-->GET--->entries
12/7/2025, 11:18:15 am — [INFO] — Rutuja Dabhade-->GET--->entries
12/7/2025, 11:18:15 am — [INFO] — Rutuja Dabhade-->GET--->entries
12/7/2025, 11:18:18 am — [INFO] — Rutuja Dabhade-->GET--->entries
12/7/2025, 11:18:42 am — [INFO] — Rutuja Dabhade-->GET--->entries
12/7/2025, 11:18:54 am — [INFO] — Rutuja Dabhade-->DELETE--->entries
12/7/2025, 11:28:51 am — [INFO] — Rutuja Dabhade-->GET--->entries
12/7/2025, 11:30:27 am — [INFO] — Rutuja Dabhade-->GET--->entries
12/7/2025, 11:30:27 am — [INFO] — Rutuja Dabhade-->GET--->entries
12/7/2025, 11:30:31 am — [INFO] — Rutuja Dabhade-->GET--->entries
12/7/2025, 11:30:35 am — [INFO] — Rutuja Dabhade-->GET--->entries
12/7/2025, 11:30:40 am — [INFO] — Rutuja Dabhade-->POST--->entries
12/7/2025, 11:30:40 am — [INFO] — Rutuja Dabhade-->GET--->entries
12/7/2025, 11:30:45 am — [INFO] — Rutuja Dabhade-->GET--->entries
12/7/2025, 11:30:48 am — [INFO] — Rutuja Dabhade-->GET--->entries
12/7/2025, 11:30:51 am — [INFO] — Rutuja Dabhade-->GET--->entries
12/7/2025, 11:34:17 am — [INFO] — Rutuja Dabhade-->GET--->entries
12/7/2025, 11:36:33 am — [INFO] — Rutuja Dabhade-->GET--->entries
12/7/2025, 11:36:37 am — [INFO] — Rutuja Dabhade-->GET--->entries
12/7/2025, 11:36:44 am — [INFO] — Rutuja Dabhade-->GET--->entries
12/7/2025, 11:38:03 am — [INFO] — Rutuja Dabhade-->GET--->entries
12/7/2025, 11:38:06 am — [INFO] — Rutuja Dabhade-->GET--->entries
12/7/2025, 11:38:08 am — [INFO] — Rutuja Dabhade-->GET--->entries
12/7/2025, 11:38:12 am — [INFO] — Rutuja Dabhade-->GET--->entries
12/7/2025, 11:38:23 am — [INFO] — Rutuja Dabhade-->GET--->entries
12/7/2025, 11:38:31 am — [INFO] — Rutuja Dabhade-->GET--->entries
12/7/2025, 11:38:34 am — [INFO] — Rutuja Dabhade-->GET--->entries
12/7/2025, 11:38:41 am — [INFO] — Rutuja Dabhade-->GET--->entries
12/7/2025, 11:38:48 am — [INFO] — Rutuja Dabhade-->GET--->entries
12/7/2025, 11:39:38 am — [INFO] — Rutuja Dabhade-->GET--->entries
12/7/2025, 11:39:38 am — [INFO] — Rutuja Dabhade-->GET--->entries
12/7/2025, 11:39:42 am — [INFO] — Rutuja Dabhade-->GET--->entries
12/7/2025, 11:39:45 am — [INFO] — Rutuja Dabhade-->GET--->entries
12/7/2025, 11:39:47 am — [INFO] — Rutuja Dabhade-->GET--->entries
12/7/2025, 11:39:59 am — [INFO] — Rutuja Dabhade-->GET--->entries
12/7/2025, 11:40:58 am — [INFO] — Rutuja Dabhade-->GET--->entries
12/7/2025, 11:40:59 am — [INFO] — Rutuja Dabhade-->GET--->entries
12/7/2025, 11:41:04 am — [INFO] — Rutuja Dabhade-->GET--->entries
12/7/2025, 11:41:08 am — [INFO] — Rutuja Dabhade-->GET--->entries
12/7/2025, 11:44:30 am — [INFO] — Rutuja Dabhade-->GET--->entries
12/7/2025, 11:44:30 am — [INFO] — Rutuja Dabhade-->GET--->entries
12/7/2025, 11:44:33 am — [INFO] — Rutuja Dabhade-->GET--->entries
12/7/2025, 11:44:37 am — [INFO] — Rutuja Dabhade-->GET--->entries
12/7/2025, 11:44:39 am — [INFO] — Rutuja Dabhade-->GET--->entries
12/7/2025, 11:44:42 am — [INFO] — Rutuja Dabhade-->GET--->entries
12/7/2025, 11:44:44 am — [INFO] — Rutuja Dabhade-->GET--->entries
12/7/2025, 11:44:48 am — [INFO] — Rutuja Dabhade-->GET--->entries
12/7/2025, 11:44:55 am — [INFO] — Rutuja Dabhade-->GET--->entries
12/7/2025, 11:44:55 am — [INFO] — Rutuja Dabhade-->GET--->entries
12/7/2025, 11:53:52 am — [INFO] — Rutuja Dabhade-->GET--->entries
12/7/2025, 11:53:53 am — [INFO] — Rutuja Dabhade-->GET--->entries
12/7/2025, 11:54:00 am — [INFO] — Rutuja Dabhade-->GET--->entries
12/7/2025, 11:54:06 am — [INFO] — Rutuja Dabhade-->GET--->entries
12/7/2025, 11:54:09 am — [INFO] — Rutuja Dabhade-->GET--->entries
12/7/2025, 1:34:07 pm — [INFO] — Rutuja Dabhade-->GET--->entries
12/7/2025, 1:34:07 pm — [INFO] — Rutuja Dabhade-->GET--->entries
12/7/2025, 1:35:22 pm — [INFO] — Rutuja Dabhade-->POST--->entries
12/7/2025, 1:35:22 pm — [INFO] — Rutuja Dabhade-->GET--->entries
12/7/2025, 1:35:37 pm — [INFO] — Rutuja Dabhade-->POST--->entries
12/7/2025, 1:35:37 pm — [INFO] — Rutuja Dabhade-->GET--->entries
12/7/2025, 1:35:41 pm — [INFO] — Rutuja Dabhade-->GET--->entries
12/7/2025, 1:35:56 pm — [INFO] — Rutuja Dabhade-->GET--->entries
12/7/2025, 1:36:00 pm — [INFO] — Rutuja Dabhade-->GET--->entries
12/7/2025, 1:36:04 pm — [INFO] — Rutuja Dabhade-->GET--->entries
12/7/2025, 1:37:26 pm — [INFO] — Rutuja Dabhade-->GET--->entries
12/7/2025, 1:37:26 pm — [INFO] — Rutuja Dabhade-->GET--->entries
12/7/2025, 1:48:51 pm — [INFO] — Rutuja Dabhade-->POST--->users
12/7/2025, 1:49:09 pm — [INFO] — Rutuja Dabhade-->PUT--->users
12/7/2025, 1:49:25 pm — [INFO] — Rutuja Dabhade-->PUT--->users
12/7/2025, 1:52:12 pm — [INFO] — Rutuja Dabhade-->PUT--->users
12/7/2025, 1:54:40 pm — [INFO] — Rutuja Dabhade-->PUT--->users
12/7/2025, 2:00:01 pm — [INFO] — Rutuja Dabhade-->PUT--->users
12/7/2025, 2:07:21 pm — [INFO] — Rutuja Dabhade-->GET--->entries
12/7/2025, 2:07:21 pm — [INFO] — Rutuja Dabhade-->GET--->entries
12/7/2025, 3:08:27 pm — [ERROR] — guest encountered error during POST /users/login — UserService.checkUserTryingToLogIn is not a function
12/7/2025, 5:03:56 pm — [INFO] — Rutuja Dabhade-->GET--->customers
12/7/2025, 5:03:56 pm — [INFO] — Rutuja Dabhade-->GET--->customers
12/7/2025, 5:04:13 pm — [INFO] — Rutuja Dabhade-->PUT--->customers
12/7/2025, 5:04:25 pm — [INFO] — Rutuja Dabhade-->PUT--->customers
12/7/2025, 5:04:35 pm — [INFO] — Rutuja Dabhade-->GET--->products
12/7/2025, 5:04:35 pm — [INFO] — Rutuja Dabhade-->GET--->products
12/7/2025, 5:04:37 pm — [INFO] — Rutuja Dabhade-->GET--->customers
12/7/2025, 5:04:37 pm — [INFO] — Rutuja Dabhade-->GET--->customers
12/7/2025, 5:04:47 pm — [INFO] — Rutuja Dabhade-->PUT--->customers
12/7/2025, 5:05:21 pm — [INFO] — Rutuja Dabhade-->PUT--->customers
12/7/2025, 5:15:31 pm — [INFO] — Rutuja Dabhade-->GET--->entries
12/7/2025, 5:15:31 pm — [INFO] — Rutuja Dabhade-->GET--->entries
12/7/2025, 5:15:37 pm — [INFO] — Rutuja Dabhade-->POST--->entries
12/7/2025, 5:15:37 pm — [INFO] — Rutuja Dabhade-->GET--->entries
12/7/2025, 5:15:44 pm — [INFO] — Rutuja Dabhade-->DELETE--->entries
12/7/2025, 5:15:48 pm — [INFO] — Rutuja Dabhade-->DELETE--->entries
12/7/2025, 5:15:50 pm — [INFO] — Rutuja Dabhade-->GET--->entries
12/7/2025, 5:15:53 pm — [INFO] — Rutuja Dabhade-->GET--->entries
12/7/2025, 5:15:58 pm — [INFO] — Rutuja Dabhade-->GET--->entries
12/7/2025, 5:16:00 pm — [INFO] — Rutuja Dabhade-->GET--->entries
12/7/2025, 5:16:02 pm — [INFO] — Rutuja Dabhade-->GET--->entries
12/7/2025, 5:17:03 pm — [INFO] — Rutuja Dabhade-->GET--->entries
12/7/2025, 5:17:05 pm — [INFO] — Rutuja Dabhade-->GET--->entries
12/7/2025, 5:17:10 pm — [INFO] — Rutuja Dabhade-->GET--->entries
12/7/2025, 5:17:13 pm — [INFO] — Rutuja Dabhade-->GET--->entries
12/7/2025, 5:17:16 pm — [INFO] — Rutuja Dabhade-->GET--->entries
12/7/2025, 5:17:35 pm — [INFO] — Rutuja Dabhade-->POST--->entries
12/7/2025, 5:17:36 pm — [INFO] — Rutuja Dabhade-->GET--->entries
12/7/2025, 5:17:43 pm — [INFO] — Rutuja Dabhade-->DELETE--->entries
12/7/2025, 5:20:37 pm — [INFO] — Rutuja Dabhade-->GET--->entries
12/7/2025, 5:20:44 pm — [INFO] — Rutuja Dabhade-->GET--->customers
12/7/2025, 5:20:44 pm — [INFO] — Rutuja Dabhade-->GET--->customers
12/7/2025, 5:23:45 pm — [INFO] — Rutuja Dabhade-->POST--->customers
12/7/2025, 5:24:02 pm — [INFO] — Rutuja Dabhade-->GET--->entries
12/7/2025, 5:24:02 pm — [INFO] — Rutuja Dabhade-->GET--->entries
12/7/2025, 5:24:06 pm — [INFO] — Rutuja Dabhade-->GET--->customers
12/7/2025, 5:24:06 pm — [INFO] — Rutuja Dabhade-->GET--->customers
12/7/2025, 5:33:22 pm — [INFO] — Rutuja Dabhade-->GET--->customers
12/7/2025, 5:33:22 pm — [INFO] — Rutuja Dabhade-->GET--->customers
12/7/2025, 5:33:29 pm — [INFO] — Rutuja Dabhade-->DELETE--->customers
12/7/2025, 5:34:07 pm — [INFO] — Rutuja Dabhade-->POST--->customers
12/7/2025, 5:34:21 pm — [INFO] — Rutuja Dabhade-->PUT--->customers
12/7/2025, 5:34:26 pm — [INFO] — Rutuja Dabhade-->GET--->products
12/7/2025, 5:34:26 pm — [INFO] — Rutuja Dabhade-->GET--->products
12/7/2025, 5:34:27 pm — [INFO] — Rutuja Dabhade-->GET--->customers
12/7/2025, 5:34:27 pm — [INFO] — Rutuja Dabhade-->GET--->customers
12/7/2025, 5:39:03 pm — [INFO] — Rutuja Dabhade-->GET--->entries
12/7/2025, 5:39:03 pm — [INFO] — Rutuja Dabhade-->GET--->entries
12/7/2025, 5:39:17 pm — [INFO] — Rutuja Dabhade-->GET--->roles
12/7/2025, 5:39:17 pm — [INFO] — Rutuja Dabhade-->GET--->roles
12/7/2025, 5:39:21 pm — [INFO] — Rutuja Dabhade-->GET--->roles
12/7/2025, 5:39:21 pm — [INFO] — Rutuja Dabhade-->GET--->roles
12/7/2025, 5:39:28 pm — [INFO] — Rutuja Dabhade-->GET--->entries
12/7/2025, 5:39:28 pm — [INFO] — Rutuja Dabhade-->GET--->entries
12/7/2025, 5:43:04 pm — [INFO] — Rutuja Dabhade-->GET--->customers
12/7/2025, 5:43:04 pm — [INFO] — Rutuja Dabhade-->GET--->customers
12/7/2025, 5:52:40 pm — [INFO] — Rutuja Dabhade-->GET--->customers
12/7/2025, 5:52:40 pm — [INFO] — Rutuja Dabhade-->GET--->customers
